2025-12-30:11:07:02	root	INFO	[Classes.py:484]	Init crawl on https://crawler-test.com/mobile/responsive
2025-12-30:11:07:02	root	INFO	[Functions.py:165]	Check edge: [get] ROOTREQ -(get None[False])-> [get] https://crawler-test.com/mobile/responsive
2025-12-30:11:07:02	root	INFO	[Functions.py:209]	Follow edge: [get] ROOTREQ -(get None[False])-> [get] https://crawler-test.com/mobile/responsive
2025-12-30:11:07:05	root	INFO	[Classes.py:1336]	Current url: https://crawler-test.com/mobile/responsive
2025-12-30:11:07:05	root	INFO	[Classes.py:1337]	Crawl (edge): [get] ROOTREQ -(get None[False])-> [get] https://crawler-test.com/mobile/responsive
2025-12-30:11:07:06	root	WARNING	[Classes.py:1405]	Could not execute javascript function in timeout {'function_id': 'f25a6ab2e64141130d1fa4ae9512c75f', 'function_name': 'qB', 'time': 0}
2025-12-30:11:07:06	root	ERROR	[Classes.py:562]	'WebDriver' object has no attribute 'find_elements_by_tag_name'
2025-12-30:11:07:06	root	ERROR	[Classes.py:564]	Top level error while crawling
2025-12-30:11:07:06	root	INFO	[Functions.py:165]	Check edge: [get] ROOTREQ -(get None[False])-> [get] https://crawler-test.com/mobile/
2025-12-30:11:07:06	root	INFO	[Functions.py:209]	Follow edge: [get] ROOTREQ -(get None[False])-> [get] https://crawler-test.com/mobile/
2025-12-30:11:07:07	root	INFO	[Classes.py:1336]	Current url: https://crawler-test.com/mobile/
2025-12-30:11:07:07	root	INFO	[Classes.py:1337]	Crawl (edge): [get] ROOTREQ -(get None[False])-> [get] https://crawler-test.com/mobile/
2025-12-30:11:07:07	root	ERROR	[Classes.py:562]	'WebDriver' object has no attribute 'find_elements_by_tag_name'
2025-12-30:11:07:07	root	ERROR	[Classes.py:564]	Top level error while crawling
2025-12-30:11:07:07	root	WARNING	[Classes.py:1289]	Falling back to GET
2025-12-30:11:07:07	root	WARNING	[Classes.py:1289]	Falling back to GET
2025-12-30:11:07:07	root	INFO	[Functions.py:165]	Check edge: [get] ROOTREQ -(get None[False])-> [get] https://crawler-test.com/mobile/responsive
2025-12-30:11:07:07	root	INFO	[Functions.py:209]	Follow edge: [get] ROOTREQ -(get None[False])-> [get] https://crawler-test.com/mobile/responsive
2025-12-30:11:07:07	root	INFO	[Classes.py:1336]	Current url: https://crawler-test.com/mobile/responsive
2025-12-30:11:07:07	root	INFO	[Classes.py:1337]	Crawl (edge): [get] ROOTREQ -(get None[False])-> [get] https://crawler-test.com/mobile/responsive
2025-12-30:11:07:08	root	WARNING	[Classes.py:1405]	Could not execute javascript function in timeout {'function_id': 'f25a6ab2e64141130d1fa4ae9512c75f', 'function_name': 'qB', 'time': 0}
2025-12-30:11:07:08	root	ERROR	[Classes.py:562]	'WebDriver' object has no attribute 'find_elements_by_tag_name'
2025-12-30:11:07:08	root	ERROR	[Classes.py:564]	Top level error while crawling
2025-12-30:11:07:08	root	INFO	[Functions.py:165]	Check edge: [get] ROOTREQ -(get None[True])-> [get] https://crawler-test.com/mobile/responsive
2025-12-30:11:07:08	root	INFO	[Functions.py:209]	Follow edge: [get] ROOTREQ -(get None[True])-> [get] https://crawler-test.com/mobile/responsive
2025-12-30:11:07:09	root	INFO	[Classes.py:889]	find_state method get
2025-12-30:11:07:09	root	INFO	[Functions.py:165]	Check edge: [get] ROOTREQ -(get None[False])-> [get] https://crawler-test.com/mobile/
2025-12-30:11:07:09	root	INFO	[Functions.py:209]	Follow edge: [get] ROOTREQ -(get None[False])-> [get] https://crawler-test.com/mobile/
2025-12-30:11:07:10	root	INFO	[Classes.py:889]	find_state method get
2025-12-30:11:07:10	root	INFO	[Classes.py:1168]	Starting quick scan to find stored XSS
2025-12-30:11:07:10	root	INFO	[Classes.py:1175]	-- Checking: https://crawler-test.com/mobile/responsive
2025-12-30:11:07:11	root	INFO	[Classes.py:1175]	-- Checking: https://crawler-test.com/mobile/
2025-12-30:11:07:11	root	INFO	[Classes.py:1181]	-- Total: set()
