2026-01-06:17:02:13	root	INFO	[Classes.py:484]	Init crawl on https://google.com
2026-01-06:17:02:13	root	INFO	[Functions.py:165]	Check edge: [get] ROOTREQ -(get None[False])-> [get] https://google.com
2026-01-06:17:02:13	root	INFO	[Functions.py:209]	Follow edge: [get] ROOTREQ -(get None[False])-> [get] https://google.com
2026-01-06:17:02:24	root	INFO	[Classes.py:1336]	Current url: https://www.google.com/
2026-01-06:17:02:24	root	INFO	[Classes.py:1337]	Crawl (edge): [get] ROOTREQ -(get None[False])-> [get] https://google.com
2026-01-06:17:02:25	root	ERROR	[Forms.py:56]	Unknown exception in inputs
2026-01-06:17:02:25	root	WARNING	[Forms.py:64]	No inputs founds during parse, falling back to JavaScript
2026-01-06:17:02:25	root	INFO	[Forms.py:74]	Found js form: Form(0, https://www.google.com/search, get)
2026-01-06:17:02:26	root	ERROR	[Classes.py:341]	Unknown button ('button', '', '')
2026-01-06:17:02:26	root	ERROR	[Classes.py:341]	Unknown button ('button', '', '')
2026-01-06:17:02:26	root	ERROR	[Classes.py:341]	Unknown button ('button', '', '')
2026-01-06:17:02:26	root	ERROR	[Classes.py:341]	Unknown button ('button', '', '')
2026-01-06:17:02:26	root	ERROR	[Classes.py:341]	Unknown button ('button', '', '')
2026-01-06:17:02:27	root	DEBUG	[Urls.py:123]	URLs from extract_urls {[get] https://www.google.com/setprefs?sig=0_KjirvMHXxowldPu2S1qHRCdfv6k%3D&hl=gu&source=homepage&sa=X&ved=0ahUKEwjyt4a36PaRAxVFU2wGHa_5DKQQ2ZgBCCQ, [get] https://www.google.com/history/optout?hl=en-IN&fg=1, [get] https://mail.google.com/mail/&ogbl, [get] https://www.google.com/setprefs?sig=0_KjirvMHXxowldPu2S1qHRCdfv6k%3D&hl=hi&source=homepage&sa=X&ved=0ahUKEwjyt4a36PaRAxVFU2wGHa_5DKQQ2ZgBCB8, [get] https://www.google.com/imghp?hl=en&ogbl, [get] https://support.google.com/websearch/?p=ws_results_help&hl=en-IN&fg=1, [get] https://www.google.com/setprefs?sig=0_KjirvMHXxowldPu2S1qHRCdfv6k%3D&hl=ml&source=homepage&sa=X&ved=0ahUKEwjyt4a36PaRAxVFU2wGHa_5DKQQ2ZgBCCY, [get] https://www.google.co.in/intl/en/about/products, [get] https://www.google.com/preferences?hl=en-IN&fg=1, [get] https://www.google.com/setprefs?sig=0_KjirvMHXxowldPu2S1qHRCdfv6k%3D&hl=bn&source=homepage&sa=X&ved=0ahUKEwjyt4a36PaRAxVFU2wGHa_5DKQQ2ZgBCCA, [get] https://store.google.com/IN?utm_source=hp_header&utm_medium=google_ooo&utm_campaign=GS100042&hl=en-IN, [get] https://www.google.com/setprefs?sig=0_KjirvMHXxowldPu2S1qHRCdfv6k%3D&hl=pa&source=homepage&sa=X&ved=0ahUKEwjyt4a36PaRAxVFU2wGHa_5DKQQ2ZgBCCc, [get] https://policies.google.com/privacy?hl=en-IN&fg=1, [get] https://policies.google.com/terms?hl=en-IN&fg=1, [get] https://google.com/search/howsearchworks/?fg=1, [get] https://www.google.com/setprefs?sig=0_KjirvMHXxowldPu2S1qHRCdfv6k%3D&hl=kn&source=homepage&sa=X&ved=0ahUKEwjyt4a36PaRAxVFU2wGHa_5DKQQ2ZgBCCU, [get] https://www.google.com/setprefs?sig=0_KjirvMHXxowldPu2S1qHRCdfv6k%3D&hl=mr&source=homepage&sa=X&ved=0ahUKEwjyt4a36PaRAxVFU2wGHa_5DKQQ2ZgBCCI, [get] https://about.google/?fg=1&utm_source=google-IN&utm_medium=referral&utm_campaign=hp-header, [get] https://www.google.com/advanced_search?hl=en-IN&fg=1, [get] https://www.google.com/services/?subid=ww-ww-et-g-awa-a-g_hpbfoot1_1!o2&utm_source=google.com&utm_medium=referral&utm_campaign=google_hpbfooter&fg=1, [get] https://www.google.com/history/privacyadvisor/search/unauth?utm_source=googlemenu&fg=1&cctld=com, [get] https://www.google.com/setprefs?sig=0_KjirvMHXxowldPu2S1qHRCdfv6k%3D&hl=te&source=homepage&sa=X&ved=0ahUKEwjyt4a36PaRAxVFU2wGHa_5DKQQ2ZgBCCE, [get] https://www.google.com/intl/en_in/ads/?subid=ww-ww-et-g-awa-a-g_hpafoot1_1!o2&utm_source=google.com&utm_medium=referral&utm_campaign=google_hpafooter&fg=1, [get] https://accounts.google.com/ServiceLogin?hl=en&passive=true&continue=https://www.google.com/&ec=futura_exp_og_so_72776762_e, [get] https://www.google.com/setprefs?sig=0_KjirvMHXxowldPu2S1qHRCdfv6k%3D&hl=ta&source=homepage&sa=X&ved=0ahUKEwjyt4a36PaRAxVFU2wGHa_5DKQQ2ZgBCCM}
2026-01-06:17:02:27	root	ERROR	[Forms.py:56]	Unknown exception in inputs
2026-01-06:17:02:27	root	WARNING	[Forms.py:64]	No inputs founds during parse, falling back to JavaScript
2026-01-06:17:02:27	root	INFO	[Forms.py:74]	Found js form: Form(0, https://www.google.com/search, get)
2026-01-06:17:02:27	root	ERROR	[Classes.py:341]	Unknown button ('button', '', '')
2026-01-06:17:02:27	root	ERROR	[Classes.py:341]	Unknown button ('button', '', '')
2026-01-06:17:02:27	root	ERROR	[Classes.py:341]	Unknown button ('button', '', '')
2026-01-06:17:02:27	root	ERROR	[Classes.py:341]	Unknown button ('button', '', '')
2026-01-06:17:02:27	root	ERROR	[Classes.py:341]	Unknown button ('button', '', '')
2026-01-06:17:02:27	root	INFO	[Functions.py:835]	set_form_values got 1
2026-01-06:17:02:27	root	INFO	[Functions.py:848]	set_form_values returned 2
2026-01-06:17:02:29	root	INFO	[Classes.py:1446]	Adding requests from URLs
2026-01-06:17:02:29	root	INFO	[Classes.py:1448]	from URLs [get] https://www.google.com/setprefs?sig=0_KjirvMHXxowldPu2S1qHRCdfv6k%3D&hl=gu&source=homepage&sa=X&ved=0ahUKEwjyt4a36PaRAxVFU2wGHa_5DKQQ2ZgBCCQ 
2026-01-06:17:02:29	root	DEBUG	[Functions.py:310]	Different origins https://google.com and https://www.google.com/setprefs?sig=0_KjirvMHXxowldPu2S1qHRCdfv6k%3D&hl=gu&source=homepage&sa=X&ved=0ahUKEwjyt4a36PaRAxVFU2wGHa_5DKQQ2ZgBCCQ
2026-01-06:17:02:29	root	INFO	[Classes.py:1454]	Not allowed to add edge: [get] https://google.com -(get None[False])-> [get] https://www.google.com/setprefs?sig=0_KjirvMHXxowldPu2S1qHRCdfv6k%3D&hl=gu&source=homepage&sa=X&ved=0ahUKEwjyt4a36PaRAxVFU2wGHa_5DKQQ2ZgBCCQ
2026-01-06:17:02:29	root	INFO	[Classes.py:1448]	from URLs [get] https://www.google.com/history/optout?hl=en-IN&fg=1 
2026-01-06:17:02:29	root	DEBUG	[Functions.py:310]	Different origins https://google.com and https://www.google.com/history/optout?hl=en-IN&fg=1
2026-01-06:17:02:29	root	INFO	[Classes.py:1454]	Not allowed to add edge: [get] https://google.com -(get None[False])-> [get] https://www.google.com/history/optout?hl=en-IN&fg=1
2026-01-06:17:02:29	root	INFO	[Classes.py:1448]	from URLs [get] https://mail.google.com/mail/&ogbl 
2026-01-06:17:02:29	root	DEBUG	[Functions.py:310]	Different origins https://google.com and https://mail.google.com/mail/&ogbl
2026-01-06:17:02:29	root	INFO	[Classes.py:1454]	Not allowed to add edge: [get] https://google.com -(get None[False])-> [get] https://mail.google.com/mail/&ogbl
2026-01-06:17:02:29	root	INFO	[Classes.py:1448]	from URLs [get] https://www.google.com/setprefs?sig=0_KjirvMHXxowldPu2S1qHRCdfv6k%3D&hl=hi&source=homepage&sa=X&ved=0ahUKEwjyt4a36PaRAxVFU2wGHa_5DKQQ2ZgBCB8 
2026-01-06:17:02:29	root	DEBUG	[Functions.py:310]	Different origins https://google.com and https://www.google.com/setprefs?sig=0_KjirvMHXxowldPu2S1qHRCdfv6k%3D&hl=hi&source=homepage&sa=X&ved=0ahUKEwjyt4a36PaRAxVFU2wGHa_5DKQQ2ZgBCB8
2026-01-06:17:02:29	root	INFO	[Classes.py:1454]	Not allowed to add edge: [get] https://google.com -(get None[False])-> [get] https://www.google.com/setprefs?sig=0_KjirvMHXxowldPu2S1qHRCdfv6k%3D&hl=hi&source=homepage&sa=X&ved=0ahUKEwjyt4a36PaRAxVFU2wGHa_5DKQQ2ZgBCB8
2026-01-06:17:02:29	root	INFO	[Classes.py:1448]	from URLs [get] https://www.google.com/imghp?hl=en&ogbl 
2026-01-06:17:02:29	root	DEBUG	[Functions.py:310]	Different origins https://google.com and https://www.google.com/imghp?hl=en&ogbl
2026-01-06:17:02:29	root	INFO	[Classes.py:1454]	Not allowed to add edge: [get] https://google.com -(get None[False])-> [get] https://www.google.com/imghp?hl=en&ogbl
2026-01-06:17:02:29	root	INFO	[Classes.py:1448]	from URLs [get] https://support.google.com/websearch/?p=ws_results_help&hl=en-IN&fg=1 
2026-01-06:17:02:29	root	DEBUG	[Functions.py:310]	Different origins https://google.com and https://support.google.com/websearch/?p=ws_results_help&hl=en-IN&fg=1
2026-01-06:17:02:29	root	INFO	[Classes.py:1454]	Not allowed to add edge: [get] https://google.com -(get None[False])-> [get] https://support.google.com/websearch/?p=ws_results_help&hl=en-IN&fg=1
2026-01-06:17:02:29	root	INFO	[Classes.py:1448]	from URLs [get] https://www.google.com/setprefs?sig=0_KjirvMHXxowldPu2S1qHRCdfv6k%3D&hl=ml&source=homepage&sa=X&ved=0ahUKEwjyt4a36PaRAxVFU2wGHa_5DKQQ2ZgBCCY 
2026-01-06:17:02:29	root	DEBUG	[Functions.py:310]	Different origins https://google.com and https://www.google.com/setprefs?sig=0_KjirvMHXxowldPu2S1qHRCdfv6k%3D&hl=ml&source=homepage&sa=X&ved=0ahUKEwjyt4a36PaRAxVFU2wGHa_5DKQQ2ZgBCCY
2026-01-06:17:02:29	root	INFO	[Classes.py:1454]	Not allowed to add edge: [get] https://google.com -(get None[False])-> [get] https://www.google.com/setprefs?sig=0_KjirvMHXxowldPu2S1qHRCdfv6k%3D&hl=ml&source=homepage&sa=X&ved=0ahUKEwjyt4a36PaRAxVFU2wGHa_5DKQQ2ZgBCCY
2026-01-06:17:02:29	root	INFO	[Classes.py:1448]	from URLs [get] https://www.google.co.in/intl/en/about/products 
2026-01-06:17:02:29	root	DEBUG	[Functions.py:310]	Different origins https://google.com and https://www.google.co.in/intl/en/about/products
2026-01-06:17:02:29	root	INFO	[Classes.py:1454]	Not allowed to add edge: [get] https://google.com -(get None[False])-> [get] https://www.google.co.in/intl/en/about/products
2026-01-06:17:02:29	root	INFO	[Classes.py:1448]	from URLs [get] https://www.google.com/preferences?hl=en-IN&fg=1 
2026-01-06:17:02:29	root	DEBUG	[Functions.py:310]	Different origins https://google.com and https://www.google.com/preferences?hl=en-IN&fg=1
2026-01-06:17:02:29	root	INFO	[Classes.py:1454]	Not allowed to add edge: [get] https://google.com -(get None[False])-> [get] https://www.google.com/preferences?hl=en-IN&fg=1
2026-01-06:17:02:29	root	INFO	[Classes.py:1448]	from URLs [get] https://www.google.com/setprefs?sig=0_KjirvMHXxowldPu2S1qHRCdfv6k%3D&hl=bn&source=homepage&sa=X&ved=0ahUKEwjyt4a36PaRAxVFU2wGHa_5DKQQ2ZgBCCA 
2026-01-06:17:02:29	root	DEBUG	[Functions.py:310]	Different origins https://google.com and https://www.google.com/setprefs?sig=0_KjirvMHXxowldPu2S1qHRCdfv6k%3D&hl=bn&source=homepage&sa=X&ved=0ahUKEwjyt4a36PaRAxVFU2wGHa_5DKQQ2ZgBCCA
2026-01-06:17:02:29	root	INFO	[Classes.py:1454]	Not allowed to add edge: [get] https://google.com -(get None[False])-> [get] https://www.google.com/setprefs?sig=0_KjirvMHXxowldPu2S1qHRCdfv6k%3D&hl=bn&source=homepage&sa=X&ved=0ahUKEwjyt4a36PaRAxVFU2wGHa_5DKQQ2ZgBCCA
2026-01-06:17:02:29	root	INFO	[Classes.py:1448]	from URLs [get] https://store.google.com/IN?utm_source=hp_header&utm_medium=google_ooo&utm_campaign=GS100042&hl=en-IN 
2026-01-06:17:02:29	root	DEBUG	[Functions.py:310]	Different origins https://google.com and https://store.google.com/IN?utm_source=hp_header&utm_medium=google_ooo&utm_campaign=GS100042&hl=en-IN
2026-01-06:17:02:29	root	INFO	[Classes.py:1454]	Not allowed to add edge: [get] https://google.com -(get None[False])-> [get] https://store.google.com/IN?utm_source=hp_header&utm_medium=google_ooo&utm_campaign=GS100042&hl=en-IN
2026-01-06:17:02:29	root	INFO	[Classes.py:1448]	from URLs [get] https://www.google.com/setprefs?sig=0_KjirvMHXxowldPu2S1qHRCdfv6k%3D&hl=pa&source=homepage&sa=X&ved=0ahUKEwjyt4a36PaRAxVFU2wGHa_5DKQQ2ZgBCCc 
2026-01-06:17:02:29	root	DEBUG	[Functions.py:310]	Different origins https://google.com and https://www.google.com/setprefs?sig=0_KjirvMHXxowldPu2S1qHRCdfv6k%3D&hl=pa&source=homepage&sa=X&ved=0ahUKEwjyt4a36PaRAxVFU2wGHa_5DKQQ2ZgBCCc
2026-01-06:17:02:29	root	INFO	[Classes.py:1454]	Not allowed to add edge: [get] https://google.com -(get None[False])-> [get] https://www.google.com/setprefs?sig=0_KjirvMHXxowldPu2S1qHRCdfv6k%3D&hl=pa&source=homepage&sa=X&ved=0ahUKEwjyt4a36PaRAxVFU2wGHa_5DKQQ2ZgBCCc
2026-01-06:17:02:29	root	INFO	[Classes.py:1448]	from URLs [get] https://policies.google.com/privacy?hl=en-IN&fg=1 
2026-01-06:17:02:29	root	DEBUG	[Functions.py:310]	Different origins https://google.com and https://policies.google.com/privacy?hl=en-IN&fg=1
2026-01-06:17:02:29	root	INFO	[Classes.py:1454]	Not allowed to add edge: [get] https://google.com -(get None[False])-> [get] https://policies.google.com/privacy?hl=en-IN&fg=1
2026-01-06:17:02:29	root	INFO	[Classes.py:1448]	from URLs [get] https://policies.google.com/terms?hl=en-IN&fg=1 
2026-01-06:17:02:29	root	DEBUG	[Functions.py:310]	Different origins https://google.com and https://policies.google.com/terms?hl=en-IN&fg=1
2026-01-06:17:02:29	root	INFO	[Classes.py:1454]	Not allowed to add edge: [get] https://google.com -(get None[False])-> [get] https://policies.google.com/terms?hl=en-IN&fg=1
2026-01-06:17:02:29	root	INFO	[Classes.py:1448]	from URLs [get] https://google.com/search/howsearchworks/?fg=1 
2026-01-06:17:02:29	root	INFO	[Classes.py:1448]	from URLs [get] https://www.google.com/setprefs?sig=0_KjirvMHXxowldPu2S1qHRCdfv6k%3D&hl=kn&source=homepage&sa=X&ved=0ahUKEwjyt4a36PaRAxVFU2wGHa_5DKQQ2ZgBCCU 
2026-01-06:17:02:29	root	DEBUG	[Functions.py:310]	Different origins https://google.com and https://www.google.com/setprefs?sig=0_KjirvMHXxowldPu2S1qHRCdfv6k%3D&hl=kn&source=homepage&sa=X&ved=0ahUKEwjyt4a36PaRAxVFU2wGHa_5DKQQ2ZgBCCU
2026-01-06:17:02:29	root	INFO	[Classes.py:1454]	Not allowed to add edge: [get] https://google.com -(get None[False])-> [get] https://www.google.com/setprefs?sig=0_KjirvMHXxowldPu2S1qHRCdfv6k%3D&hl=kn&source=homepage&sa=X&ved=0ahUKEwjyt4a36PaRAxVFU2wGHa_5DKQQ2ZgBCCU
2026-01-06:17:02:29	root	INFO	[Classes.py:1448]	from URLs [get] https://www.google.com/setprefs?sig=0_KjirvMHXxowldPu2S1qHRCdfv6k%3D&hl=mr&source=homepage&sa=X&ved=0ahUKEwjyt4a36PaRAxVFU2wGHa_5DKQQ2ZgBCCI 
2026-01-06:17:02:29	root	DEBUG	[Functions.py:310]	Different origins https://google.com and https://www.google.com/setprefs?sig=0_KjirvMHXxowldPu2S1qHRCdfv6k%3D&hl=mr&source=homepage&sa=X&ved=0ahUKEwjyt4a36PaRAxVFU2wGHa_5DKQQ2ZgBCCI
2026-01-06:17:02:29	root	INFO	[Classes.py:1454]	Not allowed to add edge: [get] https://google.com -(get None[False])-> [get] https://www.google.com/setprefs?sig=0_KjirvMHXxowldPu2S1qHRCdfv6k%3D&hl=mr&source=homepage&sa=X&ved=0ahUKEwjyt4a36PaRAxVFU2wGHa_5DKQQ2ZgBCCI
2026-01-06:17:02:29	root	INFO	[Classes.py:1448]	from URLs [get] https://about.google/?fg=1&utm_source=google-IN&utm_medium=referral&utm_campaign=hp-header 
2026-01-06:17:02:29	root	DEBUG	[Functions.py:310]	Different origins https://google.com and https://about.google/?fg=1&utm_source=google-IN&utm_medium=referral&utm_campaign=hp-header
2026-01-06:17:02:29	root	INFO	[Classes.py:1454]	Not allowed to add edge: [get] https://google.com -(get None[False])-> [get] https://about.google/?fg=1&utm_source=google-IN&utm_medium=referral&utm_campaign=hp-header
2026-01-06:17:02:29	root	INFO	[Classes.py:1448]	from URLs [get] https://www.google.com/advanced_search?hl=en-IN&fg=1 
2026-01-06:17:02:29	root	DEBUG	[Functions.py:310]	Different origins https://google.com and https://www.google.com/advanced_search?hl=en-IN&fg=1
2026-01-06:17:02:29	root	INFO	[Classes.py:1454]	Not allowed to add edge: [get] https://google.com -(get None[False])-> [get] https://www.google.com/advanced_search?hl=en-IN&fg=1
2026-01-06:17:02:29	root	INFO	[Classes.py:1448]	from URLs [get] https://www.google.com/services/?subid=ww-ww-et-g-awa-a-g_hpbfoot1_1!o2&utm_source=google.com&utm_medium=referral&utm_campaign=google_hpbfooter&fg=1 
2026-01-06:17:02:29	root	DEBUG	[Functions.py:310]	Different origins https://google.com and https://www.google.com/services/?subid=ww-ww-et-g-awa-a-g_hpbfoot1_1!o2&utm_source=google.com&utm_medium=referral&utm_campaign=google_hpbfooter&fg=1
2026-01-06:17:02:29	root	INFO	[Classes.py:1454]	Not allowed to add edge: [get] https://google.com -(get None[False])-> [get] https://www.google.com/services/?subid=ww-ww-et-g-awa-a-g_hpbfoot1_1!o2&utm_source=google.com&utm_medium=referral&utm_campaign=google_hpbfooter&fg=1
2026-01-06:17:02:29	root	INFO	[Classes.py:1448]	from URLs [get] https://www.google.com/history/privacyadvisor/search/unauth?utm_source=googlemenu&fg=1&cctld=com 
2026-01-06:17:02:29	root	DEBUG	[Functions.py:310]	Different origins https://google.com and https://www.google.com/history/privacyadvisor/search/unauth?utm_source=googlemenu&fg=1&cctld=com
2026-01-06:17:02:29	root	INFO	[Classes.py:1454]	Not allowed to add edge: [get] https://google.com -(get None[False])-> [get] https://www.google.com/history/privacyadvisor/search/unauth?utm_source=googlemenu&fg=1&cctld=com
2026-01-06:17:02:29	root	INFO	[Classes.py:1448]	from URLs [get] https://www.google.com/setprefs?sig=0_KjirvMHXxowldPu2S1qHRCdfv6k%3D&hl=te&source=homepage&sa=X&ved=0ahUKEwjyt4a36PaRAxVFU2wGHa_5DKQQ2ZgBCCE 
2026-01-06:17:02:29	root	DEBUG	[Functions.py:310]	Different origins https://google.com and https://www.google.com/setprefs?sig=0_KjirvMHXxowldPu2S1qHRCdfv6k%3D&hl=te&source=homepage&sa=X&ved=0ahUKEwjyt4a36PaRAxVFU2wGHa_5DKQQ2ZgBCCE
2026-01-06:17:02:29	root	INFO	[Classes.py:1454]	Not allowed to add edge: [get] https://google.com -(get None[False])-> [get] https://www.google.com/setprefs?sig=0_KjirvMHXxowldPu2S1qHRCdfv6k%3D&hl=te&source=homepage&sa=X&ved=0ahUKEwjyt4a36PaRAxVFU2wGHa_5DKQQ2ZgBCCE
2026-01-06:17:02:29	root	INFO	[Classes.py:1448]	from URLs [get] https://www.google.com/intl/en_in/ads/?subid=ww-ww-et-g-awa-a-g_hpafoot1_1!o2&utm_source=google.com&utm_medium=referral&utm_campaign=google_hpafooter&fg=1 
2026-01-06:17:02:29	root	DEBUG	[Functions.py:310]	Different origins https://google.com and https://www.google.com/intl/en_in/ads/?subid=ww-ww-et-g-awa-a-g_hpafoot1_1!o2&utm_source=google.com&utm_medium=referral&utm_campaign=google_hpafooter&fg=1
2026-01-06:17:02:29	root	INFO	[Classes.py:1454]	Not allowed to add edge: [get] https://google.com -(get None[False])-> [get] https://www.google.com/intl/en_in/ads/?subid=ww-ww-et-g-awa-a-g_hpafoot1_1!o2&utm_source=google.com&utm_medium=referral&utm_campaign=google_hpafooter&fg=1
2026-01-06:17:02:29	root	INFO	[Classes.py:1448]	from URLs [get] https://accounts.google.com/ServiceLogin?hl=en&passive=true&continue=https://www.google.com/&ec=futura_exp_og_so_72776762_e 
2026-01-06:17:02:29	root	DEBUG	[Functions.py:310]	Different origins https://google.com and https://accounts.google.com/ServiceLogin?hl=en&passive=true&continue=https://www.google.com/&ec=futura_exp_og_so_72776762_e
2026-01-06:17:02:29	root	INFO	[Classes.py:1454]	Not allowed to add edge: [get] https://google.com -(get None[False])-> [get] https://accounts.google.com/ServiceLogin?hl=en&passive=true&continue=https://www.google.com/&ec=futura_exp_og_so_72776762_e
2026-01-06:17:02:29	root	INFO	[Classes.py:1448]	from URLs [get] https://www.google.com/setprefs?sig=0_KjirvMHXxowldPu2S1qHRCdfv6k%3D&hl=ta&source=homepage&sa=X&ved=0ahUKEwjyt4a36PaRAxVFU2wGHa_5DKQQ2ZgBCCM 
2026-01-06:17:02:29	root	DEBUG	[Functions.py:310]	Different origins https://google.com and https://www.google.com/setprefs?sig=0_KjirvMHXxowldPu2S1qHRCdfv6k%3D&hl=ta&source=homepage&sa=X&ved=0ahUKEwjyt4a36PaRAxVFU2wGHa_5DKQQ2ZgBCCM
2026-01-06:17:02:29	root	INFO	[Classes.py:1454]	Not allowed to add edge: [get] https://google.com -(get None[False])-> [get] https://www.google.com/setprefs?sig=0_KjirvMHXxowldPu2S1qHRCdfv6k%3D&hl=ta&source=homepage&sa=X&ved=0ahUKEwjyt4a36PaRAxVFU2wGHa_5DKQQ2ZgBCCM
2026-01-06:17:02:29	root	INFO	[Classes.py:1456]	Adding requests from froms
2026-01-06:17:02:29	root	INFO	[Classes.py:1459]	from forms [get] https://www.google.com/search 
2026-01-06:17:02:29	root	DEBUG	[Functions.py:310]	Different origins https://google.com and https://www.google.com/search
2026-01-06:17:02:29	root	INFO	[Classes.py:1465]	Not allowed to add edge: [get] https://google.com -(form Form(10, https://www.google.com/search, get)[False])-> [get] https://www.google.com/search
2026-01-06:17:02:29	root	INFO	[Classes.py:1459]	from forms [get] https://www.google.com/search 
2026-01-06:17:02:29	root	DEBUG	[Functions.py:310]	Different origins https://google.com and https://www.google.com/search
2026-01-06:17:02:29	root	INFO	[Classes.py:1465]	Not allowed to add edge: [get] https://google.com -(form Form(10, https://www.google.com/search, get)[False])-> [get] https://www.google.com/search
2026-01-06:17:02:29	root	INFO	[Classes.py:1467]	Adding requests from events
2026-01-06:17:02:29	root	INFO	[Classes.py:1470]	from events [event] https://google.com 
2026-01-06:17:02:29	root	INFO	[Classes.py:1477]	Not allowed to add edge: [get] https://google.com -(event Event(onerror, /html/body/script[8])[False])-> [event] https://google.com
2026-01-06:17:02:29	root	INFO	[Classes.py:1470]	from events [event] https://google.com 
2026-01-06:17:02:29	root	INFO	[Classes.py:1470]	from events [event] https://google.com 
2026-01-06:17:02:29	root	INFO	[Classes.py:128]	failed to add node [event] https://google.com, already added
2026-01-06:17:02:29	root	INFO	[Classes.py:1470]	from events [event] https://google.com 
2026-01-06:17:02:29	root	INFO	[Classes.py:128]	failed to add node [event] https://google.com, already added
2026-01-06:17:02:29	root	INFO	[Classes.py:1470]	from events [event] https://google.com 
2026-01-06:17:02:29	root	INFO	[Classes.py:128]	failed to add node [event] https://google.com, already added
2026-01-06:17:02:29	root	INFO	[Classes.py:1470]	from events [event] https://google.com 
2026-01-06:17:02:29	root	INFO	[Classes.py:1477]	Not allowed to add edge: [get] https://google.com -(event Event(onerror, /html/body/script[7])[False])-> [event] https://google.com
2026-01-06:17:02:29	root	INFO	[Classes.py:1470]	from events [event] https://google.com 
2026-01-06:17:02:29	root	INFO	[Classes.py:1477]	Not allowed to add edge: [get] https://google.com -(event Event(onerror, /html/body/script[2])[False])-> [event] https://google.com
2026-01-06:17:02:29	root	INFO	[Classes.py:1470]	from events [event] https://google.com 
2026-01-06:17:02:29	root	INFO	[Classes.py:128]	failed to add node [event] https://google.com, already added
2026-01-06:17:02:29	root	INFO	[Classes.py:1470]	from events [event] https://google.com 
2026-01-06:17:02:29	root	INFO	[Classes.py:128]	failed to add node [event] https://google.com, already added
2026-01-06:17:02:29	root	INFO	[Classes.py:1470]	from events [event] https://google.com 
2026-01-06:17:02:29	root	INFO	[Classes.py:128]	failed to add node [event] https://google.com, already added
2026-01-06:17:02:29	root	INFO	[Classes.py:1470]	from events [event] https://google.com 
2026-01-06:17:02:29	root	INFO	[Classes.py:128]	failed to add node [event] https://google.com, already added
2026-01-06:17:02:29	root	INFO	[Classes.py:1470]	from events [event] https://google.com 
2026-01-06:17:02:29	root	INFO	[Classes.py:128]	failed to add node [event] https://google.com, already added
2026-01-06:17:02:29	root	INFO	[Classes.py:1470]	from events [event] https://google.com 
2026-01-06:17:02:29	root	INFO	[Classes.py:128]	failed to add node [event] https://google.com, already added
2026-01-06:17:02:29	root	INFO	[Classes.py:1470]	from events [event] https://google.com 
2026-01-06:17:02:29	root	INFO	[Classes.py:1477]	Not allowed to add edge: [get] https://google.com -(event Event(onerror, /html/body/script[5])[False])-> [event] https://google.com
2026-01-06:17:02:29	root	INFO	[Classes.py:1470]	from events [event] https://google.com 
2026-01-06:17:02:29	root	INFO	[Classes.py:128]	failed to add node [event] https://google.com, already added
2026-01-06:17:02:29	root	INFO	[Classes.py:1470]	from events [event] https://google.com 
2026-01-06:17:02:29	root	INFO	[Classes.py:128]	failed to add node [event] https://google.com, already added
2026-01-06:17:02:29	root	INFO	[Classes.py:1470]	from events [event] https://google.com 
2026-01-06:17:02:29	root	INFO	[Classes.py:128]	failed to add node [event] https://google.com, already added
2026-01-06:17:02:29	root	INFO	[Classes.py:1470]	from events [event] https://google.com 
2026-01-06:17:02:29	root	INFO	[Classes.py:128]	failed to add node [event] https://google.com, already added
2026-01-06:17:02:29	root	INFO	[Classes.py:1470]	from events [event] https://google.com 
2026-01-06:17:02:29	root	INFO	[Classes.py:128]	failed to add node [event] https://google.com, already added
2026-01-06:17:02:29	root	INFO	[Classes.py:1470]	from events [event] https://google.com 
2026-01-06:17:02:29	root	INFO	[Classes.py:128]	failed to add node [event] https://google.com, already added
2026-01-06:17:02:29	root	INFO	[Classes.py:1470]	from events [event] https://google.com 
2026-01-06:17:02:29	root	INFO	[Classes.py:1477]	Not allowed to add edge: [get] https://google.com -(event Event(onerror, /html/head/link[2])[False])-> [event] https://google.com
2026-01-06:17:02:29	root	INFO	[Classes.py:1470]	from events [event] https://google.com 
2026-01-06:17:02:29	root	INFO	[Classes.py:1477]	Not allowed to add edge: [get] https://google.com -(event Event(onerror, /html/body/script[3])[False])-> [event] https://google.com
2026-01-06:17:02:29	root	INFO	[Classes.py:1470]	from events [event] https://google.com 
2026-01-06:17:02:29	root	INFO	[Classes.py:128]	failed to add node [event] https://google.com, already added
2026-01-06:17:02:29	root	INFO	[Classes.py:1470]	from events [event] https://google.com 
2026-01-06:17:02:29	root	INFO	[Classes.py:128]	failed to add node [event] https://google.com, already added
2026-01-06:17:02:29	root	INFO	[Classes.py:1470]	from events [event] https://google.com 
2026-01-06:17:02:29	root	INFO	[Classes.py:1477]	Not allowed to add edge: [get] https://google.com -(event Event(onerror, /html/body)[False])-> [event] https://google.com
2026-01-06:17:02:29	root	INFO	[Classes.py:1470]	from events [event] https://google.com 
2026-01-06:17:02:29	root	INFO	[Classes.py:128]	failed to add node [event] https://google.com, already added
2026-01-06:17:02:29	root	INFO	[Classes.py:1470]	from events [event] https://google.com 
2026-01-06:17:02:29	root	INFO	[Classes.py:1477]	Not allowed to add edge: [get] https://google.com -(event Event(onerror, /html/body/script[6])[False])-> [event] https://google.com
2026-01-06:17:02:29	root	INFO	[Classes.py:1470]	from events [event] https://google.com 
2026-01-06:17:02:29	root	INFO	[Classes.py:128]	failed to add node [event] https://google.com, already added
2026-01-06:17:02:29	root	INFO	[Classes.py:1470]	from events [event] https://google.com 
2026-01-06:17:02:29	root	INFO	[Classes.py:1477]	Not allowed to add edge: [get] https://google.com -(event Event(onerror, /html/body/script[4])[False])-> [event] https://google.com
2026-01-06:17:02:29	root	INFO	[Classes.py:1470]	from events [event] https://google.com 
2026-01-06:17:02:29	root	INFO	[Classes.py:128]	failed to add node [event] https://google.com, already added
2026-01-06:17:02:29	root	INFO	[Classes.py:1479]	Adding requests from iframes
2026-01-06:17:02:29	root	INFO	[Classes.py:1491]	Adding requests from ui_forms
2026-01-06:17:02:29	root	ERROR	[Classes.py:562]	'WebDriver' object has no attribute 'switch_to_alert'
2026-01-06:17:02:29	root	ERROR	[Classes.py:564]	Top level error while crawling
2026-01-06:17:02:29	root	INFO	[Functions.py:165]	Check edge: [get] https://google.com -(get None[False])-> [get] https://google.com/search/howsearchworks/?fg=1
2026-01-06:17:02:29	root	INFO	[Functions.py:209]	Follow edge: [get] https://google.com -(get None[False])-> [get] https://google.com/search/howsearchworks/?fg=1
2026-01-06:17:02:35	root	INFO	[Classes.py:1336]	Current url: https://www.google.com/search/howsearchworks/?fg=1
2026-01-06:17:02:35	root	INFO	[Classes.py:1337]	Crawl (edge): [get] https://google.com -(get None[False])-> [get] https://google.com/search/howsearchworks/?fg=1
2026-01-06:17:02:35	root	WARNING	[Classes.py:1405]	Could not execute javascript function in timeout {'function_id': '664bf1381332339527e743b02104f0e0', 'function_name': 'bound m', 'time': 65000}
2026-01-06:17:02:35	root	WARNING	[Classes.py:1405]	Could not execute javascript function in timeout {'function_id': '664bf1381332339527e743b02104f0e0', 'function_name': 'bound m', 'time': 65000}
2026-01-06:17:02:35	root	WARNING	[Classes.py:1405]	Could not execute javascript function in timeout {'function_id': '664bf1381332339527e743b02104f0e0', 'function_name': 'bound m', 'time': 65000}
2026-01-06:17:02:35	root	WARNING	[Classes.py:1405]	Could not execute javascript function in timeout {'function_id': '664bf1381332339527e743b02104f0e0', 'function_name': 'bound m', 'time': 65000}
2026-01-06:17:02:35	root	WARNING	[Classes.py:1405]	Could not execute javascript function in timeout {'function_id': '664bf1381332339527e743b02104f0e0', 'function_name': 'bound m', 'time': 65000}
2026-01-06:17:02:35	root	WARNING	[Classes.py:1405]	Could not execute javascript function in timeout {'function_id': '664bf1381332339527e743b02104f0e0', 'function_name': 'bound m', 'time': 65000}
2026-01-06:17:02:35	root	WARNING	[Classes.py:1405]	Could not execute javascript function in timeout {'function_id': '664bf1381332339527e743b02104f0e0', 'function_name': 'bound m', 'time': 65000}
2026-01-06:17:02:35	root	WARNING	[Classes.py:1405]	Could not execute javascript function in timeout {'function_id': '664bf1381332339527e743b02104f0e0', 'function_name': 'bound m', 'time': 65000}
2026-01-06:17:02:35	root	WARNING	[Classes.py:1405]	Could not execute javascript function in timeout {'function_id': '664bf1381332339527e743b02104f0e0', 'function_name': 'bound m', 'time': 65000}
2026-01-06:17:02:35	root	WARNING	[Classes.py:1405]	Could not execute javascript function in timeout {'function_id': '664bf1381332339527e743b02104f0e0', 'function_name': 'bound m', 'time': 65000}
2026-01-06:17:02:35	root	WARNING	[Classes.py:1405]	Could not execute javascript function in timeout {'function_id': '664bf1381332339527e743b02104f0e0', 'function_name': 'bound m', 'time': 65000}
2026-01-06:17:02:35	root	WARNING	[Classes.py:1405]	Could not execute javascript function in timeout {'function_id': '664bf1381332339527e743b02104f0e0', 'function_name': 'bound m', 'time': 65000}
2026-01-06:17:02:35	root	WARNING	[Classes.py:1405]	Could not execute javascript function in timeout {'function_id': '664bf1381332339527e743b02104f0e0', 'function_name': 'bound m', 'time': 65000}
2026-01-06:17:02:35	root	WARNING	[Classes.py:1405]	Could not execute javascript function in timeout {'function_id': '664bf1381332339527e743b02104f0e0', 'function_name': 'bound m', 'time': 65000}
2026-01-06:17:02:35	root	WARNING	[Classes.py:1405]	Could not execute javascript function in timeout {'function_id': '664bf1381332339527e743b02104f0e0', 'function_name': 'bound m', 'time': 65000}
2026-01-06:17:02:35	root	WARNING	[Classes.py:1405]	Could not execute javascript function in timeout {'function_id': '664bf1381332339527e743b02104f0e0', 'function_name': 'bound m', 'time': 65000}
2026-01-06:17:02:35	root	WARNING	[Classes.py:1405]	Could not execute javascript function in timeout {'function_id': '664bf1381332339527e743b02104f0e0', 'function_name': 'bound m', 'time': 65000}
2026-01-06:17:02:35	root	WARNING	[Classes.py:1405]	Could not execute javascript function in timeout {'function_id': '664bf1381332339527e743b02104f0e0', 'function_name': 'bound m', 'time': 65000}
2026-01-06:17:02:35	root	WARNING	[Classes.py:1405]	Could not execute javascript function in timeout {'function_id': '664bf1381332339527e743b02104f0e0', 'function_name': 'bound m', 'time': 65000}
2026-01-06:17:02:35	root	WARNING	[Classes.py:1405]	Could not execute javascript function in timeout {'function_id': '664bf1381332339527e743b02104f0e0', 'function_name': 'bound m', 'time': 65000}
2026-01-06:17:02:35	root	WARNING	[Classes.py:1405]	Could not execute javascript function in timeout {'function_id': '664bf1381332339527e743b02104f0e0', 'function_name': 'bound m', 'time': 65000}
2026-01-06:17:02:36	root	DEBUG	[Urls.py:123]	URLs from extract_urls {[get] https://www.google.com/intl/en_us/search/howsearchworks/information-quality, [get] https://www.google.com/intl/en_in/search/howsearchworks/features, [get] https://www.google.com/intl/en_in/search/howsearchworks/family-safety, [get] https://www.google.com/intl/en_in/search/howsearchworks/our-approach#presentInfo, [get] https://one.google.com/terms-of-service?hl=en&g1_landing_page=0, [get] https://www.google.com/intl/en_in/search/howsearchworks, [get] https://myaccount.google.com/yourdata/search?pli=1, [get] https://www.google.com/intl/en_in/search/howsearchworks/how-search-works/detecting-spam, [get] https://safety.google/, [get] https://www.google.com/intl/en_in/search/howsearchworks/our-approach/maximize-access, [get] https://policies.google.com/privacy?hl=en, [get] https://www.gstatic.com/gumdrop/files/hsw-overview-v6.pdf, [get] https://blog.google/products/news/fact-checking-misinformation-google-features/, [get] https://www.google.com/intl/en_in/search/howsearchworks/our-approach/helping-creators, [get] https://economicimpact.google/, [get] https://www.google.com/intl/en_in/search/howsearchworks/our-history/, [get] https://www.gstatic.com/gumdrop/files/hsw-personalization-v5.pdf, [get] https://publicpolicy.google/, [get] https://blog.google/products/search/google-search-update-march-2024/, [get] https://blog.google/products/search/overview-our-rater-guidelines-search/, [get] https://sustainability.google/, [get] https://about.google/, [get] https://www.google.com/intl/en_in/search/howsearchworks/our-approach#relevantInfo, [get] https://www.google.com/intl/en_in/search/howsearchworks/our-approach, [get] https://ai.google/, [get] https://www.google.com/intl/en_in/search/howsearchworks/our-approach#protectPrivacy, [get] https://www.google.com/, [get] https://support.google.com/websearch?hl=en#topic=3378866, [get] https://www.google.com/intl/en_in/search/howsearchworks/how-search-works/rigorous-testing, [get] https://about.google/products/, [get] https://www.google.com/search/howsearchworks/?fg=1#page-content, [get] https://www.google.com/intl/en_us/search/howsearchworks/how-news-works, [get] https://blog.google/products/search/generative-ai-google-search-may-2024/, [get] https://www.google.com/intl/en_in/search/howsearchworks/our-approach/ads-on-search, [get] https://www.google.com/intl/en_in/search/howsearchworks/how-search-works/organizing-information, [get] https://www.google.com/intl/en_in/search/howsearchworks/how-search-works/ranking-results, [get] https://blog.google/, [get] https://transparency.google/, [get] https://www.google.com/intl/en_in/search/howsearchworks/how-search-works}
2026-01-06:17:02:36	root	INFO	[Functions.py:835]	set_form_values got 0
2026-01-06:17:02:36	root	INFO	[Functions.py:848]	set_form_values returned 0
2026-01-06:17:02:36	root	ERROR	[Classes.py:562]	Message: javascript error: Assignment to constant variable.
  (Session info: chrome=143.0.7499.170)
Stacktrace:
Symbols not available. Dumping unresolved backtrace:
	0x7ff734c088e5
	0x7ff734c08940
	0x7ff7349e165d
	0x7ff7349e92cc
	0x7ff7349ec74e
	0x7ff734a8c05f
	0x7ff734a61fda
	0x7ff734a8ac97
	0x7ff734a2ac29
	0x7ff734a2ba93
	0x7ff734f20640
	0x7ff734f1af80
	0x7ff734f396e6
	0x7ff734c25de4
	0x7ff734c2ed8c
	0x7ff734c12004
	0x7ff734c121b5
	0x7ff734bf7ee2
	0x7ffc1e2be8d7
	0x7ffc1ec6c53c

2026-01-06:17:02:36	root	ERROR	[Classes.py:564]	Top level error while crawling
2026-01-06:17:02:36	root	WARNING	[Classes.py:1289]	Falling back to GET
2026-01-06:17:02:36	root	INFO	[Functions.py:165]	Check edge: [get] https://google.com -(event Event(click, /html/body/div[2]/div[4]/form/div/div/div/div/div[2]/button/div/div)[False])-> [event] https://google.com
2026-01-06:17:02:36	root	INFO	[Functions.py:209]	Follow edge: [get] https://google.com -(event Event(click, /html/body/div[2]/div[4]/form/div/div/div/div/div[2]/button/div/div)[False])-> [event] https://google.com
2026-01-06:17:02:36	root	INFO	[Functions.py:221]	Event, do find_state
2026-01-06:17:02:36	root	INFO	[Functions.py:92]	find_state method get
2026-01-06:17:02:36	root	INFO	[Functions.py:92]	find_state method event
2026-01-06:17:02:36	root	INFO	[Functions.py:319]	We need to trigger [click] on /html/body/div[2]/div[4]/form/div/div/div/div/div[2]/button/div/div
2026-01-06:17:02:36	root	ERROR	[Classes.py:562]	'WebDriver' object has no attribute 'switch_to_alert'
2026-01-06:17:02:36	root	ERROR	[Classes.py:564]	Top level error while crawling
2026-01-06:17:02:36	root	WARNING	[Classes.py:1289]	Falling back to GET
2026-01-06:17:02:36	root	INFO	[Functions.py:165]	Check edge: [get] https://google.com -(event Event(click, /html/body/div[2]/div[4]/form/div/div/div/div/div[2]/button/div/div)[False])-> [event] https://google.com
2026-01-06:17:02:36	root	INFO	[Functions.py:209]	Follow edge: [get] https://google.com -(event Event(click, /html/body/div[2]/div[4]/form/div/div/div/div/div[2]/button/div/div)[False])-> [event] https://google.com
2026-01-06:17:02:36	root	INFO	[Functions.py:221]	Event, do find_state
2026-01-06:17:02:36	root	INFO	[Functions.py:92]	find_state method get
2026-01-06:17:02:38	root	INFO	[Functions.py:92]	find_state method event
2026-01-06:17:02:38	root	INFO	[Functions.py:319]	We need to trigger [click] on /html/body/div[2]/div[4]/form/div/div/div/div/div[2]/button/div/div
2026-01-06:17:02:38	root	ERROR	[Classes.py:562]	'WebDriver' object has no attribute 'switch_to_alert'
2026-01-06:17:02:38	root	ERROR	[Classes.py:564]	Top level error while crawling
2026-01-06:17:02:38	root	WARNING	[Classes.py:1289]	Falling back to GET
2026-01-06:17:02:38	root	INFO	[Functions.py:165]	Check edge: [get] https://google.com -(event Event(click, /html/body/div[2]/div[4]/form/div/div/div/div/div[2]/button/div/div)[False])-> [event] https://google.com
2026-01-06:17:02:38	root	INFO	[Functions.py:209]	Follow edge: [get] https://google.com -(event Event(click, /html/body/div[2]/div[4]/form/div/div/div/div/div[2]/button/div/div)[False])-> [event] https://google.com
2026-01-06:17:02:38	root	INFO	[Functions.py:221]	Event, do find_state
2026-01-06:17:02:38	root	INFO	[Functions.py:92]	find_state method get
2026-01-06:17:02:41	root	INFO	[Functions.py:92]	find_state method event
2026-01-06:17:02:41	root	INFO	[Functions.py:319]	We need to trigger [click] on /html/body/div[2]/div[4]/form/div/div/div/div/div[2]/button/div/div
2026-01-06:17:02:41	root	ERROR	[Classes.py:562]	'WebDriver' object has no attribute 'switch_to_alert'
2026-01-06:17:02:41	root	ERROR	[Classes.py:564]	Top level error while crawling
2026-01-06:17:02:41	root	INFO	[Functions.py:165]	Check edge: [get] https://google.com -(event Event(click, /html/body/div[2]/div[4]/form/div/div/div/div/div[2]/button/div/div)[False])-> [event] https://google.com
2026-01-06:17:02:41	root	INFO	[Functions.py:209]	Follow edge: [get] https://google.com -(event Event(click, /html/body/div[2]/div[4]/form/div/div/div/div/div[2]/button/div/div)[False])-> [event] https://google.com
2026-01-06:17:02:41	root	INFO	[Functions.py:221]	Event, do find_state
2026-01-06:17:02:41	root	INFO	[Functions.py:92]	find_state method get
2026-01-06:17:02:43	root	INFO	[Functions.py:92]	find_state method event
2026-01-06:17:02:43	root	INFO	[Functions.py:319]	We need to trigger [click] on /html/body/div[2]/div[4]/form/div/div/div/div/div[2]/button/div/div
2026-01-06:17:02:43	root	ERROR	[Classes.py:562]	'WebDriver' object has no attribute 'switch_to_alert'
2026-01-06:17:02:43	root	ERROR	[Classes.py:564]	Top level error while crawling
2026-01-06:17:02:43	root	WARNING	[Classes.py:1289]	Falling back to GET
2026-01-06:17:02:43	root	INFO	[Functions.py:165]	Check edge: [get] https://google.com -(event Event(click, /html/body/div[2]/div[4]/form/div/div/div/div/div[2]/button/div/div)[False])-> [event] https://google.com
2026-01-06:17:02:43	root	INFO	[Functions.py:209]	Follow edge: [get] https://google.com -(event Event(click, /html/body/div[2]/div[4]/form/div/div/div/div/div[2]/button/div/div)[False])-> [event] https://google.com
2026-01-06:17:02:43	root	INFO	[Functions.py:221]	Event, do find_state
2026-01-06:17:02:43	root	INFO	[Functions.py:92]	find_state method get
2026-01-06:17:02:46	root	INFO	[Functions.py:92]	find_state method event
2026-01-06:17:02:46	root	INFO	[Functions.py:319]	We need to trigger [click] on /html/body/div[2]/div[4]/form/div/div/div/div/div[2]/button/div/div
2026-01-06:17:02:46	root	ERROR	[Classes.py:562]	'WebDriver' object has no attribute 'switch_to_alert'
2026-01-06:17:02:46	root	ERROR	[Classes.py:564]	Top level error while crawling
2026-01-06:17:02:46	root	WARNING	[Classes.py:1289]	Falling back to GET
2026-01-06:17:02:46	root	INFO	[Functions.py:165]	Check edge: [get] https://google.com -(event Event(click, /html/body/div[2]/div[4]/form/div/div/div/div/div[2]/button/div/div)[False])-> [event] https://google.com
2026-01-06:17:02:46	root	INFO	[Functions.py:209]	Follow edge: [get] https://google.com -(event Event(click, /html/body/div[2]/div[4]/form/div/div/div/div/div[2]/button/div/div)[False])-> [event] https://google.com
2026-01-06:17:02:46	root	INFO	[Functions.py:221]	Event, do find_state
2026-01-06:17:02:46	root	INFO	[Functions.py:92]	find_state method get
2026-01-06:17:02:48	root	INFO	[Functions.py:92]	find_state method event
2026-01-06:17:02:48	root	INFO	[Functions.py:319]	We need to trigger [click] on /html/body/div[2]/div[4]/form/div/div/div/div/div[2]/button/div/div
2026-01-06:17:02:48	root	ERROR	[Classes.py:562]	'WebDriver' object has no attribute 'switch_to_alert'
2026-01-06:17:02:48	root	ERROR	[Classes.py:564]	Top level error while crawling
2026-01-06:17:02:48	root	WARNING	[Classes.py:1289]	Falling back to GET
2026-01-06:17:02:48	root	INFO	[Functions.py:165]	Check edge: [get] https://google.com -(event Event(click, /html/body/div[2]/div[4]/form/div/div/div/div/div[2]/button/div/div)[False])-> [event] https://google.com
2026-01-06:17:02:48	root	INFO	[Functions.py:209]	Follow edge: [get] https://google.com -(event Event(click, /html/body/div[2]/div[4]/form/div/div/div/div/div[2]/button/div/div)[False])-> [event] https://google.com
2026-01-06:17:02:48	root	INFO	[Functions.py:221]	Event, do find_state
2026-01-06:17:02:48	root	INFO	[Functions.py:92]	find_state method get
2026-01-06:17:02:48	root	INFO	[Functions.py:92]	find_state method event
2026-01-06:17:02:48	root	INFO	[Functions.py:319]	We need to trigger [click] on /html/body/div[2]/div[4]/form/div/div/div/div/div[2]/button/div/div
2026-01-06:17:02:49	root	ERROR	[Classes.py:562]	'WebDriver' object has no attribute 'switch_to_alert'
2026-01-06:17:02:49	root	ERROR	[Classes.py:564]	Top level error while crawling
2026-01-06:17:02:49	root	WARNING	[Classes.py:1289]	Falling back to GET
2026-01-06:17:02:49	root	INFO	[Functions.py:165]	Check edge: [get] https://google.com -(event Event(click, /html/body/div[2]/div[4]/form/div/div/div/div/div[2]/button/div/div)[False])-> [event] https://google.com
2026-01-06:17:02:49	root	INFO	[Functions.py:209]	Follow edge: [get] https://google.com -(event Event(click, /html/body/div[2]/div[4]/form/div/div/div/div/div[2]/button/div/div)[False])-> [event] https://google.com
2026-01-06:17:02:49	root	INFO	[Functions.py:221]	Event, do find_state
2026-01-06:17:02:49	root	INFO	[Functions.py:92]	find_state method get
2026-01-06:17:02:53	root	INFO	[Functions.py:92]	find_state method event
2026-01-06:17:02:53	root	INFO	[Functions.py:319]	We need to trigger [click] on /html/body/div[2]/div[4]/form/div/div/div/div/div[2]/button/div/div
2026-01-06:17:02:53	root	ERROR	[Classes.py:562]	'WebDriver' object has no attribute 'switch_to_alert'
2026-01-06:17:02:53	root	ERROR	[Classes.py:564]	Top level error while crawling
2026-01-06:17:02:53	root	INFO	[Functions.py:165]	Check edge: [get] https://google.com -(event Event(click, /html/body/div[2]/div[4]/form/div/div/div/div/div[2]/button/div/div)[False])-> [event] https://google.com
2026-01-06:17:02:53	root	INFO	[Functions.py:209]	Follow edge: [get] https://google.com -(event Event(click, /html/body/div[2]/div[4]/form/div/div/div/div/div[2]/button/div/div)[False])-> [event] https://google.com
2026-01-06:17:02:53	root	INFO	[Functions.py:221]	Event, do find_state
2026-01-06:17:02:53	root	INFO	[Functions.py:92]	find_state method get
2026-01-06:17:02:55	root	INFO	[Functions.py:92]	find_state method event
2026-01-06:17:02:55	root	INFO	[Functions.py:319]	We need to trigger [click] on /html/body/div[2]/div[4]/form/div/div/div/div/div[2]/button/div/div
2026-01-06:17:02:55	root	ERROR	[Classes.py:562]	'WebDriver' object has no attribute 'switch_to_alert'
2026-01-06:17:02:55	root	ERROR	[Classes.py:564]	Top level error while crawling
2026-01-06:17:02:55	root	WARNING	[Classes.py:1289]	Falling back to GET
2026-01-06:17:02:55	root	INFO	[Functions.py:165]	Check edge: [get] https://google.com -(event Event(click, /html/body/div[2]/div[4]/form/div/div/div/div/div[2]/button/div/div)[False])-> [event] https://google.com
2026-01-06:17:02:55	root	INFO	[Functions.py:209]	Follow edge: [get] https://google.com -(event Event(click, /html/body/div[2]/div[4]/form/div/div/div/div/div[2]/button/div/div)[False])-> [event] https://google.com
2026-01-06:17:02:55	root	INFO	[Functions.py:221]	Event, do find_state
2026-01-06:17:02:55	root	INFO	[Functions.py:92]	find_state method get
2026-01-06:17:02:57	root	INFO	[Functions.py:92]	find_state method event
2026-01-06:17:02:57	root	INFO	[Functions.py:319]	We need to trigger [click] on /html/body/div[2]/div[4]/form/div/div/div/div/div[2]/button/div/div
2026-01-06:17:02:57	root	ERROR	[Classes.py:562]	'WebDriver' object has no attribute 'switch_to_alert'
2026-01-06:17:02:57	root	ERROR	[Classes.py:564]	Top level error while crawling
2026-01-06:17:02:57	root	WARNING	[Classes.py:1289]	Falling back to GET
2026-01-06:17:02:57	root	INFO	[Functions.py:165]	Check edge: [get] https://google.com -(event Event(click, /html/body/div[2]/div[4]/form/div/div/div/div/div[2]/button/div/div)[False])-> [event] https://google.com
2026-01-06:17:02:57	root	INFO	[Functions.py:209]	Follow edge: [get] https://google.com -(event Event(click, /html/body/div[2]/div[4]/form/div/div/div/div/div[2]/button/div/div)[False])-> [event] https://google.com
2026-01-06:17:02:57	root	INFO	[Functions.py:221]	Event, do find_state
2026-01-06:17:02:57	root	INFO	[Functions.py:92]	find_state method get
2026-01-06:17:02:58	root	INFO	[Functions.py:92]	find_state method event
2026-01-06:17:02:58	root	INFO	[Functions.py:319]	We need to trigger [click] on /html/body/div[2]/div[4]/form/div/div/div/div/div[2]/button/div/div
2026-01-06:17:02:58	root	ERROR	[Classes.py:562]	'WebDriver' object has no attribute 'switch_to_alert'
2026-01-06:17:02:58	root	ERROR	[Classes.py:564]	Top level error while crawling
2026-01-06:17:02:58	root	INFO	[Functions.py:165]	Check edge: [get] https://google.com -(event Event(click, /html/body/div[2]/div[4]/form/div/div/div/div/div[2]/button/div/div)[False])-> [event] https://google.com
2026-01-06:17:02:58	root	INFO	[Functions.py:209]	Follow edge: [get] https://google.com -(event Event(click, /html/body/div[2]/div[4]/form/div/div/div/div/div[2]/button/div/div)[False])-> [event] https://google.com
2026-01-06:17:02:58	root	INFO	[Functions.py:221]	Event, do find_state
2026-01-06:17:02:58	root	INFO	[Functions.py:92]	find_state method get
2026-01-06:17:03:00	root	INFO	[Functions.py:92]	find_state method event
2026-01-06:17:03:00	root	INFO	[Functions.py:319]	We need to trigger [click] on /html/body/div[2]/div[4]/form/div/div/div/div/div[2]/button/div/div
2026-01-06:17:03:00	root	ERROR	[Classes.py:562]	'WebDriver' object has no attribute 'switch_to_alert'
2026-01-06:17:03:00	root	ERROR	[Classes.py:564]	Top level error while crawling
2026-01-06:17:03:00	root	INFO	[Functions.py:165]	Check edge: [get] https://google.com -(event Event(click, /html/body/div[2]/div[4]/form/div/div/div/div/div[2]/button/div/div)[False])-> [event] https://google.com
2026-01-06:17:03:00	root	INFO	[Functions.py:209]	Follow edge: [get] https://google.com -(event Event(click, /html/body/div[2]/div[4]/form/div/div/div/div/div[2]/button/div/div)[False])-> [event] https://google.com
2026-01-06:17:03:00	root	INFO	[Functions.py:221]	Event, do find_state
2026-01-06:17:03:00	root	INFO	[Functions.py:92]	find_state method get
2026-01-06:17:03:02	root	INFO	[Functions.py:92]	find_state method event
2026-01-06:17:03:02	root	INFO	[Functions.py:319]	We need to trigger [click] on /html/body/div[2]/div[4]/form/div/div/div/div/div[2]/button/div/div
2026-01-06:17:03:02	root	ERROR	[Classes.py:562]	'WebDriver' object has no attribute 'switch_to_alert'
2026-01-06:17:03:02	root	ERROR	[Classes.py:564]	Top level error while crawling
2026-01-06:17:03:02	root	WARNING	[Classes.py:1289]	Falling back to GET
2026-01-06:17:03:02	root	INFO	[Functions.py:165]	Check edge: [get] https://google.com -(event Event(click, /html/body/div[2]/div[4]/form/div/div/div/div/div[2]/button/div/div)[False])-> [event] https://google.com
2026-01-06:17:03:02	root	INFO	[Functions.py:209]	Follow edge: [get] https://google.com -(event Event(click, /html/body/div[2]/div[4]/form/div/div/div/div/div[2]/button/div/div)[False])-> [event] https://google.com
2026-01-06:17:03:02	root	INFO	[Functions.py:221]	Event, do find_state
2026-01-06:17:03:02	root	INFO	[Functions.py:92]	find_state method get
2026-01-06:17:03:04	root	INFO	[Functions.py:92]	find_state method event
2026-01-06:17:03:04	root	INFO	[Functions.py:319]	We need to trigger [click] on /html/body/div[2]/div[4]/form/div/div/div/div/div[2]/button/div/div
2026-01-06:17:03:04	root	ERROR	[Classes.py:562]	'WebDriver' object has no attribute 'switch_to_alert'
2026-01-06:17:03:04	root	ERROR	[Classes.py:564]	Top level error while crawling
2026-01-06:17:03:04	root	WARNING	[Classes.py:1289]	Falling back to GET
2026-01-06:17:03:04	root	INFO	[Functions.py:165]	Check edge: [get] https://google.com -(event Event(click, /html/body/div[2]/div[4]/form/div/div/div/div/div[2]/button/div/div)[False])-> [event] https://google.com
2026-01-06:17:03:04	root	INFO	[Functions.py:209]	Follow edge: [get] https://google.com -(event Event(click, /html/body/div[2]/div[4]/form/div/div/div/div/div[2]/button/div/div)[False])-> [event] https://google.com
2026-01-06:17:03:04	root	INFO	[Functions.py:221]	Event, do find_state
2026-01-06:17:03:04	root	INFO	[Functions.py:92]	find_state method get
2026-01-06:17:03:07	root	INFO	[Functions.py:92]	find_state method event
2026-01-06:17:03:07	root	INFO	[Functions.py:319]	We need to trigger [click] on /html/body/div[2]/div[4]/form/div/div/div/div/div[2]/button/div/div
2026-01-06:17:03:07	root	ERROR	[Classes.py:562]	'WebDriver' object has no attribute 'switch_to_alert'
2026-01-06:17:03:07	root	ERROR	[Classes.py:564]	Top level error while crawling
2026-01-06:17:03:07	root	INFO	[Functions.py:165]	Check edge: [get] https://google.com -(event Event(click, /html/body/div[2]/div[4]/form/div/div/div/div/div[2]/button/div/div)[False])-> [event] https://google.com
2026-01-06:17:03:07	root	INFO	[Functions.py:209]	Follow edge: [get] https://google.com -(event Event(click, /html/body/div[2]/div[4]/form/div/div/div/div/div[2]/button/div/div)[False])-> [event] https://google.com
2026-01-06:17:03:07	root	INFO	[Functions.py:221]	Event, do find_state
2026-01-06:17:03:07	root	INFO	[Functions.py:92]	find_state method get
2026-01-06:17:03:08	root	INFO	[Functions.py:92]	find_state method event
2026-01-06:17:03:08	root	INFO	[Functions.py:319]	We need to trigger [click] on /html/body/div[2]/div[4]/form/div/div/div/div/div[2]/button/div/div
2026-01-06:17:03:08	root	ERROR	[Classes.py:562]	'WebDriver' object has no attribute 'switch_to_alert'
2026-01-06:17:03:08	root	ERROR	[Classes.py:564]	Top level error while crawling
2026-01-06:17:03:08	root	WARNING	[Classes.py:1289]	Falling back to GET
2026-01-06:17:03:08	root	INFO	[Functions.py:165]	Check edge: [get] https://google.com -(event Event(click, /html/body/div[2]/div[4]/form/div/div/div/div/div[2]/button/div/div)[False])-> [event] https://google.com
2026-01-06:17:03:08	root	INFO	[Functions.py:209]	Follow edge: [get] https://google.com -(event Event(click, /html/body/div[2]/div[4]/form/div/div/div/div/div[2]/button/div/div)[False])-> [event] https://google.com
2026-01-06:17:03:08	root	INFO	[Functions.py:221]	Event, do find_state
2026-01-06:17:03:08	root	INFO	[Functions.py:92]	find_state method get
2026-01-06:17:03:11	root	INFO	[Functions.py:92]	find_state method event
2026-01-06:17:03:11	root	INFO	[Functions.py:319]	We need to trigger [click] on /html/body/div[2]/div[4]/form/div/div/div/div/div[2]/button/div/div
2026-01-06:17:03:11	root	ERROR	[Classes.py:562]	'WebDriver' object has no attribute 'switch_to_alert'
2026-01-06:17:03:11	root	ERROR	[Classes.py:564]	Top level error while crawling
2026-01-06:17:03:11	root	WARNING	[Classes.py:1289]	Falling back to GET
2026-01-06:17:03:11	root	INFO	[Functions.py:165]	Check edge: [get] https://google.com -(event Event(click, /html/body/div[2]/div[4]/form/div/div/div/div/div[2]/button/div/div)[False])-> [event] https://google.com
2026-01-06:17:03:11	root	INFO	[Functions.py:209]	Follow edge: [get] https://google.com -(event Event(click, /html/body/div[2]/div[4]/form/div/div/div/div/div[2]/button/div/div)[False])-> [event] https://google.com
2026-01-06:17:03:11	root	INFO	[Functions.py:221]	Event, do find_state
2026-01-06:17:03:11	root	INFO	[Functions.py:92]	find_state method get
2026-01-06:17:03:13	root	INFO	[Functions.py:92]	find_state method event
2026-01-06:17:03:13	root	INFO	[Functions.py:319]	We need to trigger [click] on /html/body/div[2]/div[4]/form/div/div/div/div/div[2]/button/div/div
2026-01-06:17:03:13	root	ERROR	[Classes.py:562]	'WebDriver' object has no attribute 'switch_to_alert'
2026-01-06:17:03:13	root	ERROR	[Classes.py:564]	Top level error while crawling
2026-01-06:17:03:13	root	WARNING	[Classes.py:1289]	Falling back to GET
2026-01-06:17:03:13	root	INFO	[Functions.py:165]	Check edge: [get] https://google.com -(event Event(click, /html/body/div[2]/div[4]/form/div/div/div/div/div[2]/button/div/div)[False])-> [event] https://google.com
2026-01-06:17:03:13	root	INFO	[Functions.py:209]	Follow edge: [get] https://google.com -(event Event(click, /html/body/div[2]/div[4]/form/div/div/div/div/div[2]/button/div/div)[False])-> [event] https://google.com
2026-01-06:17:03:13	root	INFO	[Functions.py:221]	Event, do find_state
2026-01-06:17:03:13	root	INFO	[Functions.py:92]	find_state method get
2026-01-06:17:03:15	root	INFO	[Functions.py:92]	find_state method event
2026-01-06:17:03:15	root	INFO	[Functions.py:319]	We need to trigger [click] on /html/body/div[2]/div[4]/form/div/div/div/div/div[2]/button/div/div
2026-01-06:17:03:15	root	ERROR	[Classes.py:562]	'WebDriver' object has no attribute 'switch_to_alert'
2026-01-06:17:03:15	root	ERROR	[Classes.py:564]	Top level error while crawling
2026-01-06:17:03:15	root	WARNING	[Classes.py:1289]	Falling back to GET
2026-01-06:17:03:15	root	INFO	[Functions.py:165]	Check edge: [get] https://google.com -(event Event(click, /html/body/div[2]/div[4]/form/div/div/div/div/div[2]/button/div/div)[False])-> [event] https://google.com
2026-01-06:17:03:15	root	INFO	[Functions.py:209]	Follow edge: [get] https://google.com -(event Event(click, /html/body/div[2]/div[4]/form/div/div/div/div/div[2]/button/div/div)[False])-> [event] https://google.com
2026-01-06:17:03:15	root	INFO	[Functions.py:221]	Event, do find_state
2026-01-06:17:03:15	root	INFO	[Functions.py:92]	find_state method get
2026-01-06:17:03:17	root	INFO	[Functions.py:92]	find_state method event
2026-01-06:17:03:17	root	INFO	[Functions.py:319]	We need to trigger [click] on /html/body/div[2]/div[4]/form/div/div/div/div/div[2]/button/div/div
2026-01-06:17:03:17	root	ERROR	[Classes.py:562]	'WebDriver' object has no attribute 'switch_to_alert'
2026-01-06:17:03:17	root	ERROR	[Classes.py:564]	Top level error while crawling
2026-01-06:17:03:17	root	INFO	[Functions.py:165]	Check edge: [get] https://google.com -(event Event(click, /html/body/div[2]/div[4]/form/div/div/div/div/div[2]/button/div/div)[False])-> [event] https://google.com
2026-01-06:17:03:17	root	INFO	[Functions.py:209]	Follow edge: [get] https://google.com -(event Event(click, /html/body/div[2]/div[4]/form/div/div/div/div/div[2]/button/div/div)[False])-> [event] https://google.com
2026-01-06:17:03:17	root	INFO	[Functions.py:221]	Event, do find_state
2026-01-06:17:03:17	root	INFO	[Functions.py:92]	find_state method get
2026-01-06:17:03:20	root	INFO	[Functions.py:92]	find_state method event
2026-01-06:17:03:20	root	INFO	[Functions.py:319]	We need to trigger [click] on /html/body/div[2]/div[4]/form/div/div/div/div/div[2]/button/div/div
2026-01-06:17:03:20	root	ERROR	[Classes.py:562]	'WebDriver' object has no attribute 'switch_to_alert'
2026-01-06:17:03:20	root	ERROR	[Classes.py:564]	Top level error while crawling
2026-01-06:17:03:20	root	WARNING	[Classes.py:1289]	Falling back to GET
2026-01-06:17:03:20	root	INFO	[Functions.py:165]	Check edge: [get] https://google.com -(event Event(click, /html/body/div[2]/div[4]/form/div/div/div/div/div[2]/button/div/div)[False])-> [event] https://google.com
2026-01-06:17:03:20	root	INFO	[Functions.py:209]	Follow edge: [get] https://google.com -(event Event(click, /html/body/div[2]/div[4]/form/div/div/div/div/div[2]/button/div/div)[False])-> [event] https://google.com
2026-01-06:17:03:20	root	INFO	[Functions.py:221]	Event, do find_state
2026-01-06:17:03:20	root	INFO	[Functions.py:92]	find_state method get
2026-01-06:17:03:23	root	INFO	[Functions.py:92]	find_state method event
2026-01-06:17:03:23	root	INFO	[Functions.py:319]	We need to trigger [click] on /html/body/div[2]/div[4]/form/div/div/div/div/div[2]/button/div/div
2026-01-06:17:03:23	root	ERROR	[Classes.py:562]	'WebDriver' object has no attribute 'switch_to_alert'
2026-01-06:17:03:23	root	ERROR	[Classes.py:564]	Top level error while crawling
2026-01-06:17:03:23	root	WARNING	[Classes.py:1289]	Falling back to GET
2026-01-06:17:03:23	root	INFO	[Functions.py:165]	Check edge: [get] https://google.com -(event Event(click, /html/body/div[2]/div[4]/form/div/div/div/div/div[2]/button/div/div)[False])-> [event] https://google.com
2026-01-06:17:03:23	root	INFO	[Functions.py:209]	Follow edge: [get] https://google.com -(event Event(click, /html/body/div[2]/div[4]/form/div/div/div/div/div[2]/button/div/div)[False])-> [event] https://google.com
2026-01-06:17:03:23	root	INFO	[Functions.py:221]	Event, do find_state
2026-01-06:17:03:23	root	INFO	[Functions.py:92]	find_state method get
2026-01-06:17:03:26	root	INFO	[Functions.py:92]	find_state method event
2026-01-06:17:03:26	root	INFO	[Functions.py:319]	We need to trigger [click] on /html/body/div[2]/div[4]/form/div/div/div/div/div[2]/button/div/div
2026-01-06:17:03:26	root	ERROR	[Classes.py:562]	'WebDriver' object has no attribute 'switch_to_alert'
2026-01-06:17:03:26	root	ERROR	[Classes.py:564]	Top level error while crawling
2026-01-06:17:03:26	root	WARNING	[Classes.py:1289]	Falling back to GET
2026-01-06:17:03:26	root	INFO	[Functions.py:165]	Check edge: [get] https://google.com -(event Event(click, /html/body/div[2]/div[4]/form/div/div/div/div/div[2]/button/div/div)[False])-> [event] https://google.com
2026-01-06:17:03:26	root	INFO	[Functions.py:209]	Follow edge: [get] https://google.com -(event Event(click, /html/body/div[2]/div[4]/form/div/div/div/div/div[2]/button/div/div)[False])-> [event] https://google.com
2026-01-06:17:03:26	root	INFO	[Functions.py:221]	Event, do find_state
2026-01-06:17:03:26	root	INFO	[Functions.py:92]	find_state method get
2026-01-06:17:03:27	root	INFO	[Functions.py:165]	Check edge: [get] ROOTREQ -(get None[True])-> [get] https://google.com
2026-01-06:17:03:27	root	INFO	[Functions.py:209]	Follow edge: [get] ROOTREQ -(get None[True])-> [get] https://google.com
