2026-01-06:16:42:28	root	INFO	[Classes.py:484]	Init crawl on https://google.com
2026-01-06:16:42:28	root	INFO	[Functions.py:165]	Check edge: [get] ROOTREQ -(get None[False])-> [get] https://google.com
2026-01-06:16:42:28	root	INFO	[Functions.py:209]	Follow edge: [get] ROOTREQ -(get None[False])-> [get] https://google.com
2026-01-06:16:42:36	root	INFO	[Classes.py:1336]	Current url: https://www.google.com/
2026-01-06:16:42:36	root	INFO	[Classes.py:1337]	Crawl (edge): [get] ROOTREQ -(get None[False])-> [get] https://google.com
2026-01-06:16:42:37	root	ERROR	[Forms.py:56]	Unknown exception in inputs
2026-01-06:16:42:37	root	WARNING	[Forms.py:64]	No inputs founds during parse, falling back to JavaScript
2026-01-06:16:42:37	root	INFO	[Forms.py:74]	Found js form: Form(0, https://www.google.com/search, get)
2026-01-06:16:42:38	root	ERROR	[Classes.py:341]	Unknown button ('button', '', '')
2026-01-06:16:42:38	root	ERROR	[Classes.py:341]	Unknown button ('button', '', '')
2026-01-06:16:42:38	root	ERROR	[Classes.py:341]	Unknown button ('button', '', '')
2026-01-06:16:42:38	root	ERROR	[Classes.py:341]	Unknown button ('button', '', '')
2026-01-06:16:42:38	root	ERROR	[Classes.py:341]	Unknown button ('button', '', '')
2026-01-06:16:42:38	root	DEBUG	[Urls.py:123]	URLs from extract_urls {[get] https://www.google.com/imghp?hl=en&ogbl, [get] https://www.google.com/intl/en_in/ads/?subid=ww-ww-et-g-awa-a-g_hpafoot1_1!o2&utm_source=google.com&utm_medium=referral&utm_campaign=google_hpafooter&fg=1, [get] https://about.google/?fg=1&utm_source=google-IN&utm_medium=referral&utm_campaign=hp-header, [get] https://www.google.com/setprefs?sig=0_8fmDQqGkgINoVSLcr_F5ITUT8yI%3D&hl=kn&source=homepage&sa=X&ved=0ahUKEwiuzq6A5PaRAxUMSmwGHXo3OR0Q2ZgBCCU, [get] https://accounts.google.com/ServiceLogin?hl=en&passive=true&continue=https://www.google.com/&ec=futura_exp_og_so_72776762_e, [get] https://support.google.com/websearch/?p=ws_results_help&hl=en-IN&fg=1, [get] https://www.google.com/setprefs?sig=0_8fmDQqGkgINoVSLcr_F5ITUT8yI%3D&hl=ta&source=homepage&sa=X&ved=0ahUKEwiuzq6A5PaRAxUMSmwGHXo3OR0Q2ZgBCCM, [get] https://www.google.com/setprefs?sig=0_8fmDQqGkgINoVSLcr_F5ITUT8yI%3D&hl=hi&source=homepage&sa=X&ved=0ahUKEwiuzq6A5PaRAxUMSmwGHXo3OR0Q2ZgBCB8, [get] https://www.google.com/setprefs?sig=0_8fmDQqGkgINoVSLcr_F5ITUT8yI%3D&hl=bn&source=homepage&sa=X&ved=0ahUKEwiuzq6A5PaRAxUMSmwGHXo3OR0Q2ZgBCCA, [get] https://store.google.com/IN?utm_source=hp_header&utm_medium=google_ooo&utm_campaign=GS100042&hl=en-IN, [get] https://www.google.com/advanced_search?hl=en-IN&fg=1, [get] https://mail.google.com/mail/&ogbl, [get] https://www.google.com/preferences?hl=en-IN&fg=1, [get] https://www.google.com/history/optout?hl=en-IN&fg=1, [get] https://www.google.com/history/privacyadvisor/search/unauth?utm_source=googlemenu&fg=1&cctld=com, [get] https://www.google.co.in/intl/en/about/products, [get] https://policies.google.com/privacy?hl=en-IN&fg=1, [get] https://www.google.com/setprefs?sig=0_8fmDQqGkgINoVSLcr_F5ITUT8yI%3D&hl=mr&source=homepage&sa=X&ved=0ahUKEwiuzq6A5PaRAxUMSmwGHXo3OR0Q2ZgBCCI, [get] https://google.com/search/howsearchworks/?fg=1, [get] https://www.google.com/setprefs?sig=0_8fmDQqGkgINoVSLcr_F5ITUT8yI%3D&hl=pa&source=homepage&sa=X&ved=0ahUKEwiuzq6A5PaRAxUMSmwGHXo3OR0Q2ZgBCCc, [get] https://www.google.com/setprefs?sig=0_8fmDQqGkgINoVSLcr_F5ITUT8yI%3D&hl=gu&source=homepage&sa=X&ved=0ahUKEwiuzq6A5PaRAxUMSmwGHXo3OR0Q2ZgBCCQ, [get] https://policies.google.com/terms?hl=en-IN&fg=1, [get] https://www.google.com/services/?subid=ww-ww-et-g-awa-a-g_hpbfoot1_1!o2&utm_source=google.com&utm_medium=referral&utm_campaign=google_hpbfooter&fg=1, [get] https://www.google.com/setprefs?sig=0_8fmDQqGkgINoVSLcr_F5ITUT8yI%3D&hl=te&source=homepage&sa=X&ved=0ahUKEwiuzq6A5PaRAxUMSmwGHXo3OR0Q2ZgBCCE, [get] https://www.google.com/setprefs?sig=0_8fmDQqGkgINoVSLcr_F5ITUT8yI%3D&hl=ml&source=homepage&sa=X&ved=0ahUKEwiuzq6A5PaRAxUMSmwGHXo3OR0Q2ZgBCCY}
2026-01-06:16:42:38	root	ERROR	[Forms.py:56]	Unknown exception in inputs
2026-01-06:16:42:38	root	WARNING	[Forms.py:64]	No inputs founds during parse, falling back to JavaScript
2026-01-06:16:42:38	root	INFO	[Forms.py:74]	Found js form: Form(0, https://www.google.com/search, get)
2026-01-06:16:42:39	root	ERROR	[Classes.py:341]	Unknown button ('button', '', '')
2026-01-06:16:42:39	root	ERROR	[Classes.py:341]	Unknown button ('button', '', '')
2026-01-06:16:42:39	root	ERROR	[Classes.py:341]	Unknown button ('button', '', '')
2026-01-06:16:42:39	root	ERROR	[Classes.py:341]	Unknown button ('button', '', '')
2026-01-06:16:42:39	root	ERROR	[Classes.py:341]	Unknown button ('button', '', '')
2026-01-06:16:42:39	root	INFO	[Functions.py:835]	set_form_values got 1
2026-01-06:16:42:39	root	INFO	[Functions.py:848]	set_form_values returned 2
2026-01-06:16:42:39	root	ERROR	[Classes.py:562]	Message: no such element: Unable to locate element: {"method":"xpath","selector":"frame"}
  (Session info: chrome=143.0.7499.170); For documentation on this error, please visit: https://www.selenium.dev/documentation/webdriver/troubleshooting/errors#nosuchelementexception
Stacktrace:
Symbols not available. Dumping unresolved backtrace:
	0x7ff734c088e5
	0x7ff734c08940
	0x7ff7349e165d
	0x7ff734a39a33
	0x7ff734a39d3c
	0x7ff734a8df67
	0x7ff734a8ac97
	0x7ff734a2ac29
	0x7ff734a2ba93
	0x7ff734f20640
	0x7ff734f1af80
	0x7ff734f396e6
	0x7ff734c25de4
	0x7ff734c2ed8c
	0x7ff734c12004
	0x7ff734c121b5
	0x7ff734bf7ee2
	0x7ffc1e2be8d7
	0x7ffc1ec6c53c

2026-01-06:16:42:39	root	ERROR	[Classes.py:564]	Top level error while crawling
2026-01-06:16:42:39	root	WARNING	[Classes.py:1289]	Falling back to GET
2026-01-06:16:42:39	root	WARNING	[Classes.py:1289]	Falling back to GET
2026-01-06:16:42:39	root	INFO	[Functions.py:165]	Check edge: [get] ROOTREQ -(get None[False])-> [get] https://google.com
2026-01-06:16:42:39	root	INFO	[Functions.py:209]	Follow edge: [get] ROOTREQ -(get None[False])-> [get] https://google.com
2026-01-06:16:42:41	root	INFO	[Classes.py:1336]	Current url: https://www.google.com/
2026-01-06:16:42:41	root	INFO	[Classes.py:1337]	Crawl (edge): [get] ROOTREQ -(get None[False])-> [get] https://google.com
2026-01-06:16:42:42	root	WARNING	[Classes.py:1405]	Could not execute javascript function in timeout {'function_id': '2bae93d03af9d48878d20cba678041f9', 'function_name': 'ma', 'time': 1462.5999999999767}
2026-01-06:16:42:42	root	WARNING	[Classes.py:1405]	Could not execute javascript function in timeout {'function_id': 'e03ad3488163c103d85747880c44806b', 'function_name': 'a', 'time': 1675.7999999999302}
2026-01-06:16:42:42	root	ERROR	[Forms.py:56]	Unknown exception in inputs
2026-01-06:16:42:42	root	WARNING	[Forms.py:64]	No inputs founds during parse, falling back to JavaScript
2026-01-06:16:42:42	root	INFO	[Forms.py:74]	Found js form: Form(0, https://www.google.com/search, get)
2026-01-06:16:42:43	root	ERROR	[Classes.py:341]	Unknown button ('button', '', '')
2026-01-06:16:42:43	root	ERROR	[Classes.py:341]	Unknown button ('button', '', '')
2026-01-06:16:42:43	root	ERROR	[Classes.py:341]	Unknown button ('button', '', '')
2026-01-06:16:42:43	root	ERROR	[Classes.py:341]	Unknown button ('button', '', '')
2026-01-06:16:42:43	root	ERROR	[Classes.py:341]	Unknown button ('button', '', '')
2026-01-06:16:42:44	root	DEBUG	[Urls.py:123]	URLs from extract_urls {[get] https://www.google.com/imghp?hl=en&ogbl, [get] https://www.google.com/setprefs?sig=0_8fmDQqGkgINoVSLcr_F5ITUT8yI%3D&hl=te&source=homepage&sa=X&ved=0ahUKEwjf3a6E5PaRAxVhTmwGHRgWJSsQ2ZgBCCE, [get] https://www.google.com/intl/en_in/ads/?subid=ww-ww-et-g-awa-a-g_hpafoot1_1!o2&utm_source=google.com&utm_medium=referral&utm_campaign=google_hpafooter&fg=1, [get] https://about.google/?fg=1&utm_source=google-IN&utm_medium=referral&utm_campaign=hp-header, [get] https://accounts.google.com/ServiceLogin?hl=en&passive=true&continue=https://www.google.com/&ec=futura_exp_og_so_72776762_e, [get] https://support.google.com/websearch/?p=ws_results_help&hl=en-IN&fg=1, [get] https://www.google.com/setprefs?sig=0_8fmDQqGkgINoVSLcr_F5ITUT8yI%3D&hl=bn&source=homepage&sa=X&ved=0ahUKEwjf3a6E5PaRAxVhTmwGHRgWJSsQ2ZgBCCA, [get] https://store.google.com/IN?utm_source=hp_header&utm_medium=google_ooo&utm_campaign=GS100042&hl=en-IN, [get] https://www.google.com/advanced_search?hl=en-IN&fg=1, [get] https://www.google.com/setprefs?sig=0_8fmDQqGkgINoVSLcr_F5ITUT8yI%3D&hl=hi&source=homepage&sa=X&ved=0ahUKEwjf3a6E5PaRAxVhTmwGHRgWJSsQ2ZgBCB8, [get] https://www.google.com/setprefs?sig=0_8fmDQqGkgINoVSLcr_F5ITUT8yI%3D&hl=kn&source=homepage&sa=X&ved=0ahUKEwjf3a6E5PaRAxVhTmwGHRgWJSsQ2ZgBCCU, [get] https://mail.google.com/mail/&ogbl, [get] https://www.google.com/preferences?hl=en-IN&fg=1, [get] https://www.google.com/history/optout?hl=en-IN&fg=1, [get] https://www.google.com/history/privacyadvisor/search/unauth?utm_source=googlemenu&fg=1&cctld=com, [get] https://www.google.co.in/intl/en/about/products, [get] https://www.google.com/setprefs?sig=0_8fmDQqGkgINoVSLcr_F5ITUT8yI%3D&hl=gu&source=homepage&sa=X&ved=0ahUKEwjf3a6E5PaRAxVhTmwGHRgWJSsQ2ZgBCCQ, [get] https://policies.google.com/privacy?hl=en-IN&fg=1, [get] https://www.google.com/setprefs?sig=0_8fmDQqGkgINoVSLcr_F5ITUT8yI%3D&hl=pa&source=homepage&sa=X&ved=0ahUKEwjf3a6E5PaRAxVhTmwGHRgWJSsQ2ZgBCCc, [get] https://google.com/search/howsearchworks/?fg=1, [get] https://www.google.com/setprefs?sig=0_8fmDQqGkgINoVSLcr_F5ITUT8yI%3D&hl=mr&source=homepage&sa=X&ved=0ahUKEwjf3a6E5PaRAxVhTmwGHRgWJSsQ2ZgBCCI, [get] https://www.google.com/setprefs?sig=0_8fmDQqGkgINoVSLcr_F5ITUT8yI%3D&hl=ml&source=homepage&sa=X&ved=0ahUKEwjf3a6E5PaRAxVhTmwGHRgWJSsQ2ZgBCCY, [get] https://policies.google.com/terms?hl=en-IN&fg=1, [get] https://www.google.com/setprefs?sig=0_8fmDQqGkgINoVSLcr_F5ITUT8yI%3D&hl=ta&source=homepage&sa=X&ved=0ahUKEwjf3a6E5PaRAxVhTmwGHRgWJSsQ2ZgBCCM, [get] https://www.google.com/services/?subid=ww-ww-et-g-awa-a-g_hpbfoot1_1!o2&utm_source=google.com&utm_medium=referral&utm_campaign=google_hpbfooter&fg=1}
2026-01-06:16:42:44	root	ERROR	[Forms.py:56]	Unknown exception in inputs
2026-01-06:16:42:44	root	WARNING	[Forms.py:64]	No inputs founds during parse, falling back to JavaScript
2026-01-06:16:42:44	root	INFO	[Forms.py:74]	Found js form: Form(0, https://www.google.com/search, get)
2026-01-06:16:42:44	root	ERROR	[Classes.py:341]	Unknown button ('button', '', '')
2026-01-06:16:42:44	root	ERROR	[Classes.py:341]	Unknown button ('button', '', '')
2026-01-06:16:42:44	root	ERROR	[Classes.py:341]	Unknown button ('button', '', '')
2026-01-06:16:42:45	root	ERROR	[Classes.py:341]	Unknown button ('button', '', '')
2026-01-06:16:42:45	root	ERROR	[Classes.py:341]	Unknown button ('button', '', '')
2026-01-06:16:42:45	root	INFO	[Functions.py:835]	set_form_values got 1
2026-01-06:16:42:45	root	INFO	[Functions.py:848]	set_form_values returned 2
2026-01-06:16:42:45	root	ERROR	[Classes.py:562]	Message: no such element: Unable to locate element: {"method":"xpath","selector":"frame"}
  (Session info: chrome=143.0.7499.170); For documentation on this error, please visit: https://www.selenium.dev/documentation/webdriver/troubleshooting/errors#nosuchelementexception
Stacktrace:
Symbols not available. Dumping unresolved backtrace:
	0x7ff734c088e5
	0x7ff734c08940
	0x7ff7349e165d
	0x7ff734a39a33
	0x7ff734a39d3c
	0x7ff734a8df67
	0x7ff734a8ac97
	0x7ff734a2ac29
	0x7ff734a2ba93
	0x7ff734f20640
	0x7ff734f1af80
	0x7ff734f396e6
	0x7ff734c25de4
	0x7ff734c2ed8c
	0x7ff734c12004
	0x7ff734c121b5
	0x7ff734bf7ee2
	0x7ffc1e2be8d7
	0x7ffc1ec6c53c

2026-01-06:16:42:45	root	ERROR	[Classes.py:564]	Top level error while crawling
2026-01-06:16:42:45	root	INFO	[Functions.py:165]	Check edge: [get] ROOTREQ -(get None[True])-> [get] https://google.com
2026-01-06:16:42:45	root	INFO	[Functions.py:209]	Follow edge: [get] ROOTREQ -(get None[True])-> [get] https://google.com
2026-01-06:16:42:46	root	INFO	[Classes.py:889]	find_state method get
2026-01-06:16:42:48	root	INFO	[Classes.py:1168]	Starting quick scan to find stored XSS
2026-01-06:16:42:48	root	INFO	[Classes.py:1175]	-- Checking: https://google.com
2026-01-06:16:42:50	root	INFO	[Classes.py:1181]	-- Total: set()
