2026-01-03:09:52:09	root	INFO	[Classes.py:484]	Init crawl on https://google.com
2026-01-03:09:52:09	root	INFO	[Functions.py:165]	Check edge: [get] ROOTREQ -(get None[False])-> [get] https://google.com
2026-01-03:09:52:09	root	INFO	[Functions.py:209]	Follow edge: [get] ROOTREQ -(get None[False])-> [get] https://google.com
2026-01-03:09:52:18	root	INFO	[Classes.py:1336]	Current url: https://www.google.com/
2026-01-03:09:52:18	root	INFO	[Classes.py:1337]	Crawl (edge): [get] ROOTREQ -(get None[False])-> [get] https://google.com
2026-01-03:09:52:20	root	DEBUG	[Urls.py:123]	URLs from extract_urls {[get] https://store.google.com/IN?utm_source=hp_header&utm_medium=google_ooo&utm_campaign=GS100042&hl=en-IN, [get] https://www.google.com/setprefs?sig=0_Q8-VrXFixmmZkLQNymP6DjaHHgc%3D&hl=ta&source=homepage&sa=X&ved=0ahUKEwiQy63cwu6RAxW3RUEAHUBZICoQ2ZgBCBs, [get] https://www.google.com/intl/en_in/ads/?subid=ww-ww-et-g-awa-a-g_hpafoot1_1!o2&utm_source=google.com&utm_medium=referral&utm_campaign=google_hpafooter&fg=1, [get] https://support.google.com/websearch/?p=ws_results_help&hl=en-IN&fg=1, [get] https://www.google.com/services/?subid=ww-ww-et-g-awa-a-g_hpbfoot1_1!o2&utm_source=google.com&utm_medium=referral&utm_campaign=google_hpbfooter&fg=1, [get] https://www.google.com/setprefs?sig=0_Q8-VrXFixmmZkLQNymP6DjaHHgc%3D&hl=kn&source=homepage&sa=X&ved=0ahUKEwiQy63cwu6RAxW3RUEAHUBZICoQ2ZgBCB0, [get] https://www.google.com/setprefs?sig=0_Q8-VrXFixmmZkLQNymP6DjaHHgc%3D&hl=te&source=homepage&sa=X&ved=0ahUKEwiQy63cwu6RAxW3RUEAHUBZICoQ2ZgBCBk, [get] https://accounts.google.com/ServiceLogin?hl=en&passive=true&continue=https://www.google.com/&ec=futura_exp_og_so_72776762_e, [get] https://www.google.com/imghp?hl=en&ogbl, [get] https://policies.google.com/terms?hl=en-IN&fg=1, [get] https://www.google.com/history/optout?hl=en-IN&fg=1, [get] https://www.google.com/setprefs?sig=0_Q8-VrXFixmmZkLQNymP6DjaHHgc%3D&hl=bn&source=homepage&sa=X&ved=0ahUKEwiQy63cwu6RAxW3RUEAHUBZICoQ2ZgBCBg, [get] https://policies.google.com/privacy?hl=en-IN&fg=1, [get] https://google.com/search/howsearchworks/?fg=1, [get] https://www.google.com/setprefs?sig=0_Q8-VrXFixmmZkLQNymP6DjaHHgc%3D&hl=mr&source=homepage&sa=X&ved=0ahUKEwiQy63cwu6RAxW3RUEAHUBZICoQ2ZgBCBo, [get] https://mail.google.com/mail/&ogbl, [get] https://www.google.com/advanced_search?hl=en-IN&fg=1, [get] https://www.google.com/setprefs?sig=0_Q8-VrXFixmmZkLQNymP6DjaHHgc%3D&hl=hi&source=homepage&sa=X&ved=0ahUKEwiQy63cwu6RAxW3RUEAHUBZICoQ2ZgBCBc, [get] https://www.google.com/preferences?hl=en-IN&fg=1, [get] https://www.google.com/setprefs?sig=0_Q8-VrXFixmmZkLQNymP6DjaHHgc%3D&hl=ml&source=homepage&sa=X&ved=0ahUKEwiQy63cwu6RAxW3RUEAHUBZICoQ2ZgBCB4, [get] https://www.google.com/setprefs?sig=0_Q8-VrXFixmmZkLQNymP6DjaHHgc%3D&hl=pa&source=homepage&sa=X&ved=0ahUKEwiQy63cwu6RAxW3RUEAHUBZICoQ2ZgBCB8, [get] https://about.google/?fg=1&utm_source=google-IN&utm_medium=referral&utm_campaign=hp-header, [get] https://www.google.com/setprefs?sig=0_Q8-VrXFixmmZkLQNymP6DjaHHgc%3D&hl=gu&source=homepage&sa=X&ved=0ahUKEwiQy63cwu6RAxW3RUEAHUBZICoQ2ZgBCBw, [get] https://www.google.co.in/intl/en/about/products, [get] https://www.google.com/history/privacyadvisor/search/unauth?utm_source=googlemenu&fg=1&cctld=com}
2026-01-03:09:52:21	root	INFO	[Functions.py:835]	set_form_values got 1
2026-01-03:09:52:21	root	INFO	[Functions.py:848]	set_form_values returned 2
2026-01-03:09:52:21	root	ERROR	[Classes.py:562]	'WebDriver' object has no attribute 'find_elements_by_xpath'
2026-01-03:09:52:21	root	ERROR	[Classes.py:564]	Top level error while crawling
2026-01-03:09:52:21	root	WARNING	[Classes.py:1289]	Falling back to GET
2026-01-03:09:52:21	root	WARNING	[Classes.py:1289]	Falling back to GET
2026-01-03:09:52:21	root	INFO	[Functions.py:165]	Check edge: [get] ROOTREQ -(get None[False])-> [get] https://google.com
2026-01-03:09:52:21	root	INFO	[Functions.py:209]	Follow edge: [get] ROOTREQ -(get None[False])-> [get] https://google.com
2026-01-03:09:52:23	root	INFO	[Classes.py:1336]	Current url: https://www.google.com/
2026-01-03:09:52:23	root	INFO	[Classes.py:1337]	Crawl (edge): [get] ROOTREQ -(get None[False])-> [get] https://google.com
2026-01-03:09:52:24	root	WARNING	[Classes.py:1405]	Could not execute javascript function in timeout {'function_id': '2bae93d03af9d48878d20cba678041f9', 'function_name': 'ma', 'time': 1424.7000000001863}
2026-01-03:09:52:24	root	WARNING	[Classes.py:1405]	Could not execute javascript function in timeout {'function_id': 'e03ad3488163c103d85747880c44806b', 'function_name': 'a', 'time': 1604.5}
2026-01-03:09:52:25	root	DEBUG	[Urls.py:123]	URLs from extract_urls {[get] https://www.google.com/setprefs?sig=0_Q8-VrXFixmmZkLQNymP6DjaHHgc%3D&hl=mr&source=homepage&sa=X&ved=0ahUKEwj0m5fgwu6RAxVI3TgGHYQIPUoQ2ZgBCBo, [get] https://www.google.com/setprefs?sig=0_Q8-VrXFixmmZkLQNymP6DjaHHgc%3D&hl=gu&source=homepage&sa=X&ved=0ahUKEwj0m5fgwu6RAxVI3TgGHYQIPUoQ2ZgBCBw, [get] https://store.google.com/IN?utm_source=hp_header&utm_medium=google_ooo&utm_campaign=GS100042&hl=en-IN, [get] https://www.google.com/setprefs?sig=0_Q8-VrXFixmmZkLQNymP6DjaHHgc%3D&hl=ta&source=homepage&sa=X&ved=0ahUKEwj0m5fgwu6RAxVI3TgGHYQIPUoQ2ZgBCBs, [get] https://www.google.com/intl/en_in/ads/?subid=ww-ww-et-g-awa-a-g_hpafoot1_1!o2&utm_source=google.com&utm_medium=referral&utm_campaign=google_hpafooter&fg=1, [get] https://support.google.com/websearch/?p=ws_results_help&hl=en-IN&fg=1, [get] https://www.google.com/services/?subid=ww-ww-et-g-awa-a-g_hpbfoot1_1!o2&utm_source=google.com&utm_medium=referral&utm_campaign=google_hpbfooter&fg=1, [get] https://www.google.com/setprefs?sig=0_Q8-VrXFixmmZkLQNymP6DjaHHgc%3D&hl=pa&source=homepage&sa=X&ved=0ahUKEwj0m5fgwu6RAxVI3TgGHYQIPUoQ2ZgBCB8, [get] https://accounts.google.com/ServiceLogin?hl=en&passive=true&continue=https://www.google.com/&ec=futura_exp_og_so_72776762_e, [get] https://www.google.com/imghp?hl=en&ogbl, [get] https://policies.google.com/terms?hl=en-IN&fg=1, [get] https://www.google.com/history/optout?hl=en-IN&fg=1, [get] https://www.google.com/setprefs?sig=0_Q8-VrXFixmmZkLQNymP6DjaHHgc%3D&hl=ml&source=homepage&sa=X&ved=0ahUKEwj0m5fgwu6RAxVI3TgGHYQIPUoQ2ZgBCB4, [get] https://www.google.com/setprefs?sig=0_Q8-VrXFixmmZkLQNymP6DjaHHgc%3D&hl=hi&source=homepage&sa=X&ved=0ahUKEwj0m5fgwu6RAxVI3TgGHYQIPUoQ2ZgBCBc, [get] https://www.google.com/setprefs?sig=0_Q8-VrXFixmmZkLQNymP6DjaHHgc%3D&hl=te&source=homepage&sa=X&ved=0ahUKEwj0m5fgwu6RAxVI3TgGHYQIPUoQ2ZgBCBk, [get] https://policies.google.com/privacy?hl=en-IN&fg=1, [get] https://google.com/search/howsearchworks/?fg=1, [get] https://www.google.com/setprefs?sig=0_Q8-VrXFixmmZkLQNymP6DjaHHgc%3D&hl=kn&source=homepage&sa=X&ved=0ahUKEwj0m5fgwu6RAxVI3TgGHYQIPUoQ2ZgBCB0, [get] https://mail.google.com/mail/&ogbl, [get] https://www.google.com/advanced_search?hl=en-IN&fg=1, [get] https://www.google.com/preferences?hl=en-IN&fg=1, [get] https://about.google/?fg=1&utm_source=google-IN&utm_medium=referral&utm_campaign=hp-header, [get] https://www.google.com/setprefs?sig=0_Q8-VrXFixmmZkLQNymP6DjaHHgc%3D&hl=bn&source=homepage&sa=X&ved=0ahUKEwj0m5fgwu6RAxVI3TgGHYQIPUoQ2ZgBCBg, [get] https://www.google.co.in/intl/en/about/products, [get] https://www.google.com/history/privacyadvisor/search/unauth?utm_source=googlemenu&fg=1&cctld=com}
2026-01-03:09:52:25	root	INFO	[Functions.py:835]	set_form_values got 1
2026-01-03:09:52:25	root	INFO	[Functions.py:848]	set_form_values returned 2
2026-01-03:09:52:25	root	ERROR	[Classes.py:562]	'WebDriver' object has no attribute 'find_elements_by_xpath'
2026-01-03:09:52:25	root	ERROR	[Classes.py:564]	Top level error while crawling
2026-01-03:09:52:25	root	INFO	[Functions.py:165]	Check edge: [get] ROOTREQ -(get None[True])-> [get] https://google.com
2026-01-03:09:52:25	root	INFO	[Functions.py:209]	Follow edge: [get] ROOTREQ -(get None[True])-> [get] https://google.com
2026-01-03:09:52:27	root	INFO	[Classes.py:889]	find_state method get
2026-01-03:09:52:29	root	INFO	[Classes.py:1168]	Starting quick scan to find stored XSS
2026-01-03:09:52:29	root	INFO	[Classes.py:1175]	-- Checking: https://google.com
2026-01-03:09:52:30	root	INFO	[Classes.py:1181]	-- Total: set()
