2026-01-28:07:29:18	root	INFO	[Classes.py:484]	Init crawl on https://google.com
2026-01-28:07:29:18	root	INFO	[Functions.py:165]	Check edge: [get] ROOTREQ -(get None[False])-> [get] https://google.com
2026-01-28:07:29:18	root	INFO	[Functions.py:209]	Follow edge: [get] ROOTREQ -(get None[False])-> [get] https://google.com
2026-01-28:07:29:19	root	INFO	[Classes.py:1336]	Current url: https://www.google.com/
2026-01-28:07:29:19	root	INFO	[Classes.py:1337]	Crawl (edge): [get] ROOTREQ -(get None[False])-> [get] https://google.com
2026-01-28:07:29:20	root	WARNING	[Classes.py:1405]	Could not execute javascript function in timeout {'function_id': '4a3d429005352314d578e4ef06858864', 'function_name': 'na', 'time': 1450.3000000000466}
2026-01-28:07:29:20	root	WARNING	[Classes.py:1405]	Could not execute javascript function in timeout {'function_id': 'e03ad3488163c103d85747880c44806b', 'function_name': 'a', 'time': 1896.8000000000466}
2026-01-28:07:29:21	root	ERROR	[Forms.py:56]	Unknown exception in inputs
2026-01-28:07:29:21	root	WARNING	[Forms.py:64]	No inputs founds during parse, falling back to JavaScript
2026-01-28:07:29:21	root	INFO	[Forms.py:74]	Found js form: Form(0, https://www.google.com/search, get)
2026-01-28:07:29:22	root	ERROR	[Classes.py:341]	Unknown button ('button', '', '')
2026-01-28:07:29:22	root	ERROR	[Classes.py:341]	Unknown button ('button', '', '')
2026-01-28:07:29:22	root	ERROR	[Classes.py:341]	Unknown button ('button', '', '')
2026-01-28:07:29:22	root	ERROR	[Classes.py:341]	Unknown button ('button', '', '')
2026-01-28:07:29:22	root	ERROR	[Classes.py:341]	Unknown button ('button', '', '')
2026-01-28:07:29:23	root	DEBUG	[Urls.py:123]	URLs from extract_urls {[get] https://www.google.com/advanced_search?hl=en-IN&fg=1, [get] https://www.google.com/setprefs?sig=0_zXTzEj8iR70_5Jev0-9f-0DxvqY%3D&hl=mr&source=homepage&sa=X&ved=0ahUKEwjPip6wka2SAxU8S2wGHeHqCOQQ2ZgBCCM, [get] https://accounts.google.com/ServiceLogin?hl=en&passive=true&continue=https://www.google.com/&ec=futura_exp_og_so_72776762_e, [get] https://policies.google.com/privacy?hl=en-IN&fg=1, [get] https://www.google.com/setprefs?sig=0_zXTzEj8iR70_5Jev0-9f-0DxvqY%3D&hl=bn&source=homepage&sa=X&ved=0ahUKEwjPip6wka2SAxU8S2wGHeHqCOQQ2ZgBCCE, [get] https://google.com/search/howsearchworks/?fg=1, [get] https://www.google.com/imghp?hl=en&ogbl, [get] https://www.google.com/setprefs?sig=0_zXTzEj8iR70_5Jev0-9f-0DxvqY%3D&hl=gu&source=homepage&sa=X&ved=0ahUKEwjPip6wka2SAxU8S2wGHeHqCOQQ2ZgBCCU, [get] https://policies.google.com/terms?hl=en-IN&fg=1, [get] https://www.google.com/setprefs?sig=0_zXTzEj8iR70_5Jev0-9f-0DxvqY%3D&hl=ml&source=homepage&sa=X&ved=0ahUKEwjPip6wka2SAxU8S2wGHeHqCOQQ2ZgBCCc, [get] https://www.google.com/setprefs?sig=0_zXTzEj8iR70_5Jev0-9f-0DxvqY%3D&hl=te&source=homepage&sa=X&ved=0ahUKEwjPip6wka2SAxU8S2wGHeHqCOQQ2ZgBCCI, [get] https://www.google.com/setprefs?sig=0_zXTzEj8iR70_5Jev0-9f-0DxvqY%3D&hl=ta&source=homepage&sa=X&ved=0ahUKEwjPip6wka2SAxU8S2wGHeHqCOQQ2ZgBCCQ, [get] https://www.google.com/history/optout?hl=en-IN&fg=1, [get] https://www.google.co.in/intl/en/about/products, [get] https://mail.google.com/mail/&ogbl, [get] https://www.google.com/preferences?hl=en-IN&fg=1, [get] https://www.google.com/setprefs?sig=0_zXTzEj8iR70_5Jev0-9f-0DxvqY%3D&hl=pa&source=homepage&sa=X&ved=0ahUKEwjPip6wka2SAxU8S2wGHeHqCOQQ2ZgBCCg, [get] https://www.google.com/setprefs?sig=0_zXTzEj8iR70_5Jev0-9f-0DxvqY%3D&hl=kn&source=homepage&sa=X&ved=0ahUKEwjPip6wka2SAxU8S2wGHeHqCOQQ2ZgBCCY, [get] https://about.google/?fg=1&utm_source=google-IN&utm_medium=referral&utm_campaign=hp-header, [get] https://www.google.com/setprefs?sig=0_zXTzEj8iR70_5Jev0-9f-0DxvqY%3D&hl=hi&source=homepage&sa=X&ved=0ahUKEwjPip6wka2SAxU8S2wGHeHqCOQQ2ZgBCCA, [get] https://support.google.com/websearch/?p=ws_results_help&hl=en-IN&fg=1, [get] https://www.google.com/history/privacyadvisor/search/unauth?utm_source=googlemenu&fg=1&cctld=com, [get] https://www.google.com/intl/en_in/ads/?subid=ww-ww-et-g-awa-a-g_hpafoot1_1!o2&utm_source=google.com&utm_medium=referral&utm_campaign=google_hpafooter&fg=1, [get] https://www.google.com/services/?subid=ww-ww-et-g-awa-a-g_hpbfoot1_1!o2&utm_source=google.com&utm_medium=referral&utm_campaign=google_hpbfooter&fg=1, [get] https://store.google.com/IN?utm_source=hp_header&utm_medium=google_ooo&utm_campaign=GS100042&hl=en-IN}
2026-01-28:07:29:23	root	ERROR	[Forms.py:56]	Unknown exception in inputs
2026-01-28:07:29:23	root	WARNING	[Forms.py:64]	No inputs founds during parse, falling back to JavaScript
2026-01-28:07:29:23	root	INFO	[Forms.py:74]	Found js form: Form(0, https://www.google.com/search, get)
2026-01-28:07:29:24	root	ERROR	[Classes.py:341]	Unknown button ('button', '', '')
2026-01-28:07:29:24	root	ERROR	[Classes.py:341]	Unknown button ('button', '', '')
2026-01-28:07:29:24	root	ERROR	[Classes.py:341]	Unknown button ('button', '', '')
2026-01-28:07:29:24	root	ERROR	[Classes.py:341]	Unknown button ('button', '', '')
2026-01-28:07:29:24	root	ERROR	[Classes.py:341]	Unknown button ('button', '', '')
2026-01-28:07:29:24	root	INFO	[Functions.py:835]	set_form_values got 1
2026-01-28:07:29:24	root	INFO	[Functions.py:848]	set_form_values returned 2
2026-01-28:07:29:26	root	INFO	[Classes.py:1446]	Adding requests from URLs
2026-01-28:07:29:26	root	INFO	[Classes.py:1448]	from URLs [get] https://www.google.com/advanced_search?hl=en-IN&fg=1 
2026-01-28:07:29:26	root	DEBUG	[Functions.py:310]	Different origins https://google.com and https://www.google.com/advanced_search?hl=en-IN&fg=1
2026-01-28:07:29:26	root	INFO	[Classes.py:1454]	Not allowed to add edge: [get] https://google.com -(get None[False])-> [get] https://www.google.com/advanced_search?hl=en-IN&fg=1
2026-01-28:07:29:26	root	INFO	[Classes.py:1448]	from URLs [get] https://www.google.com/setprefs?sig=0_zXTzEj8iR70_5Jev0-9f-0DxvqY%3D&hl=mr&source=homepage&sa=X&ved=0ahUKEwjPip6wka2SAxU8S2wGHeHqCOQQ2ZgBCCM 
2026-01-28:07:29:26	root	DEBUG	[Functions.py:310]	Different origins https://google.com and https://www.google.com/setprefs?sig=0_zXTzEj8iR70_5Jev0-9f-0DxvqY%3D&hl=mr&source=homepage&sa=X&ved=0ahUKEwjPip6wka2SAxU8S2wGHeHqCOQQ2ZgBCCM
2026-01-28:07:29:26	root	INFO	[Classes.py:1454]	Not allowed to add edge: [get] https://google.com -(get None[False])-> [get] https://www.google.com/setprefs?sig=0_zXTzEj8iR70_5Jev0-9f-0DxvqY%3D&hl=mr&source=homepage&sa=X&ved=0ahUKEwjPip6wka2SAxU8S2wGHeHqCOQQ2ZgBCCM
2026-01-28:07:29:26	root	INFO	[Classes.py:1448]	from URLs [get] https://accounts.google.com/ServiceLogin?hl=en&passive=true&continue=https://www.google.com/&ec=futura_exp_og_so_72776762_e 
2026-01-28:07:29:26	root	DEBUG	[Functions.py:310]	Different origins https://google.com and https://accounts.google.com/ServiceLogin?hl=en&passive=true&continue=https://www.google.com/&ec=futura_exp_og_so_72776762_e
2026-01-28:07:29:26	root	INFO	[Classes.py:1454]	Not allowed to add edge: [get] https://google.com -(get None[False])-> [get] https://accounts.google.com/ServiceLogin?hl=en&passive=true&continue=https://www.google.com/&ec=futura_exp_og_so_72776762_e
2026-01-28:07:29:26	root	INFO	[Classes.py:1448]	from URLs [get] https://policies.google.com/privacy?hl=en-IN&fg=1 
2026-01-28:07:29:26	root	DEBUG	[Functions.py:310]	Different origins https://google.com and https://policies.google.com/privacy?hl=en-IN&fg=1
2026-01-28:07:29:26	root	INFO	[Classes.py:1454]	Not allowed to add edge: [get] https://google.com -(get None[False])-> [get] https://policies.google.com/privacy?hl=en-IN&fg=1
2026-01-28:07:29:26	root	INFO	[Classes.py:1448]	from URLs [get] https://www.google.com/setprefs?sig=0_zXTzEj8iR70_5Jev0-9f-0DxvqY%3D&hl=bn&source=homepage&sa=X&ved=0ahUKEwjPip6wka2SAxU8S2wGHeHqCOQQ2ZgBCCE 
2026-01-28:07:29:26	root	DEBUG	[Functions.py:310]	Different origins https://google.com and https://www.google.com/setprefs?sig=0_zXTzEj8iR70_5Jev0-9f-0DxvqY%3D&hl=bn&source=homepage&sa=X&ved=0ahUKEwjPip6wka2SAxU8S2wGHeHqCOQQ2ZgBCCE
2026-01-28:07:29:26	root	INFO	[Classes.py:1454]	Not allowed to add edge: [get] https://google.com -(get None[False])-> [get] https://www.google.com/setprefs?sig=0_zXTzEj8iR70_5Jev0-9f-0DxvqY%3D&hl=bn&source=homepage&sa=X&ved=0ahUKEwjPip6wka2SAxU8S2wGHeHqCOQQ2ZgBCCE
2026-01-28:07:29:26	root	INFO	[Classes.py:1448]	from URLs [get] https://google.com/search/howsearchworks/?fg=1 
2026-01-28:07:29:26	root	INFO	[Classes.py:1448]	from URLs [get] https://www.google.com/imghp?hl=en&ogbl 
2026-01-28:07:29:26	root	DEBUG	[Functions.py:310]	Different origins https://google.com and https://www.google.com/imghp?hl=en&ogbl
2026-01-28:07:29:26	root	INFO	[Classes.py:1454]	Not allowed to add edge: [get] https://google.com -(get None[False])-> [get] https://www.google.com/imghp?hl=en&ogbl
2026-01-28:07:29:26	root	INFO	[Classes.py:1448]	from URLs [get] https://www.google.com/setprefs?sig=0_zXTzEj8iR70_5Jev0-9f-0DxvqY%3D&hl=gu&source=homepage&sa=X&ved=0ahUKEwjPip6wka2SAxU8S2wGHeHqCOQQ2ZgBCCU 
2026-01-28:07:29:26	root	DEBUG	[Functions.py:310]	Different origins https://google.com and https://www.google.com/setprefs?sig=0_zXTzEj8iR70_5Jev0-9f-0DxvqY%3D&hl=gu&source=homepage&sa=X&ved=0ahUKEwjPip6wka2SAxU8S2wGHeHqCOQQ2ZgBCCU
2026-01-28:07:29:26	root	INFO	[Classes.py:1454]	Not allowed to add edge: [get] https://google.com -(get None[False])-> [get] https://www.google.com/setprefs?sig=0_zXTzEj8iR70_5Jev0-9f-0DxvqY%3D&hl=gu&source=homepage&sa=X&ved=0ahUKEwjPip6wka2SAxU8S2wGHeHqCOQQ2ZgBCCU
2026-01-28:07:29:26	root	INFO	[Classes.py:1448]	from URLs [get] https://policies.google.com/terms?hl=en-IN&fg=1 
2026-01-28:07:29:26	root	DEBUG	[Functions.py:310]	Different origins https://google.com and https://policies.google.com/terms?hl=en-IN&fg=1
2026-01-28:07:29:26	root	INFO	[Classes.py:1454]	Not allowed to add edge: [get] https://google.com -(get None[False])-> [get] https://policies.google.com/terms?hl=en-IN&fg=1
2026-01-28:07:29:26	root	INFO	[Classes.py:1448]	from URLs [get] https://www.google.com/setprefs?sig=0_zXTzEj8iR70_5Jev0-9f-0DxvqY%3D&hl=ml&source=homepage&sa=X&ved=0ahUKEwjPip6wka2SAxU8S2wGHeHqCOQQ2ZgBCCc 
2026-01-28:07:29:26	root	DEBUG	[Functions.py:310]	Different origins https://google.com and https://www.google.com/setprefs?sig=0_zXTzEj8iR70_5Jev0-9f-0DxvqY%3D&hl=ml&source=homepage&sa=X&ved=0ahUKEwjPip6wka2SAxU8S2wGHeHqCOQQ2ZgBCCc
2026-01-28:07:29:26	root	INFO	[Classes.py:1454]	Not allowed to add edge: [get] https://google.com -(get None[False])-> [get] https://www.google.com/setprefs?sig=0_zXTzEj8iR70_5Jev0-9f-0DxvqY%3D&hl=ml&source=homepage&sa=X&ved=0ahUKEwjPip6wka2SAxU8S2wGHeHqCOQQ2ZgBCCc
2026-01-28:07:29:26	root	INFO	[Classes.py:1448]	from URLs [get] https://www.google.com/setprefs?sig=0_zXTzEj8iR70_5Jev0-9f-0DxvqY%3D&hl=te&source=homepage&sa=X&ved=0ahUKEwjPip6wka2SAxU8S2wGHeHqCOQQ2ZgBCCI 
2026-01-28:07:29:26	root	DEBUG	[Functions.py:310]	Different origins https://google.com and https://www.google.com/setprefs?sig=0_zXTzEj8iR70_5Jev0-9f-0DxvqY%3D&hl=te&source=homepage&sa=X&ved=0ahUKEwjPip6wka2SAxU8S2wGHeHqCOQQ2ZgBCCI
2026-01-28:07:29:26	root	INFO	[Classes.py:1454]	Not allowed to add edge: [get] https://google.com -(get None[False])-> [get] https://www.google.com/setprefs?sig=0_zXTzEj8iR70_5Jev0-9f-0DxvqY%3D&hl=te&source=homepage&sa=X&ved=0ahUKEwjPip6wka2SAxU8S2wGHeHqCOQQ2ZgBCCI
2026-01-28:07:29:26	root	INFO	[Classes.py:1448]	from URLs [get] https://www.google.com/setprefs?sig=0_zXTzEj8iR70_5Jev0-9f-0DxvqY%3D&hl=ta&source=homepage&sa=X&ved=0ahUKEwjPip6wka2SAxU8S2wGHeHqCOQQ2ZgBCCQ 
2026-01-28:07:29:26	root	DEBUG	[Functions.py:310]	Different origins https://google.com and https://www.google.com/setprefs?sig=0_zXTzEj8iR70_5Jev0-9f-0DxvqY%3D&hl=ta&source=homepage&sa=X&ved=0ahUKEwjPip6wka2SAxU8S2wGHeHqCOQQ2ZgBCCQ
2026-01-28:07:29:26	root	INFO	[Classes.py:1454]	Not allowed to add edge: [get] https://google.com -(get None[False])-> [get] https://www.google.com/setprefs?sig=0_zXTzEj8iR70_5Jev0-9f-0DxvqY%3D&hl=ta&source=homepage&sa=X&ved=0ahUKEwjPip6wka2SAxU8S2wGHeHqCOQQ2ZgBCCQ
2026-01-28:07:29:26	root	INFO	[Classes.py:1448]	from URLs [get] https://www.google.com/history/optout?hl=en-IN&fg=1 
2026-01-28:07:29:26	root	DEBUG	[Functions.py:310]	Different origins https://google.com and https://www.google.com/history/optout?hl=en-IN&fg=1
2026-01-28:07:29:26	root	INFO	[Classes.py:1454]	Not allowed to add edge: [get] https://google.com -(get None[False])-> [get] https://www.google.com/history/optout?hl=en-IN&fg=1
2026-01-28:07:29:26	root	INFO	[Classes.py:1448]	from URLs [get] https://www.google.co.in/intl/en/about/products 
2026-01-28:07:29:26	root	DEBUG	[Functions.py:310]	Different origins https://google.com and https://www.google.co.in/intl/en/about/products
2026-01-28:07:29:26	root	INFO	[Classes.py:1454]	Not allowed to add edge: [get] https://google.com -(get None[False])-> [get] https://www.google.co.in/intl/en/about/products
2026-01-28:07:29:26	root	INFO	[Classes.py:1448]	from URLs [get] https://mail.google.com/mail/&ogbl 
2026-01-28:07:29:26	root	DEBUG	[Functions.py:310]	Different origins https://google.com and https://mail.google.com/mail/&ogbl
2026-01-28:07:29:26	root	INFO	[Classes.py:1454]	Not allowed to add edge: [get] https://google.com -(get None[False])-> [get] https://mail.google.com/mail/&ogbl
2026-01-28:07:29:26	root	INFO	[Classes.py:1448]	from URLs [get] https://www.google.com/preferences?hl=en-IN&fg=1 
2026-01-28:07:29:26	root	DEBUG	[Functions.py:310]	Different origins https://google.com and https://www.google.com/preferences?hl=en-IN&fg=1
2026-01-28:07:29:26	root	INFO	[Classes.py:1454]	Not allowed to add edge: [get] https://google.com -(get None[False])-> [get] https://www.google.com/preferences?hl=en-IN&fg=1
2026-01-28:07:29:26	root	INFO	[Classes.py:1448]	from URLs [get] https://www.google.com/setprefs?sig=0_zXTzEj8iR70_5Jev0-9f-0DxvqY%3D&hl=pa&source=homepage&sa=X&ved=0ahUKEwjPip6wka2SAxU8S2wGHeHqCOQQ2ZgBCCg 
2026-01-28:07:29:26	root	DEBUG	[Functions.py:310]	Different origins https://google.com and https://www.google.com/setprefs?sig=0_zXTzEj8iR70_5Jev0-9f-0DxvqY%3D&hl=pa&source=homepage&sa=X&ved=0ahUKEwjPip6wka2SAxU8S2wGHeHqCOQQ2ZgBCCg
2026-01-28:07:29:26	root	INFO	[Classes.py:1454]	Not allowed to add edge: [get] https://google.com -(get None[False])-> [get] https://www.google.com/setprefs?sig=0_zXTzEj8iR70_5Jev0-9f-0DxvqY%3D&hl=pa&source=homepage&sa=X&ved=0ahUKEwjPip6wka2SAxU8S2wGHeHqCOQQ2ZgBCCg
2026-01-28:07:29:26	root	INFO	[Classes.py:1448]	from URLs [get] https://www.google.com/setprefs?sig=0_zXTzEj8iR70_5Jev0-9f-0DxvqY%3D&hl=kn&source=homepage&sa=X&ved=0ahUKEwjPip6wka2SAxU8S2wGHeHqCOQQ2ZgBCCY 
2026-01-28:07:29:26	root	DEBUG	[Functions.py:310]	Different origins https://google.com and https://www.google.com/setprefs?sig=0_zXTzEj8iR70_5Jev0-9f-0DxvqY%3D&hl=kn&source=homepage&sa=X&ved=0ahUKEwjPip6wka2SAxU8S2wGHeHqCOQQ2ZgBCCY
2026-01-28:07:29:26	root	INFO	[Classes.py:1454]	Not allowed to add edge: [get] https://google.com -(get None[False])-> [get] https://www.google.com/setprefs?sig=0_zXTzEj8iR70_5Jev0-9f-0DxvqY%3D&hl=kn&source=homepage&sa=X&ved=0ahUKEwjPip6wka2SAxU8S2wGHeHqCOQQ2ZgBCCY
2026-01-28:07:29:26	root	INFO	[Classes.py:1448]	from URLs [get] https://about.google/?fg=1&utm_source=google-IN&utm_medium=referral&utm_campaign=hp-header 
2026-01-28:07:29:26	root	DEBUG	[Functions.py:310]	Different origins https://google.com and https://about.google/?fg=1&utm_source=google-IN&utm_medium=referral&utm_campaign=hp-header
2026-01-28:07:29:26	root	INFO	[Classes.py:1454]	Not allowed to add edge: [get] https://google.com -(get None[False])-> [get] https://about.google/?fg=1&utm_source=google-IN&utm_medium=referral&utm_campaign=hp-header
2026-01-28:07:29:26	root	INFO	[Classes.py:1448]	from URLs [get] https://www.google.com/setprefs?sig=0_zXTzEj8iR70_5Jev0-9f-0DxvqY%3D&hl=hi&source=homepage&sa=X&ved=0ahUKEwjPip6wka2SAxU8S2wGHeHqCOQQ2ZgBCCA 
2026-01-28:07:29:26	root	DEBUG	[Functions.py:310]	Different origins https://google.com and https://www.google.com/setprefs?sig=0_zXTzEj8iR70_5Jev0-9f-0DxvqY%3D&hl=hi&source=homepage&sa=X&ved=0ahUKEwjPip6wka2SAxU8S2wGHeHqCOQQ2ZgBCCA
2026-01-28:07:29:26	root	INFO	[Classes.py:1454]	Not allowed to add edge: [get] https://google.com -(get None[False])-> [get] https://www.google.com/setprefs?sig=0_zXTzEj8iR70_5Jev0-9f-0DxvqY%3D&hl=hi&source=homepage&sa=X&ved=0ahUKEwjPip6wka2SAxU8S2wGHeHqCOQQ2ZgBCCA
2026-01-28:07:29:26	root	INFO	[Classes.py:1448]	from URLs [get] https://support.google.com/websearch/?p=ws_results_help&hl=en-IN&fg=1 
2026-01-28:07:29:26	root	DEBUG	[Functions.py:310]	Different origins https://google.com and https://support.google.com/websearch/?p=ws_results_help&hl=en-IN&fg=1
2026-01-28:07:29:26	root	INFO	[Classes.py:1454]	Not allowed to add edge: [get] https://google.com -(get None[False])-> [get] https://support.google.com/websearch/?p=ws_results_help&hl=en-IN&fg=1
2026-01-28:07:29:26	root	INFO	[Classes.py:1448]	from URLs [get] https://www.google.com/history/privacyadvisor/search/unauth?utm_source=googlemenu&fg=1&cctld=com 
2026-01-28:07:29:26	root	DEBUG	[Functions.py:310]	Different origins https://google.com and https://www.google.com/history/privacyadvisor/search/unauth?utm_source=googlemenu&fg=1&cctld=com
2026-01-28:07:29:26	root	INFO	[Classes.py:1454]	Not allowed to add edge: [get] https://google.com -(get None[False])-> [get] https://www.google.com/history/privacyadvisor/search/unauth?utm_source=googlemenu&fg=1&cctld=com
2026-01-28:07:29:26	root	INFO	[Classes.py:1448]	from URLs [get] https://www.google.com/intl/en_in/ads/?subid=ww-ww-et-g-awa-a-g_hpafoot1_1!o2&utm_source=google.com&utm_medium=referral&utm_campaign=google_hpafooter&fg=1 
2026-01-28:07:29:26	root	DEBUG	[Functions.py:310]	Different origins https://google.com and https://www.google.com/intl/en_in/ads/?subid=ww-ww-et-g-awa-a-g_hpafoot1_1!o2&utm_source=google.com&utm_medium=referral&utm_campaign=google_hpafooter&fg=1
2026-01-28:07:29:26	root	INFO	[Classes.py:1454]	Not allowed to add edge: [get] https://google.com -(get None[False])-> [get] https://www.google.com/intl/en_in/ads/?subid=ww-ww-et-g-awa-a-g_hpafoot1_1!o2&utm_source=google.com&utm_medium=referral&utm_campaign=google_hpafooter&fg=1
2026-01-28:07:29:26	root	INFO	[Classes.py:1448]	from URLs [get] https://www.google.com/services/?subid=ww-ww-et-g-awa-a-g_hpbfoot1_1!o2&utm_source=google.com&utm_medium=referral&utm_campaign=google_hpbfooter&fg=1 
2026-01-28:07:29:26	root	DEBUG	[Functions.py:310]	Different origins https://google.com and https://www.google.com/services/?subid=ww-ww-et-g-awa-a-g_hpbfoot1_1!o2&utm_source=google.com&utm_medium=referral&utm_campaign=google_hpbfooter&fg=1
2026-01-28:07:29:26	root	INFO	[Classes.py:1454]	Not allowed to add edge: [get] https://google.com -(get None[False])-> [get] https://www.google.com/services/?subid=ww-ww-et-g-awa-a-g_hpbfoot1_1!o2&utm_source=google.com&utm_medium=referral&utm_campaign=google_hpbfooter&fg=1
2026-01-28:07:29:26	root	INFO	[Classes.py:1448]	from URLs [get] https://store.google.com/IN?utm_source=hp_header&utm_medium=google_ooo&utm_campaign=GS100042&hl=en-IN 
2026-01-28:07:29:26	root	DEBUG	[Functions.py:310]	Different origins https://google.com and https://store.google.com/IN?utm_source=hp_header&utm_medium=google_ooo&utm_campaign=GS100042&hl=en-IN
2026-01-28:07:29:26	root	INFO	[Classes.py:1454]	Not allowed to add edge: [get] https://google.com -(get None[False])-> [get] https://store.google.com/IN?utm_source=hp_header&utm_medium=google_ooo&utm_campaign=GS100042&hl=en-IN
2026-01-28:07:29:26	root	INFO	[Classes.py:1456]	Adding requests from froms
2026-01-28:07:29:26	root	INFO	[Classes.py:1459]	from forms [get] https://www.google.com/search 
2026-01-28:07:29:26	root	DEBUG	[Functions.py:310]	Different origins https://google.com and https://www.google.com/search
2026-01-28:07:29:26	root	INFO	[Classes.py:1465]	Not allowed to add edge: [get] https://google.com -(form Form(10, https://www.google.com/search, get)[False])-> [get] https://www.google.com/search
2026-01-28:07:29:26	root	INFO	[Classes.py:1459]	from forms [get] https://www.google.com/search 
2026-01-28:07:29:26	root	DEBUG	[Functions.py:310]	Different origins https://google.com and https://www.google.com/search
2026-01-28:07:29:26	root	INFO	[Classes.py:1465]	Not allowed to add edge: [get] https://google.com -(form Form(10, https://www.google.com/search, get)[False])-> [get] https://www.google.com/search
2026-01-28:07:29:26	root	INFO	[Classes.py:1467]	Adding requests from events
2026-01-28:07:29:26	root	INFO	[Classes.py:1470]	from events [event] https://google.com 
2026-01-28:07:29:26	root	INFO	[Classes.py:1470]	from events [event] https://google.com 
2026-01-28:07:29:26	root	INFO	[Classes.py:128]	failed to add node [event] https://google.com, already added
2026-01-28:07:29:26	root	INFO	[Classes.py:1470]	from events [event] https://google.com 
2026-01-28:07:29:26	root	INFO	[Classes.py:128]	failed to add node [event] https://google.com, already added
2026-01-28:07:29:26	root	INFO	[Classes.py:1470]	from events [event] https://google.com 
2026-01-28:07:29:26	root	INFO	[Classes.py:128]	failed to add node [event] https://google.com, already added
2026-01-28:07:29:26	root	INFO	[Classes.py:1470]	from events [event] https://google.com 
2026-01-28:07:29:26	root	INFO	[Classes.py:128]	failed to add node [event] https://google.com, already added
2026-01-28:07:29:26	root	INFO	[Classes.py:1470]	from events [event] https://google.com 
2026-01-28:07:29:26	root	INFO	[Classes.py:1477]	Not allowed to add edge: [get] https://google.com -(event Event(onerror, /html/body/script[5])[False])-> [event] https://google.com
2026-01-28:07:29:26	root	INFO	[Classes.py:1470]	from events [event] https://google.com 
2026-01-28:07:29:26	root	INFO	[Classes.py:128]	failed to add node [event] https://google.com, already added
2026-01-28:07:29:26	root	INFO	[Classes.py:1470]	from events [event] https://google.com 
2026-01-28:07:29:26	root	INFO	[Classes.py:128]	failed to add node [event] https://google.com, already added
2026-01-28:07:29:26	root	INFO	[Classes.py:1470]	from events [event] https://google.com 
2026-01-28:07:29:26	root	INFO	[Classes.py:1477]	Not allowed to add edge: [get] https://google.com -(event Event(onerror, /html/body/script[4])[False])-> [event] https://google.com
2026-01-28:07:29:26	root	INFO	[Classes.py:1470]	from events [event] https://google.com 
2026-01-28:07:29:26	root	INFO	[Classes.py:128]	failed to add node [event] https://google.com, already added
2026-01-28:07:29:26	root	INFO	[Classes.py:1470]	from events [event] https://google.com 
2026-01-28:07:29:26	root	INFO	[Classes.py:128]	failed to add node [event] https://google.com, already added
2026-01-28:07:29:26	root	INFO	[Classes.py:1470]	from events [event] https://google.com 
2026-01-28:07:29:26	root	INFO	[Classes.py:128]	failed to add node [event] https://google.com, already added
2026-01-28:07:29:26	root	INFO	[Classes.py:1470]	from events [event] https://google.com 
2026-01-28:07:29:26	root	INFO	[Classes.py:128]	failed to add node [event] https://google.com, already added
2026-01-28:07:29:26	root	INFO	[Classes.py:1470]	from events [event] https://google.com 
2026-01-28:07:29:26	root	INFO	[Classes.py:1477]	Not allowed to add edge: [get] https://google.com -(event Event(onerror, /html/head/link[2])[False])-> [event] https://google.com
2026-01-28:07:29:26	root	INFO	[Classes.py:1470]	from events [event] https://google.com 
2026-01-28:07:29:26	root	INFO	[Classes.py:128]	failed to add node [event] https://google.com, already added
2026-01-28:07:29:26	root	INFO	[Classes.py:1470]	from events [event] https://google.com 
2026-01-28:07:29:26	root	INFO	[Classes.py:1477]	Not allowed to add edge: [get] https://google.com -(event Event(onerror, /html/body/script[3])[False])-> [event] https://google.com
2026-01-28:07:29:26	root	INFO	[Classes.py:1470]	from events [event] https://google.com 
2026-01-28:07:29:26	root	INFO	[Classes.py:128]	failed to add node [event] https://google.com, already added
2026-01-28:07:29:26	root	INFO	[Classes.py:1470]	from events [event] https://google.com 
2026-01-28:07:29:26	root	INFO	[Classes.py:128]	failed to add node [event] https://google.com, already added
2026-01-28:07:29:26	root	INFO	[Classes.py:1470]	from events [event] https://google.com 
2026-01-28:07:29:26	root	INFO	[Classes.py:1477]	Not allowed to add edge: [get] https://google.com -(event Event(onerror, /html/body/script[9])[False])-> [event] https://google.com
2026-01-28:07:29:26	root	INFO	[Classes.py:1470]	from events [event] https://google.com 
2026-01-28:07:29:26	root	INFO	[Classes.py:128]	failed to add node [event] https://google.com, already added
2026-01-28:07:29:26	root	INFO	[Classes.py:1470]	from events [event] https://google.com 
2026-01-28:07:29:26	root	INFO	[Classes.py:1477]	Not allowed to add edge: [get] https://google.com -(event Event(onerror, /html/body/script[6])[False])-> [event] https://google.com
2026-01-28:07:29:26	root	INFO	[Classes.py:1470]	from events [event] https://google.com 
2026-01-28:07:29:26	root	INFO	[Classes.py:128]	failed to add node [event] https://google.com, already added
2026-01-28:07:29:26	root	INFO	[Classes.py:1470]	from events [event] https://google.com 
2026-01-28:07:29:26	root	INFO	[Classes.py:1477]	Not allowed to add edge: [get] https://google.com -(event Event(onerror, /html/body/script[2])[False])-> [event] https://google.com
2026-01-28:07:29:26	root	INFO	[Classes.py:1470]	from events [event] https://google.com 
2026-01-28:07:29:26	root	INFO	[Classes.py:1477]	Not allowed to add edge: [get] https://google.com -(event Event(onerror, /html/body/script[7])[False])-> [event] https://google.com
2026-01-28:07:29:26	root	INFO	[Classes.py:1470]	from events [event] https://google.com 
2026-01-28:07:29:26	root	INFO	[Classes.py:128]	failed to add node [event] https://google.com, already added
2026-01-28:07:29:26	root	INFO	[Classes.py:1470]	from events [event] https://google.com 
2026-01-28:07:29:26	root	INFO	[Classes.py:1477]	Not allowed to add edge: [get] https://google.com -(event Event(onerror, /html/body)[False])-> [event] https://google.com
2026-01-28:07:29:26	root	INFO	[Classes.py:1470]	from events [event] https://google.com 
2026-01-28:07:29:26	root	INFO	[Classes.py:128]	failed to add node [event] https://google.com, already added
2026-01-28:07:29:26	root	INFO	[Classes.py:1470]	from events [event] https://google.com 
2026-01-28:07:29:26	root	INFO	[Classes.py:128]	failed to add node [event] https://google.com, already added
2026-01-28:07:29:26	root	INFO	[Classes.py:1470]	from events [event] https://google.com 
2026-01-28:07:29:26	root	INFO	[Classes.py:1477]	Not allowed to add edge: [get] https://google.com -(event Event(onerror, /html/body/script[8])[False])-> [event] https://google.com
2026-01-28:07:29:26	root	INFO	[Classes.py:1470]	from events [event] https://google.com 
2026-01-28:07:29:26	root	INFO	[Classes.py:128]	failed to add node [event] https://google.com, already added
2026-01-28:07:29:26	root	INFO	[Classes.py:1470]	from events [event] https://google.com 
2026-01-28:07:29:26	root	INFO	[Classes.py:128]	failed to add node [event] https://google.com, already added
2026-01-28:07:29:26	root	INFO	[Classes.py:1470]	from events [event] https://google.com 
2026-01-28:07:29:26	root	INFO	[Classes.py:128]	failed to add node [event] https://google.com, already added
2026-01-28:07:29:26	root	INFO	[Classes.py:1479]	Adding requests from iframes
2026-01-28:07:29:26	root	INFO	[Classes.py:1491]	Adding requests from ui_forms
2026-01-28:07:29:26	root	ERROR	[Classes.py:562]	'WebDriver' object has no attribute 'switch_to_alert'
2026-01-28:07:29:26	root	ERROR	[Classes.py:564]	Top level error while crawling
2026-01-28:07:29:26	root	INFO	[Functions.py:165]	Check edge: [get] https://google.com -(get None[False])-> [get] https://google.com/search/howsearchworks/?fg=1
2026-01-28:07:29:26	root	INFO	[Functions.py:209]	Follow edge: [get] https://google.com -(get None[False])-> [get] https://google.com/search/howsearchworks/?fg=1
2026-01-28:07:29:27	root	INFO	[Classes.py:1336]	Current url: https://www.google.com/search/howsearchworks/?fg=1
2026-01-28:07:29:27	root	INFO	[Classes.py:1337]	Crawl (edge): [get] https://google.com -(get None[False])-> [get] https://google.com/search/howsearchworks/?fg=1
2026-01-28:07:29:28	root	DEBUG	[Urls.py:123]	URLs from extract_urls {[get] https://www.google.com/intl/en_in/search/howsearchworks/how-search-works/ranking-results, [get] https://www.google.com/intl/en_in/search/howsearchworks/our-approach/maximize-access, [get] https://blog.google/products/search/overview-our-rater-guidelines-search/, [get] https://safety.google/, [get] https://blog.google/products/news/fact-checking-misinformation-google-features/, [get] https://www.google.com/intl/en_in/search/howsearchworks/our-approach#presentInfo, [get] https://about.google/, [get] https://www.google.com/intl/en_in/search/howsearchworks/our-approach, [get] https://www.google.com/search/howsearchworks/?fg=1#page-content, [get] https://www.google.com/intl/en_in/search/howsearchworks/features, [get] https://policies.google.com/privacy?hl=en, [get] https://about.google/products/, [get] https://www.google.com/intl/en_in/search/howsearchworks/how-search-works/detecting-spam, [get] https://www.google.com/intl/en_in/search/howsearchworks/our-history/, [get] https://blog.google/, [get] https://www.google.com/intl/en_in/search/howsearchworks/how-search-works, [get] https://economicimpact.google/, [get] https://sustainability.google/, [get] https://www.google.com/intl/en_us/search/howsearchworks/how-news-works, [get] https://www.google.com/intl/en_in/search/howsearchworks/family-safety, [get] https://www.google.com/intl/en_in/search/howsearchworks, [get] https://myaccount.google.com/yourdata/search?pli=1, [get] https://www.google.com/intl/en_us/search/howsearchworks/information-quality, [get] https://ai.google/, [get] https://support.google.com/websearch?hl=en#topic=3378866, [get] https://www.gstatic.com/gumdrop/files/hsw-overview-v6.pdf, [get] https://publicpolicy.google/, [get] https://blog.google/products/search/generative-ai-google-search-may-2024/, [get] https://transparency.google/, [get] https://www.google.com/intl/en_in/search/howsearchworks/our-approach#protectPrivacy, [get] https://www.google.com/intl/en_in/search/howsearchworks/our-approach/ads-on-search, [get] https://www.google.com/intl/en_in/search/howsearchworks/how-search-works/organizing-information, [get] https://www.google.com/intl/en_in/search/howsearchworks/how-search-works/rigorous-testing, [get] https://blog.google/products/search/google-search-update-march-2024/, [get] https://www.google.com/intl/en_in/search/howsearchworks/our-approach#relevantInfo, [get] https://www.google.com/, [get] https://www.gstatic.com/gumdrop/files/hsw-personalization-v5.pdf, [get] https://www.google.com/intl/en_in/search/howsearchworks/our-approach/helping-creators, [get] https://one.google.com/terms-of-service?hl=en&g1_landing_page=0}
2026-01-28:07:29:28	root	INFO	[Functions.py:835]	set_form_values got 0
2026-01-28:07:29:28	root	INFO	[Functions.py:848]	set_form_values returned 0
2026-01-28:07:29:28	root	ERROR	[Classes.py:562]	Message: javascript error: Assignment to constant variable.
  (Session info: chrome=144.0.7559.61)
Stacktrace:
Symbols not available. Dumping unresolved backtrace:
	0x7ff75eb788e5
	0x7ff75eb78940
	0x7ff75e95165d
	0x7ff75e9592cc
	0x7ff75e95c74e
	0x7ff75e9fc05f
	0x7ff75e9d1fda
	0x7ff75e9fac97
	0x7ff75e99ac29
	0x7ff75e99ba93
	0x7ff75ee90640
	0x7ff75ee8af80
	0x7ff75eea96e6
	0x7ff75eb95de4
	0x7ff75eb9ed8c
	0x7ff75eb82004
	0x7ff75eb821b5
	0x7ff75eb67ee2
	0x7ffa4a48e8d7
	0x7ffa4bb8c53c

2026-01-28:07:29:28	root	ERROR	[Classes.py:564]	Top level error while crawling
2026-01-28:07:29:28	root	WARNING	[Classes.py:1289]	Falling back to GET
2026-01-28:07:29:28	root	INFO	[Functions.py:165]	Check edge: [get] https://google.com -(event Event(mouseover, //*[@id="gbwa"])[False])-> [event] https://google.com
2026-01-28:07:29:28	root	INFO	[Functions.py:209]	Follow edge: [get] https://google.com -(event Event(mouseover, //*[@id="gbwa"])[False])-> [event] https://google.com
2026-01-28:07:29:28	root	INFO	[Functions.py:221]	Event, do find_state
2026-01-28:07:29:28	root	INFO	[Functions.py:92]	find_state method get
2026-01-28:07:29:29	root	INFO	[Functions.py:92]	find_state method event
2026-01-28:07:29:29	root	INFO	[Functions.py:319]	We need to trigger [mouseover] on //*[@id="gbwa"]
2026-01-28:07:29:29	root	WARNING	[Functions.py:390]	Warning Unhandled event mouseover 
2026-01-28:07:29:29	root	ERROR	[Classes.py:562]	'WebDriver' object has no attribute 'switch_to_alert'
2026-01-28:07:29:29	root	ERROR	[Classes.py:564]	Top level error while crawling
2026-01-28:07:29:29	root	WARNING	[Classes.py:1289]	Falling back to GET
2026-01-28:07:29:29	root	INFO	[Functions.py:165]	Check edge: [get] https://google.com -(event Event(mouseover, //*[@id="gbwa"])[False])-> [event] https://google.com
2026-01-28:07:29:29	root	INFO	[Functions.py:209]	Follow edge: [get] https://google.com -(event Event(mouseover, //*[@id="gbwa"])[False])-> [event] https://google.com
2026-01-28:07:29:29	root	INFO	[Functions.py:221]	Event, do find_state
2026-01-28:07:29:29	root	INFO	[Functions.py:92]	find_state method get
2026-01-28:07:29:30	root	INFO	[Functions.py:92]	find_state method event
2026-01-28:07:29:30	root	INFO	[Functions.py:319]	We need to trigger [mouseover] on //*[@id="gbwa"]
2026-01-28:07:29:30	root	WARNING	[Functions.py:390]	Warning Unhandled event mouseover 
2026-01-28:07:29:30	root	ERROR	[Classes.py:562]	'WebDriver' object has no attribute 'switch_to_alert'
2026-01-28:07:29:30	root	ERROR	[Classes.py:564]	Top level error while crawling
2026-01-28:07:29:30	root	WARNING	[Classes.py:1289]	Falling back to GET
2026-01-28:07:29:30	root	INFO	[Functions.py:165]	Check edge: [get] https://google.com -(event Event(mouseover, //*[@id="gbwa"])[False])-> [event] https://google.com
2026-01-28:07:29:30	root	INFO	[Functions.py:209]	Follow edge: [get] https://google.com -(event Event(mouseover, //*[@id="gbwa"])[False])-> [event] https://google.com
2026-01-28:07:29:30	root	INFO	[Functions.py:221]	Event, do find_state
2026-01-28:07:29:30	root	INFO	[Functions.py:92]	find_state method get
2026-01-28:07:29:31	root	INFO	[Functions.py:92]	find_state method event
2026-01-28:07:29:31	root	INFO	[Functions.py:319]	We need to trigger [mouseover] on //*[@id="gbwa"]
2026-01-28:07:29:31	root	WARNING	[Functions.py:390]	Warning Unhandled event mouseover 
2026-01-28:07:29:31	root	ERROR	[Classes.py:562]	'WebDriver' object has no attribute 'switch_to_alert'
2026-01-28:07:29:31	root	ERROR	[Classes.py:564]	Top level error while crawling
2026-01-28:07:29:31	root	INFO	[Functions.py:165]	Check edge: [get] https://google.com -(event Event(click, /html/body/div[2]/div[4]/form/div/div/div[2]/div[4]/div[6]/center/input[2])[False])-> [event] https://google.com
2026-01-28:07:29:31	root	INFO	[Functions.py:209]	Follow edge: [get] https://google.com -(event Event(click, /html/body/div[2]/div[4]/form/div/div/div[2]/div[4]/div[6]/center/input[2])[False])-> [event] https://google.com
2026-01-28:07:29:31	root	INFO	[Functions.py:221]	Event, do find_state
2026-01-28:07:29:31	root	INFO	[Functions.py:92]	find_state method get
2026-01-28:07:29:32	root	INFO	[Functions.py:92]	find_state method event
2026-01-28:07:29:32	root	INFO	[Functions.py:319]	We need to trigger [click] on /html/body/div[2]/div[4]/form/div/div/div[2]/div[4]/div[6]/center/input[2]
2026-01-28:07:29:32	root	ERROR	[Classes.py:562]	'WebDriver' object has no attribute 'switch_to_alert'
2026-01-28:07:29:32	root	ERROR	[Classes.py:564]	Top level error while crawling
2026-01-28:07:29:32	root	WARNING	[Classes.py:1289]	Falling back to GET
2026-01-28:07:29:32	root	INFO	[Functions.py:165]	Check edge: [get] https://google.com -(event Event(mouseover, //*[@id="gbwa"])[False])-> [event] https://google.com
2026-01-28:07:29:32	root	INFO	[Functions.py:209]	Follow edge: [get] https://google.com -(event Event(mouseover, //*[@id="gbwa"])[False])-> [event] https://google.com
2026-01-28:07:29:32	root	INFO	[Functions.py:221]	Event, do find_state
2026-01-28:07:29:32	root	INFO	[Functions.py:92]	find_state method get
2026-01-28:07:29:32	root	INFO	[Functions.py:92]	find_state method event
2026-01-28:07:29:32	root	INFO	[Functions.py:319]	We need to trigger [mouseover] on //*[@id="gbwa"]
2026-01-28:07:29:32	root	WARNING	[Functions.py:390]	Warning Unhandled event mouseover 
2026-01-28:07:29:32	root	ERROR	[Classes.py:562]	'WebDriver' object has no attribute 'switch_to_alert'
2026-01-28:07:29:32	root	ERROR	[Classes.py:564]	Top level error while crawling
2026-01-28:07:29:32	root	WARNING	[Classes.py:1289]	Falling back to GET
2026-01-28:07:29:32	root	INFO	[Functions.py:165]	Check edge: [get] https://google.com -(event Event(mouseover, //*[@id="gbwa"])[False])-> [event] https://google.com
2026-01-28:07:29:32	root	INFO	[Functions.py:209]	Follow edge: [get] https://google.com -(event Event(mouseover, //*[@id="gbwa"])[False])-> [event] https://google.com
2026-01-28:07:29:32	root	INFO	[Functions.py:221]	Event, do find_state
2026-01-28:07:29:32	root	INFO	[Functions.py:92]	find_state method get
2026-01-28:07:29:33	root	INFO	[Functions.py:92]	find_state method event
2026-01-28:07:29:33	root	INFO	[Functions.py:319]	We need to trigger [mouseover] on //*[@id="gbwa"]
2026-01-28:07:29:33	root	WARNING	[Functions.py:390]	Warning Unhandled event mouseover 
2026-01-28:07:29:33	root	ERROR	[Classes.py:562]	'WebDriver' object has no attribute 'switch_to_alert'
2026-01-28:07:29:33	root	ERROR	[Classes.py:564]	Top level error while crawling
2026-01-28:07:29:33	root	WARNING	[Classes.py:1289]	Falling back to GET
2026-01-28:07:29:33	root	INFO	[Functions.py:165]	Check edge: [get] https://google.com -(event Event(mouseover, //*[@id="gbwa"])[False])-> [event] https://google.com
2026-01-28:07:29:33	root	INFO	[Functions.py:209]	Follow edge: [get] https://google.com -(event Event(mouseover, //*[@id="gbwa"])[False])-> [event] https://google.com
2026-01-28:07:29:33	root	INFO	[Functions.py:221]	Event, do find_state
2026-01-28:07:29:33	root	INFO	[Functions.py:92]	find_state method get
2026-01-28:07:29:34	root	INFO	[Functions.py:92]	find_state method event
2026-01-28:07:29:34	root	INFO	[Functions.py:319]	We need to trigger [mouseover] on //*[@id="gbwa"]
2026-01-28:07:29:34	root	WARNING	[Functions.py:390]	Warning Unhandled event mouseover 
2026-01-28:07:29:34	root	ERROR	[Classes.py:562]	'WebDriver' object has no attribute 'switch_to_alert'
2026-01-28:07:29:34	root	ERROR	[Classes.py:564]	Top level error while crawling
2026-01-28:07:29:34	root	WARNING	[Classes.py:1289]	Falling back to GET
2026-01-28:07:29:34	root	INFO	[Functions.py:165]	Check edge: [get] https://google.com -(event Event(mouseover, //*[@id="gbwa"])[False])-> [event] https://google.com
2026-01-28:07:29:34	root	INFO	[Functions.py:209]	Follow edge: [get] https://google.com -(event Event(mouseover, //*[@id="gbwa"])[False])-> [event] https://google.com
2026-01-28:07:29:34	root	INFO	[Functions.py:221]	Event, do find_state
2026-01-28:07:29:34	root	INFO	[Functions.py:92]	find_state method get
2026-01-28:07:29:34	root	INFO	[Functions.py:92]	find_state method event
2026-01-28:07:29:34	root	INFO	[Functions.py:319]	We need to trigger [mouseover] on //*[@id="gbwa"]
2026-01-28:07:29:34	root	WARNING	[Functions.py:390]	Warning Unhandled event mouseover 
2026-01-28:07:29:34	root	ERROR	[Classes.py:562]	'WebDriver' object has no attribute 'switch_to_alert'
2026-01-28:07:29:34	root	ERROR	[Classes.py:564]	Top level error while crawling
2026-01-28:07:29:34	root	INFO	[Functions.py:165]	Check edge: [get] https://google.com -(event Event(click, /html/body/div[2]/div[4]/form/div/div/div[2]/div[4]/div[6]/center/input[2])[False])-> [event] https://google.com
2026-01-28:07:29:34	root	INFO	[Functions.py:209]	Follow edge: [get] https://google.com -(event Event(click, /html/body/div[2]/div[4]/form/div/div/div[2]/div[4]/div[6]/center/input[2])[False])-> [event] https://google.com
2026-01-28:07:29:34	root	INFO	[Functions.py:221]	Event, do find_state
2026-01-28:07:29:34	root	INFO	[Functions.py:92]	find_state method get
2026-01-28:07:29:35	root	INFO	[Functions.py:92]	find_state method event
2026-01-28:07:29:35	root	INFO	[Functions.py:319]	We need to trigger [click] on /html/body/div[2]/div[4]/form/div/div/div[2]/div[4]/div[6]/center/input[2]
2026-01-28:07:29:35	root	ERROR	[Classes.py:562]	'WebDriver' object has no attribute 'switch_to_alert'
2026-01-28:07:29:35	root	ERROR	[Classes.py:564]	Top level error while crawling
2026-01-28:07:29:35	root	WARNING	[Classes.py:1289]	Falling back to GET
2026-01-28:07:29:35	root	INFO	[Functions.py:165]	Check edge: [get] https://google.com -(event Event(mouseover, //*[@id="gbwa"])[False])-> [event] https://google.com
2026-01-28:07:29:35	root	INFO	[Functions.py:209]	Follow edge: [get] https://google.com -(event Event(mouseover, //*[@id="gbwa"])[False])-> [event] https://google.com
2026-01-28:07:29:35	root	INFO	[Functions.py:221]	Event, do find_state
2026-01-28:07:29:35	root	INFO	[Functions.py:92]	find_state method get
2026-01-28:07:29:36	root	INFO	[Functions.py:92]	find_state method event
2026-01-28:07:29:36	root	INFO	[Functions.py:319]	We need to trigger [mouseover] on //*[@id="gbwa"]
2026-01-28:07:29:36	root	WARNING	[Functions.py:390]	Warning Unhandled event mouseover 
2026-01-28:07:29:36	root	ERROR	[Classes.py:562]	'WebDriver' object has no attribute 'switch_to_alert'
2026-01-28:07:29:36	root	ERROR	[Classes.py:564]	Top level error while crawling
2026-01-28:07:29:36	root	WARNING	[Classes.py:1289]	Falling back to GET
2026-01-28:07:29:36	root	INFO	[Functions.py:165]	Check edge: [get] https://google.com -(event Event(mouseover, //*[@id="gbwa"])[False])-> [event] https://google.com
2026-01-28:07:29:36	root	INFO	[Functions.py:209]	Follow edge: [get] https://google.com -(event Event(mouseover, //*[@id="gbwa"])[False])-> [event] https://google.com
2026-01-28:07:29:36	root	INFO	[Functions.py:221]	Event, do find_state
2026-01-28:07:29:36	root	INFO	[Functions.py:92]	find_state method get
2026-01-28:07:29:36	root	INFO	[Functions.py:92]	find_state method event
2026-01-28:07:29:36	root	INFO	[Functions.py:319]	We need to trigger [mouseover] on //*[@id="gbwa"]
2026-01-28:07:29:36	root	WARNING	[Functions.py:390]	Warning Unhandled event mouseover 
2026-01-28:07:29:36	root	ERROR	[Classes.py:562]	'WebDriver' object has no attribute 'switch_to_alert'
2026-01-28:07:29:36	root	ERROR	[Classes.py:564]	Top level error while crawling
2026-01-28:07:29:36	root	INFO	[Functions.py:165]	Check edge: [get] https://google.com -(event Event(click, /html/body/div[2]/div[4]/form/div/div/div[2]/div[4]/div[6]/center/input[2])[False])-> [event] https://google.com
2026-01-28:07:29:36	root	INFO	[Functions.py:209]	Follow edge: [get] https://google.com -(event Event(click, /html/body/div[2]/div[4]/form/div/div/div[2]/div[4]/div[6]/center/input[2])[False])-> [event] https://google.com
2026-01-28:07:29:36	root	INFO	[Functions.py:221]	Event, do find_state
2026-01-28:07:29:36	root	INFO	[Functions.py:92]	find_state method get
2026-01-28:07:29:37	root	INFO	[Functions.py:92]	find_state method event
2026-01-28:07:29:37	root	INFO	[Functions.py:319]	We need to trigger [click] on /html/body/div[2]/div[4]/form/div/div/div[2]/div[4]/div[6]/center/input[2]
2026-01-28:07:29:37	root	ERROR	[Classes.py:562]	'WebDriver' object has no attribute 'switch_to_alert'
2026-01-28:07:29:37	root	ERROR	[Classes.py:564]	Top level error while crawling
2026-01-28:07:29:37	root	INFO	[Functions.py:165]	Check edge: [get] https://google.com -(event Event(click, /html/body/div[2]/div[4]/form/div/div/div[2]/div[4]/div[6]/center/input[2])[False])-> [event] https://google.com
2026-01-28:07:29:37	root	INFO	[Functions.py:209]	Follow edge: [get] https://google.com -(event Event(click, /html/body/div[2]/div[4]/form/div/div/div[2]/div[4]/div[6]/center/input[2])[False])-> [event] https://google.com
2026-01-28:07:29:37	root	INFO	[Functions.py:221]	Event, do find_state
2026-01-28:07:29:37	root	INFO	[Functions.py:92]	find_state method get
2026-01-28:07:29:38	root	INFO	[Functions.py:92]	find_state method event
2026-01-28:07:29:38	root	INFO	[Functions.py:319]	We need to trigger [click] on /html/body/div[2]/div[4]/form/div/div/div[2]/div[4]/div[6]/center/input[2]
2026-01-28:07:29:38	root	ERROR	[Classes.py:562]	'WebDriver' object has no attribute 'switch_to_alert'
2026-01-28:07:29:38	root	ERROR	[Classes.py:564]	Top level error while crawling
2026-01-28:07:29:38	root	WARNING	[Classes.py:1289]	Falling back to GET
2026-01-28:07:29:38	root	INFO	[Functions.py:165]	Check edge: [get] https://google.com -(event Event(mouseover, //*[@id="gbwa"])[False])-> [event] https://google.com
2026-01-28:07:29:38	root	INFO	[Functions.py:209]	Follow edge: [get] https://google.com -(event Event(mouseover, //*[@id="gbwa"])[False])-> [event] https://google.com
2026-01-28:07:29:38	root	INFO	[Functions.py:221]	Event, do find_state
2026-01-28:07:29:38	root	INFO	[Functions.py:92]	find_state method get
2026-01-28:07:29:39	root	INFO	[Functions.py:92]	find_state method event
2026-01-28:07:29:39	root	INFO	[Functions.py:319]	We need to trigger [mouseover] on //*[@id="gbwa"]
2026-01-28:07:29:39	root	WARNING	[Functions.py:390]	Warning Unhandled event mouseover 
2026-01-28:07:29:39	root	ERROR	[Classes.py:562]	'WebDriver' object has no attribute 'switch_to_alert'
2026-01-28:07:29:39	root	ERROR	[Classes.py:564]	Top level error while crawling
2026-01-28:07:29:39	root	WARNING	[Classes.py:1289]	Falling back to GET
2026-01-28:07:29:39	root	INFO	[Functions.py:165]	Check edge: [get] https://google.com -(event Event(mouseover, //*[@id="gbwa"])[False])-> [event] https://google.com
2026-01-28:07:29:39	root	INFO	[Functions.py:209]	Follow edge: [get] https://google.com -(event Event(mouseover, //*[@id="gbwa"])[False])-> [event] https://google.com
2026-01-28:07:29:39	root	INFO	[Functions.py:221]	Event, do find_state
2026-01-28:07:29:39	root	INFO	[Functions.py:92]	find_state method get
2026-01-28:07:29:39	root	INFO	[Functions.py:92]	find_state method event
2026-01-28:07:29:39	root	INFO	[Functions.py:319]	We need to trigger [mouseover] on //*[@id="gbwa"]
2026-01-28:07:29:39	root	WARNING	[Functions.py:390]	Warning Unhandled event mouseover 
2026-01-28:07:29:40	root	ERROR	[Classes.py:562]	'WebDriver' object has no attribute 'switch_to_alert'
2026-01-28:07:29:40	root	ERROR	[Classes.py:564]	Top level error while crawling
2026-01-28:07:29:40	root	INFO	[Functions.py:165]	Check edge: [get] https://google.com -(event Event(click, /html/body/div[2]/div[4]/form/div/div/div[2]/div[4]/div[6]/center/input[2])[False])-> [event] https://google.com
2026-01-28:07:29:40	root	INFO	[Functions.py:209]	Follow edge: [get] https://google.com -(event Event(click, /html/body/div[2]/div[4]/form/div/div/div[2]/div[4]/div[6]/center/input[2])[False])-> [event] https://google.com
2026-01-28:07:29:40	root	INFO	[Functions.py:221]	Event, do find_state
2026-01-28:07:29:40	root	INFO	[Functions.py:92]	find_state method get
2026-01-28:07:29:40	root	INFO	[Functions.py:92]	find_state method event
2026-01-28:07:29:40	root	INFO	[Functions.py:319]	We need to trigger [click] on /html/body/div[2]/div[4]/form/div/div/div[2]/div[4]/div[6]/center/input[2]
2026-01-28:07:29:40	root	ERROR	[Classes.py:562]	'WebDriver' object has no attribute 'switch_to_alert'
2026-01-28:07:29:40	root	ERROR	[Classes.py:564]	Top level error while crawling
2026-01-28:07:29:40	root	WARNING	[Classes.py:1289]	Falling back to GET
2026-01-28:07:29:40	root	INFO	[Functions.py:165]	Check edge: [get] https://google.com -(event Event(mouseover, //*[@id="gbwa"])[False])-> [event] https://google.com
2026-01-28:07:29:40	root	INFO	[Functions.py:209]	Follow edge: [get] https://google.com -(event Event(mouseover, //*[@id="gbwa"])[False])-> [event] https://google.com
2026-01-28:07:29:40	root	INFO	[Functions.py:221]	Event, do find_state
2026-01-28:07:29:40	root	INFO	[Functions.py:92]	find_state method get
2026-01-28:07:29:41	root	INFO	[Functions.py:92]	find_state method event
2026-01-28:07:29:41	root	INFO	[Functions.py:319]	We need to trigger [mouseover] on //*[@id="gbwa"]
2026-01-28:07:29:41	root	WARNING	[Functions.py:390]	Warning Unhandled event mouseover 
2026-01-28:07:29:41	root	ERROR	[Classes.py:562]	'WebDriver' object has no attribute 'switch_to_alert'
2026-01-28:07:29:41	root	ERROR	[Classes.py:564]	Top level error while crawling
2026-01-28:07:29:41	root	WARNING	[Classes.py:1289]	Falling back to GET
2026-01-28:07:29:41	root	INFO	[Functions.py:165]	Check edge: [get] https://google.com -(event Event(mouseover, //*[@id="gbwa"])[False])-> [event] https://google.com
2026-01-28:07:29:41	root	INFO	[Functions.py:209]	Follow edge: [get] https://google.com -(event Event(mouseover, //*[@id="gbwa"])[False])-> [event] https://google.com
2026-01-28:07:29:41	root	INFO	[Functions.py:221]	Event, do find_state
2026-01-28:07:29:41	root	INFO	[Functions.py:92]	find_state method get
2026-01-28:07:29:42	root	INFO	[Functions.py:92]	find_state method event
2026-01-28:07:29:42	root	INFO	[Functions.py:319]	We need to trigger [mouseover] on //*[@id="gbwa"]
2026-01-28:07:29:42	root	WARNING	[Functions.py:390]	Warning Unhandled event mouseover 
2026-01-28:07:29:42	root	ERROR	[Classes.py:562]	'WebDriver' object has no attribute 'switch_to_alert'
2026-01-28:07:29:42	root	ERROR	[Classes.py:564]	Top level error while crawling
2026-01-28:07:29:42	root	WARNING	[Classes.py:1289]	Falling back to GET
2026-01-28:07:29:42	root	INFO	[Functions.py:165]	Check edge: [get] https://google.com -(event Event(mouseover, //*[@id="gbwa"])[False])-> [event] https://google.com
2026-01-28:07:29:42	root	INFO	[Functions.py:209]	Follow edge: [get] https://google.com -(event Event(mouseover, //*[@id="gbwa"])[False])-> [event] https://google.com
2026-01-28:07:29:42	root	INFO	[Functions.py:221]	Event, do find_state
2026-01-28:07:29:42	root	INFO	[Functions.py:92]	find_state method get
2026-01-28:07:29:43	root	INFO	[Functions.py:92]	find_state method event
2026-01-28:07:29:43	root	INFO	[Functions.py:319]	We need to trigger [mouseover] on //*[@id="gbwa"]
2026-01-28:07:29:43	root	WARNING	[Functions.py:390]	Warning Unhandled event mouseover 
2026-01-28:07:29:43	root	ERROR	[Classes.py:562]	'WebDriver' object has no attribute 'switch_to_alert'
2026-01-28:07:29:43	root	ERROR	[Classes.py:564]	Top level error while crawling
2026-01-28:07:29:43	root	WARNING	[Classes.py:1289]	Falling back to GET
2026-01-28:07:29:43	root	INFO	[Functions.py:165]	Check edge: [get] https://google.com -(event Event(mouseover, //*[@id="gbwa"])[False])-> [event] https://google.com
2026-01-28:07:29:43	root	INFO	[Functions.py:209]	Follow edge: [get] https://google.com -(event Event(mouseover, //*[@id="gbwa"])[False])-> [event] https://google.com
2026-01-28:07:29:43	root	INFO	[Functions.py:221]	Event, do find_state
2026-01-28:07:29:43	root	INFO	[Functions.py:92]	find_state method get
2026-01-28:07:29:43	root	INFO	[Functions.py:92]	find_state method event
2026-01-28:07:29:43	root	INFO	[Functions.py:319]	We need to trigger [mouseover] on //*[@id="gbwa"]
2026-01-28:07:29:43	root	WARNING	[Functions.py:390]	Warning Unhandled event mouseover 
2026-01-28:07:29:43	root	ERROR	[Classes.py:562]	'WebDriver' object has no attribute 'switch_to_alert'
2026-01-28:07:29:43	root	ERROR	[Classes.py:564]	Top level error while crawling
2026-01-28:07:29:43	root	INFO	[Functions.py:165]	Check edge: [get] https://google.com -(event Event(click, /html/body/div[2]/div[4]/form/div/div/div[2]/div[4]/div[6]/center/input[2])[False])-> [event] https://google.com
2026-01-28:07:29:43	root	INFO	[Functions.py:209]	Follow edge: [get] https://google.com -(event Event(click, /html/body/div[2]/div[4]/form/div/div/div[2]/div[4]/div[6]/center/input[2])[False])-> [event] https://google.com
2026-01-28:07:29:43	root	INFO	[Functions.py:221]	Event, do find_state
2026-01-28:07:29:43	root	INFO	[Functions.py:92]	find_state method get
2026-01-28:07:29:44	root	INFO	[Functions.py:92]	find_state method event
2026-01-28:07:29:44	root	INFO	[Functions.py:319]	We need to trigger [click] on /html/body/div[2]/div[4]/form/div/div/div[2]/div[4]/div[6]/center/input[2]
2026-01-28:07:29:44	root	ERROR	[Classes.py:562]	'WebDriver' object has no attribute 'switch_to_alert'
2026-01-28:07:29:44	root	ERROR	[Classes.py:564]	Top level error while crawling
2026-01-28:07:29:44	root	WARNING	[Classes.py:1289]	Falling back to GET
2026-01-28:07:29:44	root	INFO	[Functions.py:165]	Check edge: [get] https://google.com -(event Event(mouseover, //*[@id="gbwa"])[False])-> [event] https://google.com
2026-01-28:07:29:44	root	INFO	[Functions.py:209]	Follow edge: [get] https://google.com -(event Event(mouseover, //*[@id="gbwa"])[False])-> [event] https://google.com
2026-01-28:07:29:44	root	INFO	[Functions.py:221]	Event, do find_state
2026-01-28:07:29:44	root	INFO	[Functions.py:92]	find_state method get
2026-01-28:07:29:44	root	INFO	[Functions.py:92]	find_state method event
2026-01-28:07:29:44	root	INFO	[Functions.py:319]	We need to trigger [mouseover] on //*[@id="gbwa"]
2026-01-28:07:29:44	root	WARNING	[Functions.py:390]	Warning Unhandled event mouseover 
2026-01-28:07:29:44	root	ERROR	[Classes.py:562]	'WebDriver' object has no attribute 'switch_to_alert'
2026-01-28:07:29:44	root	ERROR	[Classes.py:564]	Top level error while crawling
2026-01-28:07:29:44	root	WARNING	[Classes.py:1289]	Falling back to GET
2026-01-28:07:29:44	root	INFO	[Functions.py:165]	Check edge: [get] https://google.com -(event Event(mouseover, //*[@id="gbwa"])[False])-> [event] https://google.com
2026-01-28:07:29:44	root	INFO	[Functions.py:209]	Follow edge: [get] https://google.com -(event Event(mouseover, //*[@id="gbwa"])[False])-> [event] https://google.com
2026-01-28:07:29:44	root	INFO	[Functions.py:221]	Event, do find_state
2026-01-28:07:29:44	root	INFO	[Functions.py:92]	find_state method get
2026-01-28:07:29:45	root	INFO	[Functions.py:92]	find_state method event
2026-01-28:07:29:45	root	INFO	[Functions.py:319]	We need to trigger [mouseover] on //*[@id="gbwa"]
2026-01-28:07:29:45	root	WARNING	[Functions.py:390]	Warning Unhandled event mouseover 
2026-01-28:07:29:45	root	ERROR	[Classes.py:562]	'WebDriver' object has no attribute 'switch_to_alert'
2026-01-28:07:29:45	root	ERROR	[Classes.py:564]	Top level error while crawling
2026-01-28:07:29:45	root	WARNING	[Classes.py:1289]	Falling back to GET
2026-01-28:07:29:45	root	INFO	[Functions.py:165]	Check edge: [get] https://google.com -(event Event(mouseover, //*[@id="gbwa"])[False])-> [event] https://google.com
2026-01-28:07:29:45	root	INFO	[Functions.py:209]	Follow edge: [get] https://google.com -(event Event(mouseover, //*[@id="gbwa"])[False])-> [event] https://google.com
2026-01-28:07:29:45	root	INFO	[Functions.py:221]	Event, do find_state
2026-01-28:07:29:45	root	INFO	[Functions.py:92]	find_state method get
2026-01-28:07:29:46	root	INFO	[Functions.py:92]	find_state method event
2026-01-28:07:29:46	root	INFO	[Functions.py:319]	We need to trigger [mouseover] on //*[@id="gbwa"]
2026-01-28:07:29:46	root	WARNING	[Functions.py:390]	Warning Unhandled event mouseover 
2026-01-28:07:29:46	root	ERROR	[Classes.py:562]	'WebDriver' object has no attribute 'switch_to_alert'
2026-01-28:07:29:46	root	ERROR	[Classes.py:564]	Top level error while crawling
2026-01-28:07:29:46	root	INFO	[Functions.py:165]	Check edge: [get] https://google.com -(event Event(click, /html/body/div[2]/div[4]/form/div/div/div[2]/div[4]/div[6]/center/input[2])[False])-> [event] https://google.com
2026-01-28:07:29:46	root	INFO	[Functions.py:209]	Follow edge: [get] https://google.com -(event Event(click, /html/body/div[2]/div[4]/form/div/div/div[2]/div[4]/div[6]/center/input[2])[False])-> [event] https://google.com
2026-01-28:07:29:46	root	INFO	[Functions.py:221]	Event, do find_state
2026-01-28:07:29:46	root	INFO	[Functions.py:92]	find_state method get
2026-01-28:07:29:47	root	INFO	[Functions.py:92]	find_state method event
2026-01-28:07:29:47	root	INFO	[Functions.py:319]	We need to trigger [click] on /html/body/div[2]/div[4]/form/div/div/div[2]/div[4]/div[6]/center/input[2]
2026-01-28:07:29:47	root	ERROR	[Classes.py:562]	'WebDriver' object has no attribute 'switch_to_alert'
2026-01-28:07:29:47	root	ERROR	[Classes.py:564]	Top level error while crawling
2026-01-28:07:29:47	root	WARNING	[Classes.py:1289]	Falling back to GET
2026-01-28:07:29:47	root	INFO	[Functions.py:165]	Check edge: [get] https://google.com -(event Event(mouseover, //*[@id="gbwa"])[False])-> [event] https://google.com
2026-01-28:07:29:47	root	INFO	[Functions.py:209]	Follow edge: [get] https://google.com -(event Event(mouseover, //*[@id="gbwa"])[False])-> [event] https://google.com
2026-01-28:07:29:47	root	INFO	[Functions.py:221]	Event, do find_state
2026-01-28:07:29:47	root	INFO	[Functions.py:92]	find_state method get
2026-01-28:07:29:47	root	INFO	[Functions.py:92]	find_state method event
2026-01-28:07:29:47	root	INFO	[Functions.py:319]	We need to trigger [mouseover] on //*[@id="gbwa"]
2026-01-28:07:29:47	root	WARNING	[Functions.py:390]	Warning Unhandled event mouseover 
2026-01-28:07:29:47	root	ERROR	[Classes.py:562]	'WebDriver' object has no attribute 'switch_to_alert'
2026-01-28:07:29:47	root	ERROR	[Classes.py:564]	Top level error while crawling
2026-01-28:07:29:47	root	WARNING	[Classes.py:1289]	Falling back to GET
2026-01-28:07:29:47	root	INFO	[Functions.py:165]	Check edge: [get] https://google.com -(event Event(mouseover, //*[@id="gbwa"])[False])-> [event] https://google.com
2026-01-28:07:29:47	root	INFO	[Functions.py:209]	Follow edge: [get] https://google.com -(event Event(mouseover, //*[@id="gbwa"])[False])-> [event] https://google.com
2026-01-28:07:29:47	root	INFO	[Functions.py:221]	Event, do find_state
2026-01-28:07:29:47	root	INFO	[Functions.py:92]	find_state method get
2026-01-28:07:29:48	root	INFO	[Functions.py:92]	find_state method event
2026-01-28:07:29:48	root	INFO	[Functions.py:319]	We need to trigger [mouseover] on //*[@id="gbwa"]
2026-01-28:07:29:48	root	WARNING	[Functions.py:390]	Warning Unhandled event mouseover 
2026-01-28:07:29:48	root	ERROR	[Classes.py:562]	'WebDriver' object has no attribute 'switch_to_alert'
2026-01-28:07:29:48	root	ERROR	[Classes.py:564]	Top level error while crawling
2026-01-28:07:29:48	root	WARNING	[Classes.py:1289]	Falling back to GET
2026-01-28:07:29:48	root	INFO	[Functions.py:165]	Check edge: [get] https://google.com -(event Event(mouseover, //*[@id="gbwa"])[False])-> [event] https://google.com
2026-01-28:07:29:48	root	INFO	[Functions.py:209]	Follow edge: [get] https://google.com -(event Event(mouseover, //*[@id="gbwa"])[False])-> [event] https://google.com
2026-01-28:07:29:48	root	INFO	[Functions.py:221]	Event, do find_state
2026-01-28:07:29:48	root	INFO	[Functions.py:92]	find_state method get
2026-01-28:07:29:49	root	INFO	[Functions.py:92]	find_state method event
2026-01-28:07:29:49	root	INFO	[Functions.py:319]	We need to trigger [mouseover] on //*[@id="gbwa"]
2026-01-28:07:29:49	root	WARNING	[Functions.py:390]	Warning Unhandled event mouseover 
2026-01-28:07:29:49	root	ERROR	[Classes.py:562]	'WebDriver' object has no attribute 'switch_to_alert'
2026-01-28:07:29:49	root	ERROR	[Classes.py:564]	Top level error while crawling
2026-01-28:07:29:49	root	WARNING	[Classes.py:1289]	Falling back to GET
2026-01-28:07:29:49	root	INFO	[Functions.py:165]	Check edge: [get] https://google.com -(event Event(mouseover, //*[@id="gbwa"])[False])-> [event] https://google.com
2026-01-28:07:29:49	root	INFO	[Functions.py:209]	Follow edge: [get] https://google.com -(event Event(mouseover, //*[@id="gbwa"])[False])-> [event] https://google.com
2026-01-28:07:29:49	root	INFO	[Functions.py:221]	Event, do find_state
2026-01-28:07:29:49	root	INFO	[Functions.py:92]	find_state method get
2026-01-28:07:29:50	root	INFO	[Functions.py:92]	find_state method event
2026-01-28:07:29:50	root	INFO	[Functions.py:319]	We need to trigger [mouseover] on //*[@id="gbwa"]
2026-01-28:07:29:50	root	WARNING	[Functions.py:390]	Warning Unhandled event mouseover 
2026-01-28:07:29:50	root	ERROR	[Classes.py:562]	'WebDriver' object has no attribute 'switch_to_alert'
2026-01-28:07:29:50	root	ERROR	[Classes.py:564]	Top level error while crawling
2026-01-28:07:29:50	root	INFO	[Functions.py:165]	Check edge: [get] https://google.com -(event Event(click, /html/body/div[2]/div[4]/form/div/div/div[2]/div[4]/div[6]/center/input[2])[False])-> [event] https://google.com
2026-01-28:07:29:50	root	INFO	[Functions.py:209]	Follow edge: [get] https://google.com -(event Event(click, /html/body/div[2]/div[4]/form/div/div/div[2]/div[4]/div[6]/center/input[2])[False])-> [event] https://google.com
2026-01-28:07:29:50	root	INFO	[Functions.py:221]	Event, do find_state
2026-01-28:07:29:50	root	INFO	[Functions.py:92]	find_state method get
2026-01-28:07:29:51	root	INFO	[Functions.py:92]	find_state method event
2026-01-28:07:29:51	root	INFO	[Functions.py:319]	We need to trigger [click] on /html/body/div[2]/div[4]/form/div/div/div[2]/div[4]/div[6]/center/input[2]
2026-01-28:07:29:51	root	ERROR	[Classes.py:562]	'WebDriver' object has no attribute 'switch_to_alert'
2026-01-28:07:29:51	root	ERROR	[Classes.py:564]	Top level error while crawling
2026-01-28:07:29:51	root	INFO	[Functions.py:165]	Check edge: [get] https://google.com -(event Event(click, /html/body/div[2]/div[4]/form/div/div/div[2]/div[4]/div[6]/center/input[2])[False])-> [event] https://google.com
2026-01-28:07:29:51	root	INFO	[Functions.py:209]	Follow edge: [get] https://google.com -(event Event(click, /html/body/div[2]/div[4]/form/div/div/div[2]/div[4]/div[6]/center/input[2])[False])-> [event] https://google.com
2026-01-28:07:29:51	root	INFO	[Functions.py:221]	Event, do find_state
2026-01-28:07:29:51	root	INFO	[Functions.py:92]	find_state method get
2026-01-28:07:29:52	root	INFO	[Functions.py:92]	find_state method event
2026-01-28:07:29:52	root	INFO	[Functions.py:319]	We need to trigger [click] on /html/body/div[2]/div[4]/form/div/div/div[2]/div[4]/div[6]/center/input[2]
2026-01-28:07:29:52	root	ERROR	[Classes.py:562]	'WebDriver' object has no attribute 'switch_to_alert'
2026-01-28:07:29:52	root	ERROR	[Classes.py:564]	Top level error while crawling
2026-01-28:07:29:52	root	WARNING	[Classes.py:1289]	Falling back to GET
2026-01-28:07:29:52	root	INFO	[Functions.py:165]	Check edge: [get] https://google.com -(event Event(mouseover, //*[@id="gbwa"])[False])-> [event] https://google.com
2026-01-28:07:29:52	root	INFO	[Functions.py:209]	Follow edge: [get] https://google.com -(event Event(mouseover, //*[@id="gbwa"])[False])-> [event] https://google.com
2026-01-28:07:29:52	root	INFO	[Functions.py:221]	Event, do find_state
2026-01-28:07:29:52	root	INFO	[Functions.py:92]	find_state method get
2026-01-28:07:29:52	root	INFO	[Functions.py:92]	find_state method event
2026-01-28:07:29:52	root	INFO	[Functions.py:319]	We need to trigger [mouseover] on //*[@id="gbwa"]
2026-01-28:07:29:52	root	WARNING	[Functions.py:390]	Warning Unhandled event mouseover 
2026-01-28:07:29:52	root	ERROR	[Classes.py:562]	'WebDriver' object has no attribute 'switch_to_alert'
2026-01-28:07:29:52	root	ERROR	[Classes.py:564]	Top level error while crawling
2026-01-28:07:29:52	root	INFO	[Functions.py:165]	Check edge: [get] https://google.com -(event Event(click, /html/body/div[2]/div[4]/form/div/div/div[2]/div[4]/div[6]/center/input[2])[False])-> [event] https://google.com
2026-01-28:07:29:52	root	INFO	[Functions.py:209]	Follow edge: [get] https://google.com -(event Event(click, /html/body/div[2]/div[4]/form/div/div/div[2]/div[4]/div[6]/center/input[2])[False])-> [event] https://google.com
2026-01-28:07:29:52	root	INFO	[Functions.py:221]	Event, do find_state
2026-01-28:07:29:52	root	INFO	[Functions.py:92]	find_state method get
2026-01-28:07:29:53	root	INFO	[Functions.py:92]	find_state method event
2026-01-28:07:29:53	root	INFO	[Functions.py:319]	We need to trigger [click] on /html/body/div[2]/div[4]/form/div/div/div[2]/div[4]/div[6]/center/input[2]
2026-01-28:07:29:53	root	ERROR	[Classes.py:562]	'WebDriver' object has no attribute 'switch_to_alert'
2026-01-28:07:29:53	root	ERROR	[Classes.py:564]	Top level error while crawling
2026-01-28:07:29:53	root	WARNING	[Classes.py:1289]	Falling back to GET
2026-01-28:07:29:53	root	INFO	[Functions.py:165]	Check edge: [get] https://google.com -(event Event(mouseover, //*[@id="gbwa"])[False])-> [event] https://google.com
2026-01-28:07:29:53	root	INFO	[Functions.py:209]	Follow edge: [get] https://google.com -(event Event(mouseover, //*[@id="gbwa"])[False])-> [event] https://google.com
2026-01-28:07:29:53	root	INFO	[Functions.py:221]	Event, do find_state
2026-01-28:07:29:53	root	INFO	[Functions.py:92]	find_state method get
2026-01-28:07:29:53	root	INFO	[Functions.py:92]	find_state method event
2026-01-28:07:29:53	root	INFO	[Functions.py:319]	We need to trigger [mouseover] on //*[@id="gbwa"]
2026-01-28:07:29:53	root	WARNING	[Functions.py:390]	Warning Unhandled event mouseover 
2026-01-28:07:29:53	root	ERROR	[Classes.py:562]	'WebDriver' object has no attribute 'switch_to_alert'
2026-01-28:07:29:53	root	ERROR	[Classes.py:564]	Top level error while crawling
2026-01-28:07:29:53	root	INFO	[Functions.py:165]	Check edge: [get] https://google.com -(event Event(click, /html/body/div[2]/div[4]/form/div/div/div[2]/div[4]/div[6]/center/input[2])[False])-> [event] https://google.com
2026-01-28:07:29:53	root	INFO	[Functions.py:209]	Follow edge: [get] https://google.com -(event Event(click, /html/body/div[2]/div[4]/form/div/div/div[2]/div[4]/div[6]/center/input[2])[False])-> [event] https://google.com
2026-01-28:07:29:53	root	INFO	[Functions.py:221]	Event, do find_state
2026-01-28:07:29:53	root	INFO	[Functions.py:92]	find_state method get
2026-01-28:07:29:54	root	INFO	[Functions.py:92]	find_state method event
2026-01-28:07:29:54	root	INFO	[Functions.py:319]	We need to trigger [click] on /html/body/div[2]/div[4]/form/div/div/div[2]/div[4]/div[6]/center/input[2]
2026-01-28:07:29:54	root	ERROR	[Classes.py:562]	'WebDriver' object has no attribute 'switch_to_alert'
2026-01-28:07:29:54	root	ERROR	[Classes.py:564]	Top level error while crawling
2026-01-28:07:29:54	root	WARNING	[Classes.py:1289]	Falling back to GET
2026-01-28:07:29:54	root	INFO	[Functions.py:165]	Check edge: [get] https://google.com -(event Event(mouseover, //*[@id="gbwa"])[False])-> [event] https://google.com
2026-01-28:07:29:54	root	INFO	[Functions.py:209]	Follow edge: [get] https://google.com -(event Event(mouseover, //*[@id="gbwa"])[False])-> [event] https://google.com
2026-01-28:07:29:54	root	INFO	[Functions.py:221]	Event, do find_state
2026-01-28:07:29:54	root	INFO	[Functions.py:92]	find_state method get
2026-01-28:07:29:55	root	INFO	[Functions.py:92]	find_state method event
2026-01-28:07:29:55	root	INFO	[Functions.py:319]	We need to trigger [mouseover] on //*[@id="gbwa"]
2026-01-28:07:29:55	root	WARNING	[Functions.py:390]	Warning Unhandled event mouseover 
2026-01-28:07:29:55	root	ERROR	[Classes.py:562]	'WebDriver' object has no attribute 'switch_to_alert'
2026-01-28:07:29:55	root	ERROR	[Classes.py:564]	Top level error while crawling
2026-01-28:07:29:55	root	WARNING	[Classes.py:1289]	Falling back to GET
2026-01-28:07:29:55	root	INFO	[Functions.py:165]	Check edge: [get] https://google.com -(event Event(mouseover, //*[@id="gbwa"])[False])-> [event] https://google.com
2026-01-28:07:29:55	root	INFO	[Functions.py:209]	Follow edge: [get] https://google.com -(event Event(mouseover, //*[@id="gbwa"])[False])-> [event] https://google.com
2026-01-28:07:29:55	root	INFO	[Functions.py:221]	Event, do find_state
2026-01-28:07:29:55	root	INFO	[Functions.py:92]	find_state method get
2026-01-28:07:29:56	root	INFO	[Functions.py:92]	find_state method event
2026-01-28:07:29:56	root	INFO	[Functions.py:319]	We need to trigger [mouseover] on //*[@id="gbwa"]
2026-01-28:07:29:56	root	WARNING	[Functions.py:390]	Warning Unhandled event mouseover 
2026-01-28:07:29:56	root	ERROR	[Classes.py:562]	'WebDriver' object has no attribute 'switch_to_alert'
2026-01-28:07:29:56	root	ERROR	[Classes.py:564]	Top level error while crawling
2026-01-28:07:29:56	root	WARNING	[Classes.py:1289]	Falling back to GET
2026-01-28:07:29:56	root	INFO	[Functions.py:165]	Check edge: [get] https://google.com -(event Event(mouseover, //*[@id="gbwa"])[False])-> [event] https://google.com
2026-01-28:07:29:56	root	INFO	[Functions.py:209]	Follow edge: [get] https://google.com -(event Event(mouseover, //*[@id="gbwa"])[False])-> [event] https://google.com
2026-01-28:07:29:56	root	INFO	[Functions.py:221]	Event, do find_state
2026-01-28:07:29:56	root	INFO	[Functions.py:92]	find_state method get
2026-01-28:07:29:57	root	INFO	[Functions.py:92]	find_state method event
2026-01-28:07:29:57	root	INFO	[Functions.py:319]	We need to trigger [mouseover] on //*[@id="gbwa"]
2026-01-28:07:29:57	root	WARNING	[Functions.py:390]	Warning Unhandled event mouseover 
2026-01-28:07:29:57	root	ERROR	[Classes.py:562]	'WebDriver' object has no attribute 'switch_to_alert'
2026-01-28:07:29:57	root	ERROR	[Classes.py:564]	Top level error while crawling
2026-01-28:07:29:57	root	WARNING	[Classes.py:1289]	Falling back to GET
2026-01-28:07:29:57	root	INFO	[Functions.py:165]	Check edge: [get] https://google.com -(event Event(mouseover, //*[@id="gbwa"])[False])-> [event] https://google.com
2026-01-28:07:29:57	root	INFO	[Functions.py:209]	Follow edge: [get] https://google.com -(event Event(mouseover, //*[@id="gbwa"])[False])-> [event] https://google.com
2026-01-28:07:29:57	root	INFO	[Functions.py:221]	Event, do find_state
2026-01-28:07:29:57	root	INFO	[Functions.py:92]	find_state method get
2026-01-28:07:29:58	root	INFO	[Functions.py:92]	find_state method event
2026-01-28:07:29:58	root	INFO	[Functions.py:319]	We need to trigger [mouseover] on //*[@id="gbwa"]
2026-01-28:07:29:58	root	WARNING	[Functions.py:390]	Warning Unhandled event mouseover 
2026-01-28:07:29:58	root	ERROR	[Classes.py:562]	'WebDriver' object has no attribute 'switch_to_alert'
2026-01-28:07:29:58	root	ERROR	[Classes.py:564]	Top level error while crawling
2026-01-28:07:29:58	root	WARNING	[Classes.py:1289]	Falling back to GET
2026-01-28:07:29:58	root	INFO	[Functions.py:165]	Check edge: [get] https://google.com -(event Event(mouseover, //*[@id="gbwa"])[False])-> [event] https://google.com
2026-01-28:07:29:58	root	INFO	[Functions.py:209]	Follow edge: [get] https://google.com -(event Event(mouseover, //*[@id="gbwa"])[False])-> [event] https://google.com
2026-01-28:07:29:58	root	INFO	[Functions.py:221]	Event, do find_state
2026-01-28:07:29:58	root	INFO	[Functions.py:92]	find_state method get
2026-01-28:07:29:59	root	INFO	[Functions.py:92]	find_state method event
2026-01-28:07:29:59	root	INFO	[Functions.py:319]	We need to trigger [mouseover] on //*[@id="gbwa"]
2026-01-28:07:29:59	root	WARNING	[Functions.py:390]	Warning Unhandled event mouseover 
2026-01-28:07:29:59	root	ERROR	[Classes.py:562]	'WebDriver' object has no attribute 'switch_to_alert'
2026-01-28:07:29:59	root	ERROR	[Classes.py:564]	Top level error while crawling
2026-01-28:07:29:59	root	WARNING	[Classes.py:1289]	Falling back to GET
2026-01-28:07:29:59	root	INFO	[Functions.py:165]	Check edge: [get] https://google.com -(event Event(mouseover, //*[@id="gbwa"])[False])-> [event] https://google.com
2026-01-28:07:29:59	root	INFO	[Functions.py:209]	Follow edge: [get] https://google.com -(event Event(mouseover, //*[@id="gbwa"])[False])-> [event] https://google.com
2026-01-28:07:29:59	root	INFO	[Functions.py:221]	Event, do find_state
2026-01-28:07:29:59	root	INFO	[Functions.py:92]	find_state method get
2026-01-28:07:29:59	root	INFO	[Functions.py:92]	find_state method event
2026-01-28:07:29:59	root	INFO	[Functions.py:319]	We need to trigger [mouseover] on //*[@id="gbwa"]
2026-01-28:07:29:59	root	WARNING	[Functions.py:390]	Warning Unhandled event mouseover 
2026-01-28:07:29:59	root	ERROR	[Classes.py:562]	'WebDriver' object has no attribute 'switch_to_alert'
2026-01-28:07:29:59	root	ERROR	[Classes.py:564]	Top level error while crawling
2026-01-28:07:29:59	root	WARNING	[Classes.py:1289]	Falling back to GET
2026-01-28:07:29:59	root	INFO	[Functions.py:165]	Check edge: [get] https://google.com -(event Event(mouseover, //*[@id="gbwa"])[False])-> [event] https://google.com
2026-01-28:07:29:59	root	INFO	[Functions.py:209]	Follow edge: [get] https://google.com -(event Event(mouseover, //*[@id="gbwa"])[False])-> [event] https://google.com
2026-01-28:07:29:59	root	INFO	[Functions.py:221]	Event, do find_state
2026-01-28:07:29:59	root	INFO	[Functions.py:92]	find_state method get
2026-01-28:07:30:00	root	INFO	[Functions.py:92]	find_state method event
2026-01-28:07:30:00	root	INFO	[Functions.py:319]	We need to trigger [mouseover] on //*[@id="gbwa"]
2026-01-28:07:30:00	root	WARNING	[Functions.py:390]	Warning Unhandled event mouseover 
2026-01-28:07:30:00	root	ERROR	[Classes.py:562]	'WebDriver' object has no attribute 'switch_to_alert'
2026-01-28:07:30:00	root	ERROR	[Classes.py:564]	Top level error while crawling
2026-01-28:07:30:00	root	WARNING	[Classes.py:1289]	Falling back to GET
2026-01-28:07:30:00	root	INFO	[Functions.py:165]	Check edge: [get] https://google.com -(event Event(mouseover, //*[@id="gbwa"])[False])-> [event] https://google.com
2026-01-28:07:30:00	root	INFO	[Functions.py:209]	Follow edge: [get] https://google.com -(event Event(mouseover, //*[@id="gbwa"])[False])-> [event] https://google.com
2026-01-28:07:30:00	root	INFO	[Functions.py:221]	Event, do find_state
2026-01-28:07:30:00	root	INFO	[Functions.py:92]	find_state method get
2026-01-28:07:30:01	root	INFO	[Functions.py:92]	find_state method event
2026-01-28:07:30:01	root	INFO	[Functions.py:319]	We need to trigger [mouseover] on //*[@id="gbwa"]
2026-01-28:07:30:01	root	WARNING	[Functions.py:390]	Warning Unhandled event mouseover 
2026-01-28:07:30:01	root	ERROR	[Classes.py:562]	'WebDriver' object has no attribute 'switch_to_alert'
2026-01-28:07:30:01	root	ERROR	[Classes.py:564]	Top level error while crawling
2026-01-28:07:30:01	root	INFO	[Functions.py:165]	Check edge: [get] https://google.com -(event Event(click, /html/body/div[2]/div[4]/form/div/div/div[2]/div[4]/div[6]/center/input[2])[False])-> [event] https://google.com
2026-01-28:07:30:01	root	INFO	[Functions.py:209]	Follow edge: [get] https://google.com -(event Event(click, /html/body/div[2]/div[4]/form/div/div/div[2]/div[4]/div[6]/center/input[2])[False])-> [event] https://google.com
2026-01-28:07:30:01	root	INFO	[Functions.py:221]	Event, do find_state
2026-01-28:07:30:01	root	INFO	[Functions.py:92]	find_state method get
2026-01-28:07:30:01	root	INFO	[Functions.py:92]	find_state method event
2026-01-28:07:30:01	root	INFO	[Functions.py:319]	We need to trigger [click] on /html/body/div[2]/div[4]/form/div/div/div[2]/div[4]/div[6]/center/input[2]
2026-01-28:07:30:01	root	ERROR	[Classes.py:562]	'WebDriver' object has no attribute 'switch_to_alert'
2026-01-28:07:30:01	root	ERROR	[Classes.py:564]	Top level error while crawling
2026-01-28:07:30:01	root	WARNING	[Classes.py:1289]	Falling back to GET
2026-01-28:07:30:01	root	INFO	[Functions.py:165]	Check edge: [get] https://google.com -(event Event(mouseover, //*[@id="gbwa"])[False])-> [event] https://google.com
2026-01-28:07:30:01	root	INFO	[Functions.py:209]	Follow edge: [get] https://google.com -(event Event(mouseover, //*[@id="gbwa"])[False])-> [event] https://google.com
2026-01-28:07:30:01	root	INFO	[Functions.py:221]	Event, do find_state
2026-01-28:07:30:01	root	INFO	[Functions.py:92]	find_state method get
2026-01-28:07:30:02	root	INFO	[Functions.py:92]	find_state method event
2026-01-28:07:30:02	root	INFO	[Functions.py:319]	We need to trigger [mouseover] on //*[@id="gbwa"]
2026-01-28:07:30:02	root	WARNING	[Functions.py:390]	Warning Unhandled event mouseover 
2026-01-28:07:30:02	root	ERROR	[Classes.py:562]	'WebDriver' object has no attribute 'switch_to_alert'
2026-01-28:07:30:02	root	ERROR	[Classes.py:564]	Top level error while crawling
2026-01-28:07:30:02	root	INFO	[Functions.py:165]	Check edge: [get] https://google.com -(event Event(click, /html/body/div[2]/div[4]/form/div/div/div[2]/div[4]/div[6]/center/input[2])[False])-> [event] https://google.com
2026-01-28:07:30:02	root	INFO	[Functions.py:209]	Follow edge: [get] https://google.com -(event Event(click, /html/body/div[2]/div[4]/form/div/div/div[2]/div[4]/div[6]/center/input[2])[False])-> [event] https://google.com
2026-01-28:07:30:02	root	INFO	[Functions.py:221]	Event, do find_state
2026-01-28:07:30:02	root	INFO	[Functions.py:92]	find_state method get
2026-01-28:07:30:03	root	INFO	[Functions.py:92]	find_state method event
2026-01-28:07:30:03	root	INFO	[Functions.py:319]	We need to trigger [click] on /html/body/div[2]/div[4]/form/div/div/div[2]/div[4]/div[6]/center/input[2]
2026-01-28:07:30:03	root	ERROR	[Classes.py:562]	'WebDriver' object has no attribute 'switch_to_alert'
2026-01-28:07:30:03	root	ERROR	[Classes.py:564]	Top level error while crawling
2026-01-28:07:30:03	root	WARNING	[Classes.py:1289]	Falling back to GET
2026-01-28:07:30:03	root	INFO	[Functions.py:165]	Check edge: [get] https://google.com -(event Event(mouseover, //*[@id="gbwa"])[False])-> [event] https://google.com
2026-01-28:07:30:03	root	INFO	[Functions.py:209]	Follow edge: [get] https://google.com -(event Event(mouseover, //*[@id="gbwa"])[False])-> [event] https://google.com
2026-01-28:07:30:03	root	INFO	[Functions.py:221]	Event, do find_state
2026-01-28:07:30:03	root	INFO	[Functions.py:92]	find_state method get
2026-01-28:07:30:04	root	INFO	[Functions.py:92]	find_state method event
2026-01-28:07:30:04	root	INFO	[Functions.py:319]	We need to trigger [mouseover] on //*[@id="gbwa"]
2026-01-28:07:30:04	root	WARNING	[Functions.py:390]	Warning Unhandled event mouseover 
2026-01-28:07:30:04	root	ERROR	[Classes.py:562]	'WebDriver' object has no attribute 'switch_to_alert'
2026-01-28:07:30:04	root	ERROR	[Classes.py:564]	Top level error while crawling
2026-01-28:07:30:04	root	INFO	[Functions.py:165]	Check edge: [get] https://google.com -(event Event(click, /html/body/div[2]/div[4]/form/div/div/div[2]/div[4]/div[6]/center/input[2])[False])-> [event] https://google.com
2026-01-28:07:30:04	root	INFO	[Functions.py:209]	Follow edge: [get] https://google.com -(event Event(click, /html/body/div[2]/div[4]/form/div/div/div[2]/div[4]/div[6]/center/input[2])[False])-> [event] https://google.com
2026-01-28:07:30:04	root	INFO	[Functions.py:221]	Event, do find_state
2026-01-28:07:30:04	root	INFO	[Functions.py:92]	find_state method get
2026-01-28:07:30:05	root	INFO	[Functions.py:92]	find_state method event
2026-01-28:07:30:05	root	INFO	[Functions.py:319]	We need to trigger [click] on /html/body/div[2]/div[4]/form/div/div/div[2]/div[4]/div[6]/center/input[2]
2026-01-28:07:30:05	root	ERROR	[Classes.py:562]	'WebDriver' object has no attribute 'switch_to_alert'
2026-01-28:07:30:05	root	ERROR	[Classes.py:564]	Top level error while crawling
2026-01-28:07:30:05	root	INFO	[Functions.py:165]	Check edge: [get] https://google.com -(event Event(click, /html/body/div[2]/div[4]/form/div/div/div[2]/div[4]/div[6]/center/input[2])[False])-> [event] https://google.com
2026-01-28:07:30:05	root	INFO	[Functions.py:209]	Follow edge: [get] https://google.com -(event Event(click, /html/body/div[2]/div[4]/form/div/div/div[2]/div[4]/div[6]/center/input[2])[False])-> [event] https://google.com
2026-01-28:07:30:05	root	INFO	[Functions.py:221]	Event, do find_state
2026-01-28:07:30:05	root	INFO	[Functions.py:92]	find_state method get
2026-01-28:07:30:07	root	INFO	[Functions.py:92]	find_state method event
2026-01-28:07:30:07	root	INFO	[Functions.py:319]	We need to trigger [click] on /html/body/div[2]/div[4]/form/div/div/div[2]/div[4]/div[6]/center/input[2]
2026-01-28:07:30:07	root	ERROR	[Classes.py:562]	'WebDriver' object has no attribute 'switch_to_alert'
2026-01-28:07:30:07	root	ERROR	[Classes.py:564]	Top level error while crawling
2026-01-28:07:30:07	root	WARNING	[Classes.py:1289]	Falling back to GET
2026-01-28:07:30:07	root	INFO	[Functions.py:165]	Check edge: [get] https://google.com -(event Event(mouseover, //*[@id="gbwa"])[False])-> [event] https://google.com
2026-01-28:07:30:07	root	INFO	[Functions.py:209]	Follow edge: [get] https://google.com -(event Event(mouseover, //*[@id="gbwa"])[False])-> [event] https://google.com
2026-01-28:07:30:07	root	INFO	[Functions.py:221]	Event, do find_state
2026-01-28:07:30:07	root	INFO	[Functions.py:92]	find_state method get
2026-01-28:07:30:08	root	INFO	[Functions.py:92]	find_state method event
2026-01-28:07:30:08	root	INFO	[Functions.py:319]	We need to trigger [mouseover] on //*[@id="gbwa"]
2026-01-28:07:30:08	root	WARNING	[Functions.py:390]	Warning Unhandled event mouseover 
2026-01-28:07:30:08	root	ERROR	[Classes.py:562]	'WebDriver' object has no attribute 'switch_to_alert'
2026-01-28:07:30:08	root	ERROR	[Classes.py:564]	Top level error while crawling
2026-01-28:07:30:08	root	WARNING	[Classes.py:1289]	Falling back to GET
2026-01-28:07:30:08	root	INFO	[Functions.py:165]	Check edge: [get] https://google.com -(event Event(mouseover, //*[@id="gbwa"])[False])-> [event] https://google.com
2026-01-28:07:30:08	root	INFO	[Functions.py:209]	Follow edge: [get] https://google.com -(event Event(mouseover, //*[@id="gbwa"])[False])-> [event] https://google.com
2026-01-28:07:30:08	root	INFO	[Functions.py:221]	Event, do find_state
2026-01-28:07:30:08	root	INFO	[Functions.py:92]	find_state method get
2026-01-28:07:30:08	root	INFO	[Functions.py:165]	Check edge: [get] ROOTREQ -(get None[True])-> [get] https://google.com
2026-01-28:07:30:08	root	INFO	[Functions.py:209]	Follow edge: [get] ROOTREQ -(get None[True])-> [get] https://google.com
