2025-12-29:20:23:26	root	INFO	[Classes.py:482]	Init crawl on https://crawler-test.com/mobile/responsive
2025-12-29:20:23:26	root	INFO	[Functions.py:165]	Check edge: [get] ROOTREQ -(get None[False])-> [get] https://crawler-test.com/mobile/responsive
2025-12-29:20:23:26	root	INFO	[Functions.py:209]	Follow edge: [get] ROOTREQ -(get None[False])-> [get] https://crawler-test.com/mobile/responsive
2025-12-29:20:23:30	root	INFO	[Classes.py:1334]	Current url: https://crawler-test.com/mobile/responsive
2025-12-29:20:23:30	root	INFO	[Classes.py:1335]	Crawl (edge): [get] ROOTREQ -(get None[False])-> [get] https://crawler-test.com/mobile/responsive
2025-12-29:20:23:31	root	WARNING	[Classes.py:1403]	Could not execute javascript function in timeout {'function_id': 'f25a6ab2e64141130d1fa4ae9512c75f', 'function_name': 'qB', 'time': 0}
2025-12-29:20:23:31	root	ERROR	[Classes.py:560]	'WebDriver' object has no attribute 'find_elements_by_tag_name'
2025-12-29:20:23:31	root	ERROR	[Classes.py:562]	Top level error while crawling
2025-12-29:20:23:31	root	INFO	[Functions.py:165]	Check edge: [get] ROOTREQ -(get None[False])-> [get] https://crawler-test.com/mobile/
2025-12-29:20:23:31	root	INFO	[Functions.py:209]	Follow edge: [get] ROOTREQ -(get None[False])-> [get] https://crawler-test.com/mobile/
2025-12-29:20:23:32	root	INFO	[Classes.py:1334]	Current url: https://crawler-test.com/mobile/
2025-12-29:20:23:32	root	INFO	[Classes.py:1335]	Crawl (edge): [get] ROOTREQ -(get None[False])-> [get] https://crawler-test.com/mobile/
2025-12-29:20:23:32	root	ERROR	[Classes.py:560]	'WebDriver' object has no attribute 'find_elements_by_tag_name'
2025-12-29:20:23:32	root	ERROR	[Classes.py:562]	Top level error while crawling
2025-12-29:20:23:32	root	WARNING	[Classes.py:1287]	Falling back to GET
2025-12-29:20:23:32	root	WARNING	[Classes.py:1287]	Falling back to GET
2025-12-29:20:23:32	root	INFO	[Functions.py:165]	Check edge: [get] ROOTREQ -(get None[False])-> [get] https://crawler-test.com/mobile/responsive
2025-12-29:20:23:32	root	INFO	[Functions.py:209]	Follow edge: [get] ROOTREQ -(get None[False])-> [get] https://crawler-test.com/mobile/responsive
2025-12-29:20:23:33	root	INFO	[Classes.py:1334]	Current url: https://crawler-test.com/mobile/responsive
2025-12-29:20:23:33	root	INFO	[Classes.py:1335]	Crawl (edge): [get] ROOTREQ -(get None[False])-> [get] https://crawler-test.com/mobile/responsive
2025-12-29:20:23:34	root	WARNING	[Classes.py:1403]	Could not execute javascript function in timeout {'function_id': 'f25a6ab2e64141130d1fa4ae9512c75f', 'function_name': 'qB', 'time': 0}
2025-12-29:20:23:34	root	ERROR	[Classes.py:560]	'WebDriver' object has no attribute 'find_elements_by_tag_name'
2025-12-29:20:23:34	root	ERROR	[Classes.py:562]	Top level error while crawling
2025-12-29:20:23:34	root	INFO	[Functions.py:165]	Check edge: [get] ROOTREQ -(get None[True])-> [get] https://crawler-test.com/mobile/responsive
2025-12-29:20:23:34	root	INFO	[Functions.py:209]	Follow edge: [get] ROOTREQ -(get None[True])-> [get] https://crawler-test.com/mobile/responsive
2025-12-29:20:23:34	root	INFO	[Classes.py:887]	find_state method get
